17:00:07 - --- Starting Grand Unified Data Ingestion ---
17:00:07 - Fetching Physics Engine Inputs (Job Losers, Income, Hours)...
17:00:29 - Fetching US Core Macro...
17:01:06 - Fetching Global Policy Inputs...
17:02:04 - Fetching Market Internals...
17:02:48 - 💾 Saved fresh data to local cache.
17:02:48 - Initializing Continuous Cole Pulse Physics Engine...
17:02:49 - Running Multivariate LSTM Forecast (CPU Execution)...
17:02:49 - Training LSTM from scratch (This may take a moment)...
17:03:13 - Saved new LSTM weights to cache.
17:03:14 - Generating Grand Unified Dashboard (Macro + Physics + 3D)...
17:03:22 - Chromium init'ed with kwargs {}
17:03:22 - Found chromium path: /home/andrew/miniconda3/envs/tf_noavx/lib/python3.9/site-packages/choreographer/cli/browser_exe/chrome-linux64/chrome
17:03:22 - Temp directory created: /tmp/tmpn8thshmc.
17:03:22 - Opening browser.
17:03:22 - Temp directory created: /tmp/tmpprczq5ow.
17:03:22 - Temporary directory at: /tmp/tmpprczq5ow
17:03:31 - Closing browser.
17:03:31 - Closing browser.
17:03:31 - TemporaryDirectory.cleanup() worked.
17:03:31 - shutil.rmtree worked.
17:03:31 - TemporaryDirectory.cleanup() worked.
17:03:31 - shutil.rmtree worked.
17:03:31 - TemporaryDirectory.cleanup() worked.
17:03:31 - shutil.rmtree worked.
17:03:31 - Chromium init'ed with kwargs {}
17:03:31 - Found chromium path: /home/andrew/miniconda3/envs/tf_noavx/lib/python3.9/site-packages/choreographer/cli/browser_exe/chrome-linux64/chrome
17:03:31 - Temp directory created: /tmp/tmpj479zizt.
17:03:31 - Opening browser.
17:03:31 - Temp directory created: /tmp/tmpllezrgog.
17:03:32 - Temporary directory at: /tmp/tmpllezrgog
17:03:37 - Closing browser.
17:03:37 - Closing browser.
17:03:37 - TemporaryDirectory.cleanup() worked.
17:03:37 - shutil.rmtree worked.
17:03:37 - TemporaryDirectory.cleanup() worked.
17:03:37 - shutil.rmtree worked.
17:03:37 - TemporaryDirectory.cleanup() worked.
17:03:37 - shutil.rmtree worked.
17:03:37 - Chromium init'ed with kwargs {}
17:03:37 - Found chromium path: /home/andrew/miniconda3/envs/tf_noavx/lib/python3.9/site-packages/choreographer/cli/browser_exe/chrome-linux64/chrome
17:03:37 - Temp directory created: /tmp/tmpf4dn7fs5.
17:03:37 - Opening browser.
17:03:37 - Temp directory created: /tmp/tmpndup3z1m.
17:03:37 - Temporary directory at: /tmp/tmpndup3z1m
17:03:37 - TemporaryDirectory.cleanup() worked.
17:03:37 - shutil.rmtree worked.
17:03:37 - TemporaryDirectory.cleanup() worked.
17:03:37 - shutil.rmtree worked.
17:03:42 - Closing browser.
17:03:42 - Closing browser.
17:03:42 - TemporaryDirectory.cleanup() worked.
17:03:42 - shutil.rmtree worked.
17:03:42 - TemporaryDirectory.cleanup() worked.
17:03:42 - shutil.rmtree worked.
17:03:42 - TemporaryDirectory.cleanup() worked.
17:03:42 - shutil.rmtree worked.
17:03:42 - ✅ Saved high-res static PNGs for Substack export.
17:03:43 - Saved AQI_Unified.html and standalone AQI_3d_physics_model.html
17:03:43 - Generating Two-Tiered Substack Briefing (Free vs Paid)...
17:03:44 - ✅ Substack Draft generated: /home/andrew/.ssh/Trading/AQI_Genesis/Substack_Draft_20260609.md
17:03:44 - 💾 Pushing live data matrix to SaaS Database (Streamlit backend)...
17:03:44 - ✅ SaaS Database updated. The AQI Genesis Streamlit Terminal is now live.
17:04:06 - ✅ Briefing Sent Successfully.
17:04:06 - TemporaryDirectory.cleanup() worked.
17:04:06 - shutil.rmtree worked.
