17:00:07 - --- Starting Grand Unified Data Ingestion ---
17:00:07 - Fetching Physics Engine Inputs (Job Losers, Income, Hours)...
17:00:26 - Fetching US Core Macro...
17:01:05 - Fetching Global Policy Inputs...
17:01:33 - Fetching Market Internals...
17:01:54 - 💾 Saved fresh data to local cache.
17:01:54 - Initializing Continuous Cole Pulse Physics Engine...
17:01:54 - Running Multivariate LSTM Forecast (CPU Execution)...
17:01:55 - Loaded cached LSTM weights.
17:01:57 - Generating Grand Unified Dashboard (Macro + Physics + 3D)...
17:02:03 - Chromium init'ed with kwargs {}
17:02:03 - Found chromium path: /home/andrew/miniconda3/envs/tf_noavx/lib/python3.9/site-packages/choreographer/cli/browser_exe/chrome-linux64/chrome
17:02:03 - Temp directory created: /tmp/tmpwc2o6z6o.
17:02:03 - Opening browser.
17:02:03 - Temp directory created: /tmp/tmp9bknbdrb.
17:02:04 - Temporary directory at: /tmp/tmp9bknbdrb
17:02:07 - Closing browser.
17:02:07 - Closing browser.
17:02:07 - TemporaryDirectory.cleanup() worked.
17:02:07 - shutil.rmtree worked.
17:02:07 - TemporaryDirectory.cleanup() worked.
17:02:07 - shutil.rmtree worked.
17:02:07 - TemporaryDirectory.cleanup() worked.
17:02:07 - shutil.rmtree worked.
17:02:07 - Chromium init'ed with kwargs {}
17:02:07 - Found chromium path: /home/andrew/miniconda3/envs/tf_noavx/lib/python3.9/site-packages/choreographer/cli/browser_exe/chrome-linux64/chrome
17:02:07 - Temp directory created: /tmp/tmpz53erwxq.
17:02:07 - Opening browser.
17:02:07 - Temp directory created: /tmp/tmppfbhoedz.
17:02:07 - Temporary directory at: /tmp/tmppfbhoedz
17:02:11 - Closing browser.
17:02:11 - Closing browser.
17:02:11 - TemporaryDirectory.cleanup() worked.
17:02:11 - shutil.rmtree worked.
17:02:12 - TemporaryDirectory.cleanup() worked.
17:02:12 - shutil.rmtree worked.
17:02:12 - TemporaryDirectory.cleanup() worked.
17:02:12 - shutil.rmtree worked.
17:02:12 - Chromium init'ed with kwargs {}
17:02:12 - Found chromium path: /home/andrew/miniconda3/envs/tf_noavx/lib/python3.9/site-packages/choreographer/cli/browser_exe/chrome-linux64/chrome
17:02:12 - Temp directory created: /tmp/tmpqbqj4q_w.
17:02:12 - Opening browser.
17:02:12 - Temp directory created: /tmp/tmpa76doe5k.
17:02:12 - Temporary directory at: /tmp/tmpa76doe5k
17:02:17 - Closing browser.
17:02:17 - Closing browser.
17:02:17 - TemporaryDirectory.cleanup() worked.
17:02:17 - shutil.rmtree worked.
17:02:17 - TemporaryDirectory.cleanup() worked.
17:02:17 - shutil.rmtree worked.
17:02:17 - TemporaryDirectory.cleanup() worked.
17:02:17 - shutil.rmtree worked.
17:02:17 - ✅ Saved high-res static PNGs for Substack export.
17:02:17 - Saved AQI_Unified.html and standalone AQI_3d_physics_model.html
17:02:17 - Generating Two-Tiered Substack Briefing (Free vs Paid)...
17:02:43 - ✅ Substack Draft generated: /home/andrew/.ssh/Trading/AQI_Genesis/Substack_Draft_20260605.md
17:02:43 - 💾 Pushing live data matrix to SaaS Database (Streamlit backend)...
17:02:43 - ✅ SaaS Database updated. The AQI Genesis Streamlit Terminal is now live.
17:03:04 - ✅ Briefing Sent Successfully.
17:03:04 - TemporaryDirectory.cleanup() worked.
17:03:04 - shutil.rmtree worked.
17:03:04 - TemporaryDirectory.cleanup() worked.
17:03:04 - shutil.rmtree worked.
17:03:04 - TemporaryDirectory.cleanup() worked.
17:03:04 - shutil.rmtree worked.
