17:00:10 - --- Starting Grand Unified Data Ingestion ---
17:00:10 - Fetching Physics Engine Inputs (Job Losers, Income, Hours)...
17:00:20 - Fetching US Core Macro...
17:00:23 - ❌ FRED API Failed (Internal Server Error). Attempting to load from local cache...
17:00:23 - ♻️ Loading data from local cache.
17:00:23 - Initializing Continuous Cole Pulse Physics Engine...
17:00:23 - Running Multivariate LSTM Forecast (CPU Execution)...
17:00:24 - Loaded cached LSTM weights.
17:00:26 - Generating Grand Unified Dashboard (Macro + Physics + 3D)...
17:00:34 - Chromium init'ed with kwargs {}
17:00:34 - Found chromium path: /home/andrew/miniconda3/envs/tf_noavx/lib/python3.9/site-packages/choreographer/cli/browser_exe/chrome-linux64/chrome
17:00:34 - Temp directory created: /tmp/tmp_xioa_8o.
17:00:34 - Opening browser.
17:00:34 - Temp directory created: /tmp/tmps3xl5kym.
17:00:34 - Temporary directory at: /tmp/tmps3xl5kym
17:00:39 - Closing browser.
17:00:39 - Closing browser.
17:00:39 - TemporaryDirectory.cleanup() worked.
17:00:39 - shutil.rmtree worked.
17:00:39 - TemporaryDirectory.cleanup() worked.
17:00:39 - shutil.rmtree worked.
17:00:39 - TemporaryDirectory.cleanup() worked.
17:00:39 - shutil.rmtree worked.
17:00:39 - Chromium init'ed with kwargs {}
17:00:39 - Found chromium path: /home/andrew/miniconda3/envs/tf_noavx/lib/python3.9/site-packages/choreographer/cli/browser_exe/chrome-linux64/chrome
17:00:39 - Temp directory created: /tmp/tmpvwdvj48_.
17:00:39 - Opening browser.
17:00:39 - Temp directory created: /tmp/tmpi738igu1.
17:00:39 - Temporary directory at: /tmp/tmpi738igu1
17:00:45 - Closing browser.
17:00:45 - Closing browser.
17:00:45 - TemporaryDirectory.cleanup() worked.
17:00:45 - shutil.rmtree worked.
17:00:45 - TemporaryDirectory.cleanup() worked.
17:00:45 - shutil.rmtree worked.
17:00:45 - TemporaryDirectory.cleanup() worked.
17:00:45 - shutil.rmtree worked.
17:00:45 - Chromium init'ed with kwargs {}
17:00:45 - Found chromium path: /home/andrew/miniconda3/envs/tf_noavx/lib/python3.9/site-packages/choreographer/cli/browser_exe/chrome-linux64/chrome
17:00:45 - Temp directory created: /tmp/tmpjs4i9suh.
17:00:45 - Opening browser.
17:00:45 - Temp directory created: /tmp/tmptsn68g1q.
17:00:45 - Temporary directory at: /tmp/tmptsn68g1q
17:00:50 - Closing browser.
17:00:50 - Closing browser.
17:00:50 - TemporaryDirectory.cleanup() worked.
17:00:50 - shutil.rmtree worked.
17:00:50 - TemporaryDirectory.cleanup() worked.
17:00:50 - shutil.rmtree worked.
17:00:50 - TemporaryDirectory.cleanup() worked.
17:00:50 - shutil.rmtree worked.
17:00:50 - ✅ Saved high-res static PNGs for Substack export.
17:00:50 - Saved AQI_Unified.html and standalone AQI_3d_physics_model.html
17:00:50 - Generating Two-Tiered Substack Briefing (Free vs Paid)...
17:01:18 - ✅ Substack Draft generated: /home/andrew/.ssh/Trading/AQI_Genesis/Substack_Draft_20260506.md
17:01:18 - 💾 Pushing live data matrix to SaaS Database (Streamlit backend)...
17:01:18 - ✅ SaaS Database updated. The AQI Genesis Streamlit Terminal is now live.
17:01:47 - ✅ Briefing Sent Successfully.
17:01:48 - TemporaryDirectory.cleanup() worked.
17:01:48 - shutil.rmtree worked.
17:01:48 - TemporaryDirectory.cleanup() worked.
17:01:48 - shutil.rmtree worked.
17:01:48 - TemporaryDirectory.cleanup() worked.
17:01:48 - shutil.rmtree worked.
