17:00:08 - --- Starting Grand Unified Data Ingestion ---
17:00:08 - Fetching Physics Engine Inputs (Job Losers, Income, Hours)...
17:00:20 - Fetching US Core Macro...
17:00:56 - Fetching Global Policy Inputs...
17:01:29 - Fetching Market Internals...
17:02:09 - 💾 Saved fresh data to local cache.
17:02:09 - Initializing Continuous Cole Pulse Physics Engine...
17:02:09 - Running Multivariate LSTM Forecast (CPU Execution)...
17:02:10 - Loaded cached LSTM weights.
17:02:12 - Generating Grand Unified Dashboard (Macro + Physics + 3D)...
17:02:19 - Chromium init'ed with kwargs {}
17:02:19 - Found chromium path: /home/andrew/miniconda3/envs/tf_noavx/lib/python3.9/site-packages/choreographer/cli/browser_exe/chrome-linux64/chrome
17:02:19 - Temp directory created: /tmp/tmpz8499vvs.
17:02:19 - Opening browser.
17:02:19 - Temp directory created: /tmp/tmpak7xcwg_.
17:02:19 - Temporary directory at: /tmp/tmpak7xcwg_
17:02:23 - Closing browser.
17:02:23 - Closing browser.
17:02:23 - TemporaryDirectory.cleanup() worked.
17:02:23 - shutil.rmtree worked.
17:02:23 - TemporaryDirectory.cleanup() worked.
17:02:23 - shutil.rmtree worked.
17:02:23 - TemporaryDirectory.cleanup() worked.
17:02:23 - shutil.rmtree worked.
17:02:24 - Chromium init'ed with kwargs {}
17:02:24 - Found chromium path: /home/andrew/miniconda3/envs/tf_noavx/lib/python3.9/site-packages/choreographer/cli/browser_exe/chrome-linux64/chrome
17:02:24 - Temp directory created: /tmp/tmplo2si129.
17:02:24 - Opening browser.
17:02:24 - Temp directory created: /tmp/tmpuddp22qm.
17:02:24 - Temporary directory at: /tmp/tmpuddp22qm
17:02:29 - Closing browser.
17:02:29 - Closing browser.
17:02:29 - TemporaryDirectory.cleanup() worked.
17:02:29 - shutil.rmtree worked.
17:02:29 - TemporaryDirectory.cleanup() worked.
17:02:29 - shutil.rmtree worked.
17:02:29 - TemporaryDirectory.cleanup() worked.
17:02:29 - shutil.rmtree worked.
17:02:30 - Chromium init'ed with kwargs {}
17:02:30 - Found chromium path: /home/andrew/miniconda3/envs/tf_noavx/lib/python3.9/site-packages/choreographer/cli/browser_exe/chrome-linux64/chrome
17:02:30 - Temp directory created: /tmp/tmpc0so3knl.
17:02:30 - Opening browser.
17:02:30 - Temp directory created: /tmp/tmpzcx8dbkn.
17:02:30 - Temporary directory at: /tmp/tmpzcx8dbkn
17:02:37 - Closing browser.
17:02:37 - Closing browser.
17:02:37 - TemporaryDirectory.cleanup() worked.
17:02:37 - shutil.rmtree worked.
17:02:37 - TemporaryDirectory.cleanup() worked.
17:02:37 - shutil.rmtree worked.
17:02:37 - TemporaryDirectory.cleanup() worked.
17:02:37 - shutil.rmtree worked.
17:02:37 - ✅ Saved high-res static PNGs for Substack export.
17:02:37 - Saved AQI_Unified.html and standalone AQI_3d_physics_model.html
17:02:37 - Generating Two-Tiered Substack Briefing (Free vs Paid)...
17:03:03 - ✅ Substack Draft generated: /home/andrew/.ssh/Trading/AQI_Genesis/Substack_Draft_20260619.md
17:03:03 - 💾 Pushing live data matrix to SaaS Database (Streamlit backend)...
17:03:03 - TemporaryDirectory.cleanup() worked.
17:03:03 - shutil.rmtree worked.
17:03:03 - TemporaryDirectory.cleanup() worked.
17:03:03 - shutil.rmtree worked.
17:03:03 - TemporaryDirectory.cleanup() worked.
17:03:03 - shutil.rmtree worked.
17:03:04 - ✅ SaaS Database updated. The AQI Genesis Streamlit Terminal is now live.
17:03:24 - ✅ Briefing Sent Successfully.
