17:00:09 - --- Starting Grand Unified Data Ingestion ---
17:00:09 - Fetching Physics Engine Inputs (Job Losers, Income, Hours)...
17:00:18 - ❌ FRED API Failed (Internal Server Error). Attempting to load from local cache...
17:00:18 - ♻️ Loading data from local cache.
17:00:18 - Initializing Continuous Cole Pulse Physics Engine...
17:00:18 - Running Multivariate LSTM Forecast (CPU Execution)...
17:00:19 - Loaded cached LSTM weights.
17:00:21 - Generating Grand Unified Dashboard (Macro + Physics + 3D)...
17:00:28 - Chromium init'ed with kwargs {}
17:00:28 - Found chromium path: /home/andrew/miniconda3/envs/tf_noavx/lib/python3.9/site-packages/choreographer/cli/browser_exe/chrome-linux64/chrome
17:00:28 - Temp directory created: /tmp/tmpe4it3i1l.
17:00:28 - Opening browser.
17:00:28 - Temp directory created: /tmp/tmp2o8bomtn.
17:00:28 - Temporary directory at: /tmp/tmp2o8bomtn
17:00:31 - Closing browser.
17:00:31 - Closing browser.
17:00:31 - TemporaryDirectory.cleanup() worked.
17:00:31 - shutil.rmtree worked.
17:00:32 - TemporaryDirectory.cleanup() worked.
17:00:32 - shutil.rmtree worked.
17:00:32 - TemporaryDirectory.cleanup() worked.
17:00:32 - shutil.rmtree worked.
17:00:32 - Chromium init'ed with kwargs {}
17:00:32 - Found chromium path: /home/andrew/miniconda3/envs/tf_noavx/lib/python3.9/site-packages/choreographer/cli/browser_exe/chrome-linux64/chrome
17:00:32 - Temp directory created: /tmp/tmpwjydj_2i.
17:00:32 - Opening browser.
17:00:32 - Temp directory created: /tmp/tmp51lt8wfx.
17:00:32 - Temporary directory at: /tmp/tmp51lt8wfx
17:00:36 - Closing browser.
17:00:36 - Closing browser.
17:00:36 - TemporaryDirectory.cleanup() worked.
17:00:36 - shutil.rmtree worked.
17:00:36 - TemporaryDirectory.cleanup() worked.
17:00:36 - shutil.rmtree worked.
17:00:36 - TemporaryDirectory.cleanup() worked.
17:00:36 - shutil.rmtree worked.
17:00:36 - Chromium init'ed with kwargs {}
17:00:36 - Found chromium path: /home/andrew/miniconda3/envs/tf_noavx/lib/python3.9/site-packages/choreographer/cli/browser_exe/chrome-linux64/chrome
17:00:36 - Temp directory created: /tmp/tmpl7a9w_ei.
17:00:36 - Opening browser.
17:00:36 - Temp directory created: /tmp/tmpdo3oo6tc.
17:00:36 - Temporary directory at: /tmp/tmpdo3oo6tc
17:00:36 - TemporaryDirectory.cleanup() worked.
17:00:36 - shutil.rmtree worked.
17:00:36 - TemporaryDirectory.cleanup() worked.
17:00:36 - shutil.rmtree worked.
17:00:40 - Closing browser.
17:00:40 - Closing browser.
17:00:40 - TemporaryDirectory.cleanup() worked.
17:00:40 - shutil.rmtree worked.
17:00:40 - TemporaryDirectory.cleanup() worked.
17:00:40 - shutil.rmtree worked.
17:00:40 - TemporaryDirectory.cleanup() worked.
17:00:40 - shutil.rmtree worked.
17:00:40 - ✅ Saved high-res static PNGs for Substack export.
17:00:40 - Saved AQI_Unified.html and standalone AQI_3d_physics_model.html
17:00:40 - Generating Two-Tiered Substack Briefing (Free vs Paid)...
17:01:02 - ✅ Substack Draft generated: /home/andrew/.ssh/Trading/AQI_Genesis/Substack_Draft_20260509.md
17:01:02 - 💾 Pushing live data matrix to SaaS Database (Streamlit backend)...
17:01:02 - ✅ SaaS Database updated. The AQI Genesis Streamlit Terminal is now live.
17:01:20 - ✅ Briefing Sent Successfully.
17:01:20 - TemporaryDirectory.cleanup() worked.
17:01:20 - shutil.rmtree worked.
