17:00:10 - --- Starting Grand Unified Data Ingestion ---
17:00:10 - Fetching Physics Engine Inputs (Job Losers, Income, Hours)...
17:00:19 - Fetching US Core Macro...
17:00:24 - ❌ FRED API Failed (Internal Server Error). Attempting to load from local cache...
17:00:24 - ♻️ Loading data from local cache.
17:00:24 - Initializing Continuous Cole Pulse Physics Engine...
17:00:24 - Running Multivariate LSTM Forecast (CPU Execution)...
17:00:25 - Loaded cached LSTM weights.
17:00:26 - Generating Grand Unified Dashboard (Macro + Physics + 3D)...
17:00:33 - Chromium init'ed with kwargs {}
17:00:33 - Found chromium path: /home/andrew/miniconda3/envs/tf_noavx/lib/python3.9/site-packages/choreographer/cli/browser_exe/chrome-linux64/chrome
17:00:33 - Temp directory created: /tmp/tmpy1uu9_07.
17:00:33 - Opening browser.
17:00:33 - Temp directory created: /tmp/tmpv15ohoku.
17:00:33 - Temporary directory at: /tmp/tmpv15ohoku
17:00:37 - Closing browser.
17:00:37 - Closing browser.
17:00:37 - TemporaryDirectory.cleanup() worked.
17:00:37 - shutil.rmtree worked.
17:00:37 - TemporaryDirectory.cleanup() worked.
17:00:37 - shutil.rmtree worked.
17:00:37 - TemporaryDirectory.cleanup() worked.
17:00:37 - shutil.rmtree worked.
17:00:37 - Chromium init'ed with kwargs {}
17:00:37 - Found chromium path: /home/andrew/miniconda3/envs/tf_noavx/lib/python3.9/site-packages/choreographer/cli/browser_exe/chrome-linux64/chrome
17:00:37 - Temp directory created: /tmp/tmppa_lr1qh.
17:00:37 - Opening browser.
17:00:37 - Temp directory created: /tmp/tmpp63iqprb.
17:00:37 - Temporary directory at: /tmp/tmpp63iqprb
17:00:41 - Closing browser.
17:00:41 - Closing browser.
17:00:41 - TemporaryDirectory.cleanup() worked.
17:00:41 - shutil.rmtree worked.
17:00:41 - TemporaryDirectory.cleanup() worked.
17:00:41 - shutil.rmtree worked.
17:00:41 - TemporaryDirectory.cleanup() worked.
17:00:41 - shutil.rmtree worked.
17:00:41 - Chromium init'ed with kwargs {}
17:00:41 - Found chromium path: /home/andrew/miniconda3/envs/tf_noavx/lib/python3.9/site-packages/choreographer/cli/browser_exe/chrome-linux64/chrome
17:00:41 - Temp directory created: /tmp/tmp88mp6xsp.
17:00:41 - Opening browser.
17:00:41 - Temp directory created: /tmp/tmpyxpwj9ur.
17:00:41 - Temporary directory at: /tmp/tmpyxpwj9ur
17:00:45 - Closing browser.
17:00:45 - Closing browser.
17:00:45 - TemporaryDirectory.cleanup() worked.
17:00:45 - shutil.rmtree worked.
17:00:45 - TemporaryDirectory.cleanup() worked.
17:00:45 - shutil.rmtree worked.
17:00:45 - TemporaryDirectory.cleanup() worked.
17:00:45 - shutil.rmtree worked.
17:00:45 - ✅ Saved high-res static PNGs for Substack export.
17:00:46 - Saved AQI_Unified.html and standalone AQI_3d_physics_model.html
17:00:46 - Generating Two-Tiered Substack Briefing (Free vs Paid)...
17:01:19 - ✅ Substack Draft generated: /home/andrew/.ssh/Trading/AQI_Genesis/Substack_Draft_20260504.md
17:01:19 - 💾 Pushing live data matrix to SaaS Database (Streamlit backend)...
17:01:19 - TemporaryDirectory.cleanup() worked.
17:01:19 - shutil.rmtree worked.
17:01:19 - TemporaryDirectory.cleanup() worked.
17:01:19 - shutil.rmtree worked.
17:01:19 - TemporaryDirectory.cleanup() worked.
17:01:19 - shutil.rmtree worked.
17:01:19 - ✅ SaaS Database updated. The AQI Genesis Streamlit Terminal is now live.
17:01:37 - ✅ Briefing Sent Successfully.
