2026-04-04 17:16:41.370 WARNING streamlit.runtime.scriptrunner_utils.script_run_context: Thread 'MainThread': missing ScriptRunContext! This warning can be ignored when running in bare mode.
2026-04-04 17:16:41.371 WARNING streamlit.runtime.scriptrunner_utils.script_run_context: Thread 'MainThread': missing ScriptRunContext! This warning can be ignored when running in bare mode.
2026-04-04 17:16:41.618 
  [33m[1mWarning:[0m to view this Streamlit app on a browser, run it with the following
  command:

    streamlit run /home/andrew/.ssh/Trading/AQI_Genesis/0_AQI_Genesis_Dashboard.py [ARGUMENTS]
2026-04-04 17:16:41.618 Thread 'MainThread': missing ScriptRunContext! This warning can be ignored when running in bare mode.
2026-04-04 17:16:41.618 Thread 'MainThread': missing ScriptRunContext! This warning can be ignored when running in bare mode.
2026-04-04 17:16:41.618 Thread 'MainThread': missing ScriptRunContext! This warning can be ignored when running in bare mode.
2026-04-04 17:16:41.618 Session state does not function when running a script without `streamlit run`
2026-04-04 17:16:41.618 Thread 'MainThread': missing ScriptRunContext! This warning can be ignored when running in bare mode.
2026-04-04 17:16:41.618 Thread 'MainThread': missing ScriptRunContext! This warning can be ignored when running in bare mode.
2026-04-04 17:16:41.618 Thread 'MainThread': missing ScriptRunContext! This warning can be ignored when running in bare mode.
2026-04-04 17:16:41.619 Thread 'MainThread': missing ScriptRunContext! This warning can be ignored when running in bare mode.
2026-04-04 17:16:41.619 Thread 'MainThread': missing ScriptRunContext! This warning can be ignored when running in bare mode.
2026-04-04 17:16:41.619 Thread 'MainThread': missing ScriptRunContext! This warning can be ignored when running in bare mode.
2026-04-04 17:16:41.619 Thread 'MainThread': missing ScriptRunContext! This warning can be ignored when running in bare mode.
2026-04-04 17:16:41.619 Thread 'MainThread': missing ScriptRunContext! This warning can be ignored when running in bare mode.
2026-04-04 17:16:41.619 Thread 'MainThread': missing ScriptRunContext! This warning can be ignored when running in bare mode.
2026-04-04 17:16:41.619 Thread 'MainThread': missing ScriptRunContext! This warning can be ignored when running in bare mode.
2026-04-04 17:16:41.619 Thread 'MainThread': missing ScriptRunContext! This warning can be ignored when running in bare mode.
2026-04-04 17:16:41.619 Thread 'MainThread': missing ScriptRunContext! This warning can be ignored when running in bare mode.
2026-04-04 17:16:41.620 Thread 'MainThread': missing ScriptRunContext! This warning can be ignored when running in bare mode.
2026-04-04 17:16:41.620 Thread 'MainThread': missing ScriptRunContext! This warning can be ignored when running in bare mode.
2026-04-04 17:16:41.620 Thread 'MainThread': missing ScriptRunContext! This warning can be ignored when running in bare mode.
2026-04-04 17:16:41.620 Thread 'MainThread': missing ScriptRunContext! This warning can be ignored when running in bare mode.
2026-04-04 17:16:41.620 Thread 'MainThread': missing ScriptRunContext! This warning can be ignored when running in bare mode.
2026-04-04 17:16:41.620 Thread 'MainThread': missing ScriptRunContext! This warning can be ignored when running in bare mode.
2026-04-04 17:16:41.620 Thread 'MainThread': missing ScriptRunContext! This warning can be ignored when running in bare mode.
2026-04-04 17:16:41.620 Thread 'MainThread': missing ScriptRunContext! This warning can be ignored when running in bare mode.
2026-04-04 17:16:41.620 Thread 'MainThread': missing ScriptRunContext! This warning can be ignored when running in bare mode.
2026-04-04 17:16:41.620 Thread 'MainThread': missing ScriptRunContext! This warning can be ignored when running in bare mode.
2026-04-04 17:16:41.621 Thread 'MainThread': missing ScriptRunContext! This warning can be ignored when running in bare mode.
2026-04-04 17:16:41.621 Thread 'MainThread': missing ScriptRunContext! This warning can be ignored when running in bare mode.
2026-04-04 17:16:41.621 Thread 'MainThread': missing ScriptRunContext! This warning can be ignored when running in bare mode.
2026-04-04 17:16:41.621 Thread 'MainThread': missing ScriptRunContext! This warning can be ignored when running in bare mode.
2026-04-04 17:16:41.621 Thread 'MainThread': missing ScriptRunContext! This warning can be ignored when running in bare mode.
2026-04-04 17:16:41.621 No runtime found, using MemoryCacheStorageManager
2026-04-04 17:16:41.631 No runtime found, using MemoryCacheStorageManager
2026-04-04 17:16:41.631 Thread 'MainThread': missing ScriptRunContext! This warning can be ignored when running in bare mode.
2026-04-04 17:16:41.631 Thread 'MainThread': missing ScriptRunContext! This warning can be ignored when running in bare mode.
2026-04-04 17:16:41.631 Thread 'MainThread': missing ScriptRunContext! This warning can be ignored when running in bare mode.
2026-04-04 17:16:41.631 Thread 'MainThread': missing ScriptRunContext! This warning can be ignored when running in bare mode.
2026-04-04 17:16:41.734 Thread 'MainThread': missing ScriptRunContext! This warning can be ignored when running in bare mode.
2026-04-04 17:16:41.734 Thread 'MainThread': missing ScriptRunContext! This warning can be ignored when running in bare mode.
2026-04-04 17:16:41.734 Thread 'MainThread': missing ScriptRunContext! This warning can be ignored when running in bare mode.
2026-04-04 17:16:41.736 Thread 'MainThread': missing ScriptRunContext! This warning can be ignored when running in bare mode.
2026-04-04 17:16:41.736 Thread 'MainThread': missing ScriptRunContext! This warning can be ignored when running in bare mode.
2026-04-04 17:16:41.736 Thread 'MainThread': missing ScriptRunContext! This warning can be ignored when running in bare mode.
2026-04-04 17:16:41.737 Thread 'MainThread': missing ScriptRunContext! This warning can be ignored when running in bare mode.
2026-04-04 17:16:41.737 Thread 'MainThread': missing ScriptRunContext! This warning can be ignored when running in bare mode.
2026-04-04 17:16:41.737 Thread 'MainThread': missing ScriptRunContext! This warning can be ignored when running in bare mode.
2026-04-04 17:16:41.737 Thread 'MainThread': missing ScriptRunContext! This warning can be ignored when running in bare mode.
2026-04-04 17:16:41.737 Thread 'MainThread': missing ScriptRunContext! This warning can be ignored when running in bare mode.
2026-04-04 17:16:41.737 Thread 'MainThread': missing ScriptRunContext! This warning can be ignored when running in bare mode.
2026-04-04 17:16:41.737 Thread 'MainThread': missing ScriptRunContext! This warning can be ignored when running in bare mode.
2026-04-04 17:16:41.737 Thread 'MainThread': missing ScriptRunContext! This warning can be ignored when running in bare mode.
2026-04-04 17:16:41.737 Thread 'MainThread': missing ScriptRunContext! This warning can be ignored when running in bare mode.
2026-04-04 17:16:41.738 Thread 'MainThread': missing ScriptRunContext! This warning can be ignored when running in bare mode.
2026-04-04 17:16:41.738 Thread 'MainThread': missing ScriptRunContext! This warning can be ignored when running in bare mode.
2026-04-04 17:16:41.738 Thread 'MainThread': missing ScriptRunContext! This warning can be ignored when running in bare mode.
2026-04-04 17:16:41.738 Thread 'MainThread': missing ScriptRunContext! This warning can be ignored when running in bare mode.
2026-04-04 17:16:41.738 Thread 'MainThread': missing ScriptRunContext! This warning can be ignored when running in bare mode.
2026-04-04 17:16:41.738 Thread 'MainThread': missing ScriptRunContext! This warning can be ignored when running in bare mode.
2026-04-04 17:16:41.738 Thread 'MainThread': missing ScriptRunContext! This warning can be ignored when running in bare mode.
2026-04-04 17:16:41.738 Thread 'MainThread': missing ScriptRunContext! This warning can be ignored when running in bare mode.
2026-04-04 17:16:41.738 Thread 'MainThread': missing ScriptRunContext! This warning can be ignored when running in bare mode.
2026-04-04 17:16:41.738 Thread 'MainThread': missing ScriptRunContext! This warning can be ignored when running in bare mode.
2026-04-04 17:16:41.739 Thread 'MainThread': missing ScriptRunContext! This warning can be ignored when running in bare mode.
2026-04-04 17:16:41.739 Thread 'MainThread': missing ScriptRunContext! This warning can be ignored when running in bare mode.
2026-04-04 17:16:41.739 Thread 'MainThread': missing ScriptRunContext! This warning can be ignored when running in bare mode.
2026-04-04 17:16:41.739 Thread 'MainThread': missing ScriptRunContext! This warning can be ignored when running in bare mode.
2026-04-04 17:16:41.739 Thread 'MainThread': missing ScriptRunContext! This warning can be ignored when running in bare mode.
2026-04-04 17:16:43.956 Thread 'MainThread': missing ScriptRunContext! This warning can be ignored when running in bare mode.
2026-04-04 17:16:43.956 Thread 'MainThread': missing ScriptRunContext! This warning can be ignored when running in bare mode.
2026-04-04 17:16:43.957 Thread 'MainThread': missing ScriptRunContext! This warning can be ignored when running in bare mode.
2026-04-04 17:16:43.957 Thread 'MainThread': missing ScriptRunContext! This warning can be ignored when running in bare mode.
2026-04-04 17:16:43.957 Thread 'MainThread': missing ScriptRunContext! This warning can be ignored when running in bare mode.
2026-04-04 17:16:47.681 Thread 'MainThread': missing ScriptRunContext! This warning can be ignored when running in bare mode.
2026-04-04 17:16:47.681 Thread 'MainThread': missing ScriptRunContext! This warning can be ignored when running in bare mode.
2026-04-04 17:16:47.681 Thread 'MainThread': missing ScriptRunContext! This warning can be ignored when running in bare mode.
2026-04-04 17:16:47.681 Thread 'MainThread': missing ScriptRunContext! This warning can be ignored when running in bare mode.
2026-04-04 17:16:47.682 Thread 'MainThread': missing ScriptRunContext! This warning can be ignored when running in bare mode.
2026-04-04 17:16:47.682 Thread 'MainThread': missing ScriptRunContext! This warning can be ignored when running in bare mode.
2026-04-04 17:16:47.682 Thread 'MainThread': missing ScriptRunContext! This warning can be ignored when running in bare mode.
2026-04-04 17:16:47.682 Thread 'MainThread': missing ScriptRunContext! This warning can be ignored when running in bare mode.
2026-04-04 17:16:47.833 Thread 'MainThread': missing ScriptRunContext! This warning can be ignored when running in bare mode.
2026-04-04 17:16:47.833 Thread 'MainThread': missing ScriptRunContext! This warning can be ignored when running in bare mode.
2026-04-04 17:16:47.834 Thread 'MainThread': missing ScriptRunContext! This warning can be ignored when running in bare mode.
2026-04-04 17:16:47.834 Thread 'MainThread': missing ScriptRunContext! This warning can be ignored when running in bare mode.
2026-04-04 17:16:47.834 Thread 'MainThread': missing ScriptRunContext! This warning can be ignored when running in bare mode.
