17:00:11 - --- Starting Grand Unified Data Ingestion ---
17:00:11 - Fetching Physics Engine Inputs (Job Losers, Income, Hours)...
17:00:26 - Fetching US Core Macro...
17:00:56 - Fetching Global Policy Inputs...
17:01:28 - Fetching Market Internals...
17:01:50 - 💾 Saved fresh data to local cache.
17:01:50 - Initializing Continuous Cole Pulse Physics Engine...
17:01:50 - Running Multivariate LSTM Forecast (CPU Execution)...
17:01:51 - Loaded cached LSTM weights.
17:01:53 - Generating Grand Unified Dashboard (Macro + Physics + 3D)...
17:02:00 - Chromium init'ed with kwargs {}
17:02:00 - Found chromium path: /home/andrew/miniconda3/envs/tf_noavx/lib/python3.9/site-packages/choreographer/cli/browser_exe/chrome-linux64/chrome
17:02:00 - Temp directory created: /tmp/tmpc7p0qpgg.
17:02:00 - Opening browser.
17:02:00 - Temp directory created: /tmp/tmpzf903cgi.
17:02:00 - Temporary directory at: /tmp/tmpzf903cgi
17:02:04 - Closing browser.
17:02:04 - Closing browser.
17:02:04 - TemporaryDirectory.cleanup() worked.
17:02:04 - shutil.rmtree worked.
17:02:04 - TemporaryDirectory.cleanup() worked.
17:02:04 - shutil.rmtree worked.
17:02:04 - TemporaryDirectory.cleanup() worked.
17:02:04 - shutil.rmtree worked.
17:02:04 - Chromium init'ed with kwargs {}
17:02:04 - Found chromium path: /home/andrew/miniconda3/envs/tf_noavx/lib/python3.9/site-packages/choreographer/cli/browser_exe/chrome-linux64/chrome
17:02:04 - Temp directory created: /tmp/tmpzb0h9lx7.
17:02:04 - Opening browser.
17:02:04 - Temp directory created: /tmp/tmp82mhsmpu.
17:02:04 - Temporary directory at: /tmp/tmp82mhsmpu
17:02:08 - Closing browser.
17:02:08 - Closing browser.
17:02:08 - TemporaryDirectory.cleanup() worked.
17:02:08 - shutil.rmtree worked.
17:02:09 - TemporaryDirectory.cleanup() worked.
17:02:09 - shutil.rmtree worked.
17:02:09 - TemporaryDirectory.cleanup() worked.
17:02:09 - shutil.rmtree worked.
17:02:09 - Chromium init'ed with kwargs {}
17:02:09 - Found chromium path: /home/andrew/miniconda3/envs/tf_noavx/lib/python3.9/site-packages/choreographer/cli/browser_exe/chrome-linux64/chrome
17:02:09 - Temp directory created: /tmp/tmplyvu1mof.
17:02:09 - Opening browser.
17:02:09 - Temp directory created: /tmp/tmpa185ybzg.
17:02:09 - Temporary directory at: /tmp/tmpa185ybzg
17:02:13 - Closing browser.
17:02:13 - Closing browser.
17:02:13 - TemporaryDirectory.cleanup() worked.
17:02:13 - shutil.rmtree worked.
17:02:13 - TemporaryDirectory.cleanup() worked.
17:02:13 - shutil.rmtree worked.
17:02:13 - TemporaryDirectory.cleanup() worked.
17:02:13 - shutil.rmtree worked.
17:02:13 - ✅ Saved high-res static PNGs for Substack export.
17:02:13 - Saved AQI_Unified.html and standalone AQI_3d_physics_model.html
17:02:13 - Generating Two-Tiered Substack Briefing (Free vs Paid)...
17:02:35 - ✅ Substack Draft generated: /home/andrew/.ssh/Trading/AQI_Genesis/Substack_Draft_20260606.md
17:02:35 - 💾 Pushing live data matrix to SaaS Database (Streamlit backend)...
17:02:36 - ✅ SaaS Database updated. The AQI Genesis Streamlit Terminal is now live.
17:02:55 - ✅ Briefing Sent Successfully.
17:02:56 - TemporaryDirectory.cleanup() worked.
17:02:56 - shutil.rmtree worked.
17:02:56 - TemporaryDirectory.cleanup() worked.
17:02:56 - shutil.rmtree worked.
17:02:56 - TemporaryDirectory.cleanup() worked.
17:02:56 - shutil.rmtree worked.
