17:00:09 - --- Starting Grand Unified Data Ingestion ---
17:00:09 - Fetching Physics Engine Inputs (Job Losers, Income, Hours)...
17:00:18 - Fetching US Core Macro...
17:00:28 - ❌ FRED API Failed (Internal Server Error). Attempting to load from local cache...
17:00:28 - ♻️ Loading data from local cache.
17:00:28 - Initializing Continuous Cole Pulse Physics Engine...
17:00:28 - Running Multivariate LSTM Forecast (CPU Execution)...
17:00:28 - Loaded cached LSTM weights.
17:00:30 - Generating Grand Unified Dashboard (Macro + Physics + 3D)...
17:00:38 - Chromium init'ed with kwargs {}
17:00:38 - Found chromium path: /home/andrew/miniconda3/envs/tf_noavx/lib/python3.9/site-packages/choreographer/cli/browser_exe/chrome-linux64/chrome
17:00:38 - Temp directory created: /tmp/tmp66jm7ms2.
17:00:38 - Opening browser.
17:00:38 - Temp directory created: /tmp/tmp1bp_fu51.
17:00:38 - Temporary directory at: /tmp/tmp1bp_fu51
17:00:41 - Closing browser.
17:00:41 - Closing browser.
17:00:41 - TemporaryDirectory.cleanup() worked.
17:00:41 - shutil.rmtree worked.
17:00:42 - TemporaryDirectory.cleanup() worked.
17:00:42 - shutil.rmtree worked.
17:00:42 - TemporaryDirectory.cleanup() worked.
17:00:42 - shutil.rmtree worked.
17:00:42 - Chromium init'ed with kwargs {}
17:00:42 - Found chromium path: /home/andrew/miniconda3/envs/tf_noavx/lib/python3.9/site-packages/choreographer/cli/browser_exe/chrome-linux64/chrome
17:00:42 - Temp directory created: /tmp/tmph_43nx0i.
17:00:42 - Opening browser.
17:00:42 - Temp directory created: /tmp/tmpuxz5b0_n.
17:00:42 - Temporary directory at: /tmp/tmpuxz5b0_n
17:00:46 - Closing browser.
17:00:46 - Closing browser.
17:00:46 - TemporaryDirectory.cleanup() worked.
17:00:46 - shutil.rmtree worked.
17:00:46 - TemporaryDirectory.cleanup() worked.
17:00:46 - shutil.rmtree worked.
17:00:46 - TemporaryDirectory.cleanup() worked.
17:00:46 - shutil.rmtree worked.
17:00:46 - Chromium init'ed with kwargs {}
17:00:46 - Found chromium path: /home/andrew/miniconda3/envs/tf_noavx/lib/python3.9/site-packages/choreographer/cli/browser_exe/chrome-linux64/chrome
17:00:46 - Temp directory created: /tmp/tmpga9zc1_z.
17:00:46 - Opening browser.
17:00:46 - Temp directory created: /tmp/tmpg9wovgdo.
17:00:46 - Temporary directory at: /tmp/tmpg9wovgdo
17:00:50 - Closing browser.
17:00:50 - Closing browser.
17:00:50 - TemporaryDirectory.cleanup() worked.
17:00:50 - shutil.rmtree worked.
17:00:50 - TemporaryDirectory.cleanup() worked.
17:00:50 - shutil.rmtree worked.
17:00:50 - TemporaryDirectory.cleanup() worked.
17:00:50 - shutil.rmtree worked.
17:00:50 - ✅ Saved high-res static PNGs for Substack export.
17:00:50 - Saved AQI_Unified.html and standalone AQI_3d_physics_model.html
17:00:50 - Generating Two-Tiered Substack Briefing (Free vs Paid)...
17:00:50 - TemporaryDirectory.cleanup() worked.
17:00:50 - shutil.rmtree worked.
17:00:50 - TemporaryDirectory.cleanup() worked.
17:00:50 - shutil.rmtree worked.
17:00:50 - TemporaryDirectory.cleanup() worked.
17:00:50 - shutil.rmtree worked.
17:01:14 - ✅ Substack Draft generated: /home/andrew/.ssh/Trading/AQI_Genesis/Substack_Draft_20260409.md
17:01:14 - 💾 Pushing live data matrix to SaaS Database (Streamlit backend)...
17:01:14 - ✅ SaaS Database updated. The AQI Genesis Streamlit Terminal is now live.
17:01:34 - ✅ Briefing Sent Successfully.
