17:00:07 - --- Starting Grand Unified Data Ingestion ---
17:00:07 - Fetching Physics Engine Inputs (Job Losers, Income, Hours)...
17:00:28 - Fetching US Core Macro...
17:01:20 - Fetching Global Policy Inputs...
17:02:07 - ❌ FRED API Failed (<urlopen error [Errno -3] Temporary failure in name resolution>). Attempting to load from local cache...
17:02:07 - ♻️ Loading data from local cache.
17:02:07 - Initializing Continuous Cole Pulse Physics Engine...
17:02:07 - Running Multivariate LSTM Forecast (CPU Execution)...
17:02:08 - Loaded cached LSTM weights.
17:02:09 - Generating Grand Unified Dashboard (Macro + Physics + 3D)...
17:02:16 - Chromium init'ed with kwargs {}
17:02:16 - Found chromium path: /home/andrew/miniconda3/envs/tf_noavx/lib/python3.9/site-packages/choreographer/cli/browser_exe/chrome-linux64/chrome
17:02:16 - Temp directory created: /tmp/tmpq63yzl8i.
17:02:16 - Opening browser.
17:02:16 - Temp directory created: /tmp/tmphd03xqzm.
17:02:16 - Temporary directory at: /tmp/tmphd03xqzm
17:02:20 - Closing browser.
17:02:20 - Closing browser.
17:02:20 - TemporaryDirectory.cleanup() worked.
17:02:20 - shutil.rmtree worked.
17:02:21 - TemporaryDirectory.cleanup() worked.
17:02:21 - shutil.rmtree worked.
17:02:21 - TemporaryDirectory.cleanup() worked.
17:02:21 - shutil.rmtree worked.
17:02:21 - Chromium init'ed with kwargs {}
17:02:21 - Found chromium path: /home/andrew/miniconda3/envs/tf_noavx/lib/python3.9/site-packages/choreographer/cli/browser_exe/chrome-linux64/chrome
17:02:21 - Temp directory created: /tmp/tmp20vxmvxp.
17:02:21 - Opening browser.
17:02:21 - Temp directory created: /tmp/tmpl6h3r1u0.
17:02:21 - Temporary directory at: /tmp/tmpl6h3r1u0
17:02:26 - Closing browser.
17:02:26 - Closing browser.
17:02:26 - TemporaryDirectory.cleanup() worked.
17:02:26 - shutil.rmtree worked.
17:02:26 - TemporaryDirectory.cleanup() worked.
17:02:26 - shutil.rmtree worked.
17:02:26 - TemporaryDirectory.cleanup() worked.
17:02:26 - shutil.rmtree worked.
17:02:26 - Chromium init'ed with kwargs {}
17:02:26 - Found chromium path: /home/andrew/miniconda3/envs/tf_noavx/lib/python3.9/site-packages/choreographer/cli/browser_exe/chrome-linux64/chrome
17:02:26 - Temp directory created: /tmp/tmpwj50l9hn.
17:02:26 - Opening browser.
17:02:26 - Temp directory created: /tmp/tmp6rgwzfze.
17:02:26 - Temporary directory at: /tmp/tmp6rgwzfze
17:02:31 - Closing browser.
17:02:31 - Closing browser.
17:02:31 - TemporaryDirectory.cleanup() worked.
17:02:31 - shutil.rmtree worked.
17:02:32 - TemporaryDirectory.cleanup() worked.
17:02:32 - shutil.rmtree worked.
17:02:32 - TemporaryDirectory.cleanup() worked.
17:02:32 - shutil.rmtree worked.
17:02:32 - ✅ Saved high-res static PNGs for Substack export.
17:02:32 - Saved AQI_Unified.html and standalone AQI_3d_physics_model.html
17:02:32 - Generating Two-Tiered Substack Briefing (Free vs Paid)...
17:02:58 - ✅ Substack Draft generated: /home/andrew/.ssh/Trading/AQI_Genesis/Substack_Draft_20260618.md
17:02:58 - 💾 Pushing live data matrix to SaaS Database (Streamlit backend)...
17:02:58 - TemporaryDirectory.cleanup() worked.
17:02:58 - shutil.rmtree worked.
17:02:58 - TemporaryDirectory.cleanup() worked.
17:02:58 - shutil.rmtree worked.
17:02:58 - TemporaryDirectory.cleanup() worked.
17:02:58 - shutil.rmtree worked.
17:02:59 - ✅ SaaS Database updated. The AQI Genesis Streamlit Terminal is now live.
17:03:25 - ✅ Briefing Sent Successfully.
