17:00:09 - --- Starting Grand Unified Data Ingestion ---
17:00:09 - Fetching Physics Engine Inputs (Job Losers, Income, Hours)...
17:00:25 - Fetching US Core Macro...
17:00:51 - Fetching Global Policy Inputs...
17:01:23 - Fetching Market Internals...
17:01:46 - 💾 Saved fresh data to local cache.
17:01:46 - Initializing Continuous Cole Pulse Physics Engine...
17:01:46 - Running Multivariate LSTM Forecast (CPU Execution)...
17:01:47 - Loaded cached LSTM weights.
17:01:49 - Generating Grand Unified Dashboard (Macro + Physics + 3D)...
17:01:56 - Chromium init'ed with kwargs {}
17:01:56 - Found chromium path: /home/andrew/miniconda3/envs/tf_noavx/lib/python3.9/site-packages/choreographer/cli/browser_exe/chrome-linux64/chrome
17:01:56 - Temp directory created: /tmp/tmpa1sr2mmc.
17:01:56 - Opening browser.
17:01:56 - Temp directory created: /tmp/tmp_mtb6bur.
17:01:56 - Temporary directory at: /tmp/tmp_mtb6bur
17:01:59 - Closing browser.
17:01:59 - Closing browser.
17:01:59 - TemporaryDirectory.cleanup() worked.
17:01:59 - shutil.rmtree worked.
17:02:00 - TemporaryDirectory.cleanup() worked.
17:02:00 - shutil.rmtree worked.
17:02:00 - TemporaryDirectory.cleanup() worked.
17:02:00 - shutil.rmtree worked.
17:02:00 - Chromium init'ed with kwargs {}
17:02:00 - Found chromium path: /home/andrew/miniconda3/envs/tf_noavx/lib/python3.9/site-packages/choreographer/cli/browser_exe/chrome-linux64/chrome
17:02:00 - Temp directory created: /tmp/tmp3htvdliq.
17:02:00 - Opening browser.
17:02:00 - Temp directory created: /tmp/tmpurh7sylj.
17:02:00 - Temporary directory at: /tmp/tmpurh7sylj
17:02:04 - Closing browser.
17:02:04 - Closing browser.
17:02:04 - TemporaryDirectory.cleanup() worked.
17:02:04 - shutil.rmtree worked.
17:02:04 - TemporaryDirectory.cleanup() worked.
17:02:04 - shutil.rmtree worked.
17:02:04 - TemporaryDirectory.cleanup() worked.
17:02:04 - shutil.rmtree worked.
17:02:04 - Chromium init'ed with kwargs {}
17:02:04 - Found chromium path: /home/andrew/miniconda3/envs/tf_noavx/lib/python3.9/site-packages/choreographer/cli/browser_exe/chrome-linux64/chrome
17:02:04 - Temp directory created: /tmp/tmpjdku7way.
17:02:04 - Opening browser.
17:02:04 - Temp directory created: /tmp/tmp0i_u2vr7.
17:02:04 - Temporary directory at: /tmp/tmp0i_u2vr7
17:02:08 - Closing browser.
17:02:08 - Closing browser.
17:02:08 - TemporaryDirectory.cleanup() worked.
17:02:08 - shutil.rmtree worked.
17:02:08 - TemporaryDirectory.cleanup() worked.
17:02:08 - shutil.rmtree worked.
17:02:08 - TemporaryDirectory.cleanup() worked.
17:02:08 - shutil.rmtree worked.
17:02:08 - ✅ Saved high-res static PNGs for Substack export.
17:02:08 - Saved AQI_Unified.html and standalone AQI_3d_physics_model.html
17:02:08 - Generating Two-Tiered Substack Briefing (Free vs Paid)...
17:02:29 - ✅ Substack Draft generated: /home/andrew/.ssh/Trading/AQI_Genesis/Substack_Draft_20260614.md
17:02:29 - 💾 Pushing live data matrix to SaaS Database (Streamlit backend)...
17:02:29 - ✅ SaaS Database updated. The AQI Genesis Streamlit Terminal is now live.
17:02:55 - ✅ Briefing Sent Successfully.
17:02:55 - TemporaryDirectory.cleanup() worked.
17:02:55 - shutil.rmtree worked.
17:02:55 - TemporaryDirectory.cleanup() worked.
17:02:55 - shutil.rmtree worked.
17:02:55 - TemporaryDirectory.cleanup() worked.
17:02:55 - shutil.rmtree worked.
