17:00:10 - --- Starting Grand Unified Data Ingestion ---
17:00:10 - Fetching Physics Engine Inputs (Job Losers, Income, Hours)...
17:00:16 - Fetching US Core Macro...
17:00:21 - ❌ FRED API Failed (Internal Server Error). Attempting to load from local cache...
17:00:21 - ♻️ Loading data from local cache.
17:00:21 - Initializing Continuous Cole Pulse Physics Engine...
17:00:21 - Running Multivariate LSTM Forecast (CPU Execution)...
17:00:22 - Loaded cached LSTM weights.
17:00:23 - Generating Grand Unified Dashboard (Macro + Physics + 3D)...
17:00:30 - Chromium init'ed with kwargs {}
17:00:30 - Found chromium path: /home/andrew/miniconda3/envs/tf_noavx/lib/python3.9/site-packages/choreographer/cli/browser_exe/chrome-linux64/chrome
17:00:30 - Temp directory created: /tmp/tmpby28jbld.
17:00:30 - Opening browser.
17:00:30 - Temp directory created: /tmp/tmp6h4uknej.
17:00:30 - Temporary directory at: /tmp/tmp6h4uknej
17:00:34 - Closing browser.
17:00:34 - Closing browser.
17:00:34 - TemporaryDirectory.cleanup() worked.
17:00:34 - shutil.rmtree worked.
17:00:34 - TemporaryDirectory.cleanup() worked.
17:00:34 - shutil.rmtree worked.
17:00:34 - TemporaryDirectory.cleanup() worked.
17:00:34 - shutil.rmtree worked.
17:00:34 - Chromium init'ed with kwargs {}
17:00:34 - Found chromium path: /home/andrew/miniconda3/envs/tf_noavx/lib/python3.9/site-packages/choreographer/cli/browser_exe/chrome-linux64/chrome
17:00:34 - Temp directory created: /tmp/tmp0meyptmp.
17:00:34 - Opening browser.
17:00:34 - Temp directory created: /tmp/tmpypgw2u1i.
17:00:34 - Temporary directory at: /tmp/tmpypgw2u1i
17:00:38 - Closing browser.
17:00:38 - Closing browser.
17:00:38 - TemporaryDirectory.cleanup() worked.
17:00:38 - shutil.rmtree worked.
17:00:38 - TemporaryDirectory.cleanup() worked.
17:00:38 - shutil.rmtree worked.
17:00:38 - TemporaryDirectory.cleanup() worked.
17:00:38 - shutil.rmtree worked.
17:00:38 - Chromium init'ed with kwargs {}
17:00:38 - Found chromium path: /home/andrew/miniconda3/envs/tf_noavx/lib/python3.9/site-packages/choreographer/cli/browser_exe/chrome-linux64/chrome
17:00:38 - Temp directory created: /tmp/tmpxe62i6v6.
17:00:38 - Opening browser.
17:00:38 - Temp directory created: /tmp/tmpaevzq_3b.
17:00:39 - Temporary directory at: /tmp/tmpaevzq_3b
17:00:42 - Closing browser.
17:00:42 - Closing browser.
17:00:42 - TemporaryDirectory.cleanup() worked.
17:00:42 - shutil.rmtree worked.
17:00:43 - TemporaryDirectory.cleanup() worked.
17:00:43 - shutil.rmtree worked.
17:00:43 - TemporaryDirectory.cleanup() worked.
17:00:43 - shutil.rmtree worked.
17:00:43 - ✅ Saved high-res static PNGs for Substack export.
17:00:43 - Saved AQI_Unified.html and standalone AQI_3d_physics_model.html
17:00:43 - Generating Two-Tiered Substack Briefing (Free vs Paid)...
17:01:07 - ✅ Substack Draft generated: /home/andrew/.ssh/Trading/AQI_Genesis/Substack_Draft_20260503.md
17:01:07 - 💾 Pushing live data matrix to SaaS Database (Streamlit backend)...
17:01:07 - TemporaryDirectory.cleanup() worked.
17:01:07 - shutil.rmtree worked.
17:01:07 - TemporaryDirectory.cleanup() worked.
17:01:07 - shutil.rmtree worked.
17:01:07 - TemporaryDirectory.cleanup() worked.
17:01:07 - shutil.rmtree worked.
17:01:07 - ✅ SaaS Database updated. The AQI Genesis Streamlit Terminal is now live.
17:01:24 - ✅ Briefing Sent Successfully.
