17:00:07 - --- Starting Grand Unified Data Ingestion ---
17:00:07 - Fetching Physics Engine Inputs (Job Losers, Income, Hours)...
17:00:27 - Fetching US Core Macro...
17:00:35 - ❌ FRED API Failed (None). Attempting to load from local cache...
17:00:35 - ♻️ Loading data from local cache.
17:00:35 - Initializing Continuous Cole Pulse Physics Engine...
17:00:35 - Running Multivariate LSTM Forecast (CPU Execution)...
17:00:36 - Loaded cached LSTM weights.
17:00:38 - Generating Grand Unified Dashboard (Macro + Physics + 3D)...
17:00:45 - Chromium init'ed with kwargs {}
17:00:45 - Found chromium path: /home/andrew/miniconda3/envs/tf_noavx/lib/python3.9/site-packages/choreographer/cli/browser_exe/chrome-linux64/chrome
17:00:45 - Temp directory created: /tmp/tmp1j_xurgw.
17:00:45 - Opening browser.
17:00:45 - Temp directory created: /tmp/tmpl6xqyv5p.
17:00:45 - Temporary directory at: /tmp/tmpl6xqyv5p
17:00:48 - Closing browser.
17:00:48 - Closing browser.
17:00:48 - TemporaryDirectory.cleanup() worked.
17:00:48 - shutil.rmtree worked.
17:00:48 - TemporaryDirectory.cleanup() worked.
17:00:48 - shutil.rmtree worked.
17:00:48 - TemporaryDirectory.cleanup() worked.
17:00:48 - shutil.rmtree worked.
17:00:48 - Chromium init'ed with kwargs {}
17:00:48 - Found chromium path: /home/andrew/miniconda3/envs/tf_noavx/lib/python3.9/site-packages/choreographer/cli/browser_exe/chrome-linux64/chrome
17:00:48 - Temp directory created: /tmp/tmpog9n9vhn.
17:00:48 - Opening browser.
17:00:48 - Temp directory created: /tmp/tmpruscldir.
17:00:48 - Temporary directory at: /tmp/tmpruscldir
17:00:52 - Closing browser.
17:00:52 - Closing browser.
17:00:52 - TemporaryDirectory.cleanup() worked.
17:00:52 - shutil.rmtree worked.
17:00:52 - TemporaryDirectory.cleanup() worked.
17:00:52 - shutil.rmtree worked.
17:00:52 - TemporaryDirectory.cleanup() worked.
17:00:52 - shutil.rmtree worked.
17:00:52 - Chromium init'ed with kwargs {}
17:00:52 - Found chromium path: /home/andrew/miniconda3/envs/tf_noavx/lib/python3.9/site-packages/choreographer/cli/browser_exe/chrome-linux64/chrome
17:00:52 - Temp directory created: /tmp/tmpd6g787wk.
17:00:52 - Opening browser.
17:00:52 - Temp directory created: /tmp/tmpqvce6k8w.
17:00:52 - Temporary directory at: /tmp/tmpqvce6k8w
17:00:57 - Closing browser.
17:00:57 - Closing browser.
17:00:57 - TemporaryDirectory.cleanup() worked.
17:00:57 - shutil.rmtree worked.
17:00:57 - TemporaryDirectory.cleanup() worked.
17:00:57 - shutil.rmtree worked.
17:00:57 - TemporaryDirectory.cleanup() worked.
17:00:57 - shutil.rmtree worked.
17:00:57 - ✅ Saved high-res static PNGs for Substack export.
17:00:57 - Saved AQI_Unified.html and standalone AQI_3d_physics_model.html
17:00:57 - Generating Two-Tiered Substack Briefing (Free vs Paid)...
17:01:19 - ✅ Substack Draft generated: /home/andrew/.ssh/Trading/AQI_Genesis/Substack_Draft_20260615.md
17:01:19 - 💾 Pushing live data matrix to SaaS Database (Streamlit backend)...
17:01:19 - TemporaryDirectory.cleanup() worked.
17:01:19 - shutil.rmtree worked.
17:01:19 - TemporaryDirectory.cleanup() worked.
17:01:19 - shutil.rmtree worked.
17:01:19 - TemporaryDirectory.cleanup() worked.
17:01:19 - shutil.rmtree worked.
17:01:19 - ✅ SaaS Database updated. The AQI Genesis Streamlit Terminal is now live.
17:01:39 - ✅ Briefing Sent Successfully.
