17:00:07 - --- Starting Grand Unified Data Ingestion ---
17:00:07 - Fetching Physics Engine Inputs (Job Losers, Income, Hours)...
17:00:17 - Fetching US Core Macro...
17:00:43 - Fetching Global Policy Inputs...
17:01:26 - Fetching Market Internals...
17:02:08 - 💾 Saved fresh data to local cache.
17:02:08 - Initializing Continuous Cole Pulse Physics Engine...
17:02:08 - Running Multivariate LSTM Forecast (CPU Execution)...
17:02:09 - Loaded cached LSTM weights.
17:02:11 - Generating Grand Unified Dashboard (Macro + Physics + 3D)...
17:02:17 - Chromium init'ed with kwargs {}
17:02:17 - Found chromium path: /home/andrew/miniconda3/envs/tf_noavx/lib/python3.9/site-packages/choreographer/cli/browser_exe/chrome-linux64/chrome
17:02:17 - Temp directory created: /tmp/tmpi6lj41ly.
17:02:17 - Opening browser.
17:02:17 - Temp directory created: /tmp/tmp0uzcf_t1.
17:02:18 - Temporary directory at: /tmp/tmp0uzcf_t1
17:02:21 - Closing browser.
17:02:21 - Closing browser.
17:02:21 - TemporaryDirectory.cleanup() worked.
17:02:21 - shutil.rmtree worked.
17:02:21 - TemporaryDirectory.cleanup() worked.
17:02:21 - shutil.rmtree worked.
17:02:21 - TemporaryDirectory.cleanup() worked.
17:02:21 - shutil.rmtree worked.
17:02:21 - TemporaryDirectory.cleanup() worked.
17:02:21 - shutil.rmtree worked.
17:02:21 - Chromium init'ed with kwargs {}
17:02:21 - Found chromium path: /home/andrew/miniconda3/envs/tf_noavx/lib/python3.9/site-packages/choreographer/cli/browser_exe/chrome-linux64/chrome
17:02:21 - Temp directory created: /tmp/tmpw8xup8_m.
17:02:21 - Opening browser.
17:02:21 - Temp directory created: /tmp/tmppszb8_o9.
17:02:21 - Temporary directory at: /tmp/tmppszb8_o9
17:02:25 - Closing browser.
17:02:25 - Closing browser.
17:02:25 - TemporaryDirectory.cleanup() worked.
17:02:25 - shutil.rmtree worked.
17:02:25 - TemporaryDirectory.cleanup() worked.
17:02:25 - shutil.rmtree worked.
17:02:25 - TemporaryDirectory.cleanup() worked.
17:02:25 - shutil.rmtree worked.
17:02:25 - Chromium init'ed with kwargs {}
17:02:25 - Found chromium path: /home/andrew/miniconda3/envs/tf_noavx/lib/python3.9/site-packages/choreographer/cli/browser_exe/chrome-linux64/chrome
17:02:25 - Temp directory created: /tmp/tmp3tv2j51n.
17:02:25 - Opening browser.
17:02:25 - Temp directory created: /tmp/tmpqfhh70na.
17:02:25 - Temporary directory at: /tmp/tmpqfhh70na
17:02:29 - Closing browser.
17:02:29 - Closing browser.
17:02:29 - TemporaryDirectory.cleanup() worked.
17:02:29 - shutil.rmtree worked.
17:02:29 - TemporaryDirectory.cleanup() worked.
17:02:29 - shutil.rmtree worked.
17:02:29 - TemporaryDirectory.cleanup() worked.
17:02:29 - shutil.rmtree worked.
17:02:29 - ✅ Saved high-res static PNGs for Substack export.
17:02:30 - Saved AQI_Unified.html and standalone AQI_3d_physics_model.html
17:02:30 - Generating Two-Tiered Substack Briefing (Free vs Paid)...
17:02:59 - ✅ Substack Draft generated: /home/andrew/.ssh/Trading/AQI_Genesis/Substack_Draft_20260525.md
17:02:59 - 💾 Pushing live data matrix to SaaS Database (Streamlit backend)...
17:02:59 - ✅ SaaS Database updated. The AQI Genesis Streamlit Terminal is now live.
17:03:21 - ✅ Briefing Sent Successfully.
17:03:22 - TemporaryDirectory.cleanup() worked.
17:03:22 - shutil.rmtree worked.
17:03:22 - TemporaryDirectory.cleanup() worked.
17:03:22 - shutil.rmtree worked.
