17:00:08 - --- Starting Grand Unified Data Ingestion ---
17:00:08 - Fetching Physics Engine Inputs (Job Losers, Income, Hours)...
17:00:15 - Fetching US Core Macro...
17:00:30 - ❌ FRED API Failed (Internal Server Error). Attempting to load from local cache...
17:00:30 - ♻️ Loading data from local cache.
17:00:30 - Initializing Continuous Cole Pulse Physics Engine...
17:00:30 - Running Multivariate LSTM Forecast (CPU Execution)...
17:00:30 - Loaded cached LSTM weights.
17:00:32 - Generating Grand Unified Dashboard (Macro + Physics + 3D)...
17:00:40 - Chromium init'ed with kwargs {}
17:00:40 - Found chromium path: /home/andrew/miniconda3/envs/tf_noavx/lib/python3.9/site-packages/choreographer/cli/browser_exe/chrome-linux64/chrome
17:00:40 - Temp directory created: /tmp/tmplfj7sxx9.
17:00:40 - Opening browser.
17:00:40 - Temp directory created: /tmp/tmpw8zbicuy.
17:00:40 - Temporary directory at: /tmp/tmpw8zbicuy
17:00:44 - Closing browser.
17:00:44 - Closing browser.
17:00:44 - TemporaryDirectory.cleanup() worked.
17:00:44 - shutil.rmtree worked.
17:00:44 - TemporaryDirectory.cleanup() worked.
17:00:44 - shutil.rmtree worked.
17:00:44 - TemporaryDirectory.cleanup() worked.
17:00:44 - shutil.rmtree worked.
17:00:44 - Chromium init'ed with kwargs {}
17:00:44 - Found chromium path: /home/andrew/miniconda3/envs/tf_noavx/lib/python3.9/site-packages/choreographer/cli/browser_exe/chrome-linux64/chrome
17:00:44 - Temp directory created: /tmp/tmpxoqhna9o.
17:00:44 - Opening browser.
17:00:44 - Temp directory created: /tmp/tmp5uds66h8.
17:00:44 - Temporary directory at: /tmp/tmp5uds66h8
17:00:48 - Closing browser.
17:00:48 - Closing browser.
17:00:48 - TemporaryDirectory.cleanup() worked.
17:00:48 - shutil.rmtree worked.
17:00:49 - TemporaryDirectory.cleanup() worked.
17:00:49 - shutil.rmtree worked.
17:00:49 - TemporaryDirectory.cleanup() worked.
17:00:49 - shutil.rmtree worked.
17:00:49 - Chromium init'ed with kwargs {}
17:00:49 - Found chromium path: /home/andrew/miniconda3/envs/tf_noavx/lib/python3.9/site-packages/choreographer/cli/browser_exe/chrome-linux64/chrome
17:00:49 - Temp directory created: /tmp/tmpirt5sicv.
17:00:49 - Opening browser.
17:00:49 - Temp directory created: /tmp/tmp178dyo5b.
17:00:49 - Temporary directory at: /tmp/tmp178dyo5b
17:00:53 - Closing browser.
17:00:53 - Closing browser.
17:00:53 - TemporaryDirectory.cleanup() worked.
17:00:53 - shutil.rmtree worked.
17:00:53 - TemporaryDirectory.cleanup() worked.
17:00:53 - shutil.rmtree worked.
17:00:53 - TemporaryDirectory.cleanup() worked.
17:00:53 - shutil.rmtree worked.
17:00:53 - ✅ Saved high-res static PNGs for Substack export.
17:00:53 - Saved AQI_Unified.html and standalone AQI_3d_physics_model.html
17:00:53 - Generating Two-Tiered Substack Briefing (Free vs Paid)...
17:00:53 - TemporaryDirectory.cleanup() worked.
17:00:53 - shutil.rmtree worked.
17:00:53 - TemporaryDirectory.cleanup() worked.
17:00:53 - shutil.rmtree worked.
17:00:53 - TemporaryDirectory.cleanup() worked.
17:00:53 - shutil.rmtree worked.
17:01:21 - ✅ Substack Draft generated: /home/andrew/.ssh/Trading/AQI_Genesis/Substack_Draft_20260412.md
17:01:21 - 💾 Pushing live data matrix to SaaS Database (Streamlit backend)...
17:01:21 - ✅ SaaS Database updated. The AQI Genesis Streamlit Terminal is now live.
17:01:47 - ✅ Briefing Sent Successfully.
