11:00:07 - --- Starting Grand Unified Data Ingestion ---
11:00:07 - Fetching Physics Engine Inputs (Job Losers, Income, Hours)...
11:00:20 - Fetching US Core Macro...
11:00:33 - ❌ FRED API Failed (Internal Server Error). Attempting to load from local cache...
11:00:33 - ♻️ Loading data from local cache.
11:00:33 - Initializing Continuous Cole Pulse Physics Engine...
11:00:33 - Running Multivariate LSTM Forecast (CPU Execution)...
11:00:34 - Loaded cached LSTM weights.
11:00:35 - Generating Grand Unified Dashboard (Macro + Physics + 3D)...
11:00:42 - Chromium init'ed with kwargs {}
11:00:42 - Found chromium path: /home/andrew/miniconda3/envs/tf_noavx/lib/python3.9/site-packages/choreographer/cli/browser_exe/chrome-linux64/chrome
11:00:42 - Temp directory created: /tmp/tmpjbe40cqb.
11:00:42 - Opening browser.
11:00:42 - Temp directory created: /tmp/tmpju51_fhe.
11:00:42 - Temporary directory at: /tmp/tmpju51_fhe
11:00:46 - Closing browser.
11:00:46 - Closing browser.
11:00:46 - TemporaryDirectory.cleanup() worked.
11:00:46 - shutil.rmtree worked.
11:00:46 - TemporaryDirectory.cleanup() worked.
11:00:46 - shutil.rmtree worked.
11:00:46 - TemporaryDirectory.cleanup() worked.
11:00:46 - shutil.rmtree worked.
11:00:46 - Chromium init'ed with kwargs {}
11:00:46 - Found chromium path: /home/andrew/miniconda3/envs/tf_noavx/lib/python3.9/site-packages/choreographer/cli/browser_exe/chrome-linux64/chrome
11:00:46 - Temp directory created: /tmp/tmp5kpz6c8z.
11:00:46 - Opening browser.
11:00:46 - Temp directory created: /tmp/tmpyz14sq4z.
11:00:46 - Temporary directory at: /tmp/tmpyz14sq4z
11:00:51 - Closing browser.
11:00:51 - Closing browser.
11:00:51 - TemporaryDirectory.cleanup() worked.
11:00:51 - shutil.rmtree worked.
11:00:51 - TemporaryDirectory.cleanup() worked.
11:00:51 - shutil.rmtree worked.
11:00:51 - TemporaryDirectory.cleanup() worked.
11:00:51 - shutil.rmtree worked.
11:00:51 - Chromium init'ed with kwargs {}
11:00:51 - Found chromium path: /home/andrew/miniconda3/envs/tf_noavx/lib/python3.9/site-packages/choreographer/cli/browser_exe/chrome-linux64/chrome
11:00:51 - Temp directory created: /tmp/tmp8ey4zccc.
11:00:51 - Opening browser.
11:00:51 - Temp directory created: /tmp/tmpramkf6o_.
11:00:51 - Temporary directory at: /tmp/tmpramkf6o_
11:00:55 - Closing browser.
11:00:55 - Closing browser.
11:00:55 - TemporaryDirectory.cleanup() worked.
11:00:55 - shutil.rmtree worked.
11:00:56 - TemporaryDirectory.cleanup() worked.
11:00:56 - shutil.rmtree worked.
11:00:56 - TemporaryDirectory.cleanup() worked.
11:00:56 - shutil.rmtree worked.
11:00:56 - ✅ Saved high-res static PNGs for Substack export.
11:00:56 - Saved AQI_Unified.html and standalone AQI_3d_physics_model.html
11:00:56 - Generating Two-Tiered Substack Briefing (Free vs Paid)...
11:00:56 - TemporaryDirectory.cleanup() worked.
11:00:56 - shutil.rmtree worked.
11:00:56 - TemporaryDirectory.cleanup() worked.
11:00:56 - shutil.rmtree worked.
11:00:56 - TemporaryDirectory.cleanup() worked.
11:00:56 - shutil.rmtree worked.
11:01:26 - ✅ Substack Draft generated: /home/andrew/.ssh/Trading/AQI_Genesis/Substack_Draft_20260331.md
11:01:26 - 💾 Pushing live data matrix to SaaS Database (Streamlit backend)...
11:01:26 - ✅ SaaS Database updated. The AQI Genesis Streamlit Terminal is now live.
11:01:48 - ✅ Briefing Sent Successfully.
