17:00:08 - --- Starting Grand Unified Data Ingestion ---
17:00:08 - Fetching Physics Engine Inputs (Job Losers, Income, Hours)...
17:00:23 - Fetching US Core Macro...
17:00:46 - Fetching Global Policy Inputs...
17:01:20 - Fetching Market Internals...
17:01:42 - 💾 Saved fresh data to local cache.
17:01:42 - Initializing Continuous Cole Pulse Physics Engine...
17:01:42 - Running Multivariate LSTM Forecast (CPU Execution)...
17:01:43 - Loaded cached LSTM weights.
17:01:45 - Generating Grand Unified Dashboard (Macro + Physics + 3D)...
17:01:51 - Chromium init'ed with kwargs {}
17:01:51 - Found chromium path: /home/andrew/miniconda3/envs/tf_noavx/lib/python3.9/site-packages/choreographer/cli/browser_exe/chrome-linux64/chrome
17:01:51 - Temp directory created: /tmp/tmp0hrb6c40.
17:01:51 - Opening browser.
17:01:51 - Temp directory created: /tmp/tmp7xx_ubf6.
17:01:51 - Temporary directory at: /tmp/tmp7xx_ubf6
17:01:55 - Closing browser.
17:01:55 - Closing browser.
17:01:55 - TemporaryDirectory.cleanup() worked.
17:01:55 - shutil.rmtree worked.
17:01:55 - TemporaryDirectory.cleanup() worked.
17:01:55 - shutil.rmtree worked.
17:01:55 - TemporaryDirectory.cleanup() worked.
17:01:55 - shutil.rmtree worked.
17:01:55 - Chromium init'ed with kwargs {}
17:01:55 - Found chromium path: /home/andrew/miniconda3/envs/tf_noavx/lib/python3.9/site-packages/choreographer/cli/browser_exe/chrome-linux64/chrome
17:01:55 - Temp directory created: /tmp/tmpbh6sng7o.
17:01:55 - Opening browser.
17:01:55 - Temp directory created: /tmp/tmpcuom_l58.
17:01:55 - Temporary directory at: /tmp/tmpcuom_l58
17:01:59 - Closing browser.
17:01:59 - Closing browser.
17:01:59 - TemporaryDirectory.cleanup() worked.
17:01:59 - shutil.rmtree worked.
17:01:59 - TemporaryDirectory.cleanup() worked.
17:01:59 - shutil.rmtree worked.
17:01:59 - TemporaryDirectory.cleanup() worked.
17:01:59 - shutil.rmtree worked.
17:01:59 - Chromium init'ed with kwargs {}
17:01:59 - Found chromium path: /home/andrew/miniconda3/envs/tf_noavx/lib/python3.9/site-packages/choreographer/cli/browser_exe/chrome-linux64/chrome
17:01:59 - Temp directory created: /tmp/tmpbnize2hc.
17:01:59 - Opening browser.
17:01:59 - Temp directory created: /tmp/tmpycwbryit.
17:01:59 - Temporary directory at: /tmp/tmpycwbryit
17:02:03 - Closing browser.
17:02:03 - Closing browser.
17:02:03 - TemporaryDirectory.cleanup() worked.
17:02:03 - shutil.rmtree worked.
17:02:03 - TemporaryDirectory.cleanup() worked.
17:02:03 - shutil.rmtree worked.
17:02:03 - TemporaryDirectory.cleanup() worked.
17:02:03 - shutil.rmtree worked.
17:02:03 - ✅ Saved high-res static PNGs for Substack export.
17:02:04 - Saved AQI_Unified.html and standalone AQI_3d_physics_model.html
17:02:04 - Generating Two-Tiered Substack Briefing (Free vs Paid)...
17:02:04 - ✅ Substack Draft generated: /home/andrew/.ssh/Trading/AQI_Genesis/Substack_Draft_20260612.md
17:02:04 - 💾 Pushing live data matrix to SaaS Database (Streamlit backend)...
17:02:04 - ✅ SaaS Database updated. The AQI Genesis Streamlit Terminal is now live.
17:02:25 - ✅ Briefing Sent Successfully.
17:02:25 - TemporaryDirectory.cleanup() worked.
17:02:25 - shutil.rmtree worked.
17:02:25 - TemporaryDirectory.cleanup() worked.
17:02:25 - shutil.rmtree worked.
17:02:25 - TemporaryDirectory.cleanup() worked.
17:02:25 - shutil.rmtree worked.
