17:00:10 - --- Starting Grand Unified Data Ingestion ---
17:00:10 - Fetching Physics Engine Inputs (Job Losers, Income, Hours)...
17:00:19 - Fetching US Core Macro...
17:00:29 - ❌ FRED API Failed (Internal Server Error). Attempting to load from local cache...
17:00:29 - ♻️ Loading data from local cache.
17:00:29 - Initializing Continuous Cole Pulse Physics Engine...
17:00:29 - Running Multivariate LSTM Forecast (CPU Execution)...
17:00:30 - Training LSTM from scratch (This may take a moment)...
17:00:43 - Saved new LSTM weights to cache.
17:00:45 - Generating Grand Unified Dashboard (Macro + Physics + 3D)...
17:00:52 - Chromium init'ed with kwargs {}
17:00:52 - Found chromium path: /home/andrew/miniconda3/envs/tf_noavx/lib/python3.9/site-packages/choreographer/cli/browser_exe/chrome-linux64/chrome
17:00:52 - Temp directory created: /tmp/tmp82b7kjax.
17:00:52 - Opening browser.
17:00:52 - Temp directory created: /tmp/tmpdzr8vohx.
17:00:52 - Temporary directory at: /tmp/tmpdzr8vohx
17:00:57 - Closing browser.
17:00:57 - Closing browser.
17:00:57 - TemporaryDirectory.cleanup() worked.
17:00:57 - shutil.rmtree worked.
17:00:57 - TemporaryDirectory.cleanup() worked.
17:00:57 - shutil.rmtree worked.
17:00:57 - TemporaryDirectory.cleanup() worked.
17:00:57 - shutil.rmtree worked.
17:00:57 - Chromium init'ed with kwargs {}
17:00:57 - Found chromium path: /home/andrew/miniconda3/envs/tf_noavx/lib/python3.9/site-packages/choreographer/cli/browser_exe/chrome-linux64/chrome
17:00:57 - Temp directory created: /tmp/tmpg3fvhe5f.
17:00:57 - Opening browser.
17:00:57 - Temp directory created: /tmp/tmp5p91u17e.
17:00:57 - Temporary directory at: /tmp/tmp5p91u17e
17:01:01 - Closing browser.
17:01:01 - Closing browser.
17:01:01 - TemporaryDirectory.cleanup() worked.
17:01:01 - shutil.rmtree worked.
17:01:01 - TemporaryDirectory.cleanup() worked.
17:01:01 - shutil.rmtree worked.
17:01:01 - TemporaryDirectory.cleanup() worked.
17:01:01 - shutil.rmtree worked.
17:01:01 - Chromium init'ed with kwargs {}
17:01:01 - Found chromium path: /home/andrew/miniconda3/envs/tf_noavx/lib/python3.9/site-packages/choreographer/cli/browser_exe/chrome-linux64/chrome
17:01:01 - Temp directory created: /tmp/tmpr6p166cl.
17:01:01 - Opening browser.
17:01:01 - Temp directory created: /tmp/tmpjpqrhk18.
17:01:01 - Temporary directory at: /tmp/tmpjpqrhk18
17:01:05 - Closing browser.
17:01:05 - Closing browser.
17:01:05 - TemporaryDirectory.cleanup() worked.
17:01:05 - shutil.rmtree worked.
17:01:05 - TemporaryDirectory.cleanup() worked.
17:01:05 - shutil.rmtree worked.
17:01:05 - TemporaryDirectory.cleanup() worked.
17:01:05 - shutil.rmtree worked.
17:01:05 - ✅ Saved high-res static PNGs for Substack export.
17:01:06 - Saved AQI_Unified.html and standalone AQI_3d_physics_model.html
17:01:06 - Generating Two-Tiered Substack Briefing (Free vs Paid)...
17:01:40 - ✅ Substack Draft generated: /home/andrew/.ssh/Trading/AQI_Genesis/Substack_Draft_20260430.md
17:01:40 - 💾 Pushing live data matrix to SaaS Database (Streamlit backend)...
17:01:40 - TemporaryDirectory.cleanup() worked.
17:01:40 - shutil.rmtree worked.
17:01:40 - TemporaryDirectory.cleanup() worked.
17:01:40 - shutil.rmtree worked.
17:01:40 - TemporaryDirectory.cleanup() worked.
17:01:40 - shutil.rmtree worked.
17:01:41 - ✅ SaaS Database updated. The AQI Genesis Streamlit Terminal is now live.
17:02:01 - ✅ Briefing Sent Successfully.
