2026-04-02 11:16:24.957 WARNING streamlit.runtime.scriptrunner_utils.script_run_context: Thread 'MainThread': missing ScriptRunContext! This warning can be ignored when running in bare mode.
2026-04-02 11:16:24.958 WARNING streamlit.runtime.scriptrunner_utils.script_run_context: Thread 'MainThread': missing ScriptRunContext! This warning can be ignored when running in bare mode.
2026-04-02 11:16:25.195 
  [33m[1mWarning:[0m to view this Streamlit app on a browser, run it with the following
  command:

    streamlit run /home/andrew/.ssh/Trading/AQI_Genesis/0_AQI_Genesis_Dashboard.py [ARGUMENTS]
2026-04-02 11:16:25.195 Thread 'MainThread': missing ScriptRunContext! This warning can be ignored when running in bare mode.
2026-04-02 11:16:25.195 Thread 'MainThread': missing ScriptRunContext! This warning can be ignored when running in bare mode.
2026-04-02 11:16:25.195 Thread 'MainThread': missing ScriptRunContext! This warning can be ignored when running in bare mode.
2026-04-02 11:16:25.195 Session state does not function when running a script without `streamlit run`
2026-04-02 11:16:25.195 Thread 'MainThread': missing ScriptRunContext! This warning can be ignored when running in bare mode.
2026-04-02 11:16:25.196 Thread 'MainThread': missing ScriptRunContext! This warning can be ignored when running in bare mode.
2026-04-02 11:16:25.196 Thread 'MainThread': missing ScriptRunContext! This warning can be ignored when running in bare mode.
2026-04-02 11:16:25.196 Thread 'MainThread': missing ScriptRunContext! This warning can be ignored when running in bare mode.
2026-04-02 11:16:25.196 Thread 'MainThread': missing ScriptRunContext! This warning can be ignored when running in bare mode.
2026-04-02 11:16:25.196 Thread 'MainThread': missing ScriptRunContext! This warning can be ignored when running in bare mode.
2026-04-02 11:16:25.196 Thread 'MainThread': missing ScriptRunContext! This warning can be ignored when running in bare mode.
2026-04-02 11:16:25.196 Thread 'MainThread': missing ScriptRunContext! This warning can be ignored when running in bare mode.
2026-04-02 11:16:25.196 Thread 'MainThread': missing ScriptRunContext! This warning can be ignored when running in bare mode.
2026-04-02 11:16:25.196 Thread 'MainThread': missing ScriptRunContext! This warning can be ignored when running in bare mode.
2026-04-02 11:16:25.196 Thread 'MainThread': missing ScriptRunContext! This warning can be ignored when running in bare mode.
2026-04-02 11:16:25.197 Thread 'MainThread': missing ScriptRunContext! This warning can be ignored when running in bare mode.
2026-04-02 11:16:25.197 Thread 'MainThread': missing ScriptRunContext! This warning can be ignored when running in bare mode.
2026-04-02 11:16:25.197 Thread 'MainThread': missing ScriptRunContext! This warning can be ignored when running in bare mode.
2026-04-02 11:16:25.197 Thread 'MainThread': missing ScriptRunContext! This warning can be ignored when running in bare mode.
2026-04-02 11:16:25.197 Thread 'MainThread': missing ScriptRunContext! This warning can be ignored when running in bare mode.
2026-04-02 11:16:25.197 Thread 'MainThread': missing ScriptRunContext! This warning can be ignored when running in bare mode.
2026-04-02 11:16:25.197 Thread 'MainThread': missing ScriptRunContext! This warning can be ignored when running in bare mode.
2026-04-02 11:16:25.197 Thread 'MainThread': missing ScriptRunContext! This warning can be ignored when running in bare mode.
2026-04-02 11:16:25.197 Thread 'MainThread': missing ScriptRunContext! This warning can be ignored when running in bare mode.
2026-04-02 11:16:25.197 Thread 'MainThread': missing ScriptRunContext! This warning can be ignored when running in bare mode.
2026-04-02 11:16:25.198 Thread 'MainThread': missing ScriptRunContext! This warning can be ignored when running in bare mode.
2026-04-02 11:16:25.198 Thread 'MainThread': missing ScriptRunContext! This warning can be ignored when running in bare mode.
2026-04-02 11:16:25.198 Thread 'MainThread': missing ScriptRunContext! This warning can be ignored when running in bare mode.
2026-04-02 11:16:25.198 Thread 'MainThread': missing ScriptRunContext! This warning can be ignored when running in bare mode.
2026-04-02 11:16:25.198 Thread 'MainThread': missing ScriptRunContext! This warning can be ignored when running in bare mode.
2026-04-02 11:16:25.198 Thread 'MainThread': missing ScriptRunContext! This warning can be ignored when running in bare mode.
2026-04-02 11:16:25.198 No runtime found, using MemoryCacheStorageManager
2026-04-02 11:16:25.208 No runtime found, using MemoryCacheStorageManager
2026-04-02 11:16:25.208 Thread 'MainThread': missing ScriptRunContext! This warning can be ignored when running in bare mode.
2026-04-02 11:16:25.208 Thread 'MainThread': missing ScriptRunContext! This warning can be ignored when running in bare mode.
2026-04-02 11:16:25.208 Thread 'MainThread': missing ScriptRunContext! This warning can be ignored when running in bare mode.
2026-04-02 11:16:25.208 Thread 'MainThread': missing ScriptRunContext! This warning can be ignored when running in bare mode.
2026-04-02 11:16:25.325 Thread 'MainThread': missing ScriptRunContext! This warning can be ignored when running in bare mode.
2026-04-02 11:16:25.325 Thread 'MainThread': missing ScriptRunContext! This warning can be ignored when running in bare mode.
2026-04-02 11:16:25.325 Thread 'MainThread': missing ScriptRunContext! This warning can be ignored when running in bare mode.
2026-04-02 11:16:25.327 Thread 'MainThread': missing ScriptRunContext! This warning can be ignored when running in bare mode.
2026-04-02 11:16:25.327 Thread 'MainThread': missing ScriptRunContext! This warning can be ignored when running in bare mode.
2026-04-02 11:16:25.327 Thread 'MainThread': missing ScriptRunContext! This warning can be ignored when running in bare mode.
2026-04-02 11:16:25.328 Thread 'MainThread': missing ScriptRunContext! This warning can be ignored when running in bare mode.
2026-04-02 11:16:25.328 Thread 'MainThread': missing ScriptRunContext! This warning can be ignored when running in bare mode.
2026-04-02 11:16:25.328 Thread 'MainThread': missing ScriptRunContext! This warning can be ignored when running in bare mode.
2026-04-02 11:16:25.328 Thread 'MainThread': missing ScriptRunContext! This warning can be ignored when running in bare mode.
2026-04-02 11:16:25.328 Thread 'MainThread': missing ScriptRunContext! This warning can be ignored when running in bare mode.
2026-04-02 11:16:25.328 Thread 'MainThread': missing ScriptRunContext! This warning can be ignored when running in bare mode.
2026-04-02 11:16:25.328 Thread 'MainThread': missing ScriptRunContext! This warning can be ignored when running in bare mode.
2026-04-02 11:16:25.328 Thread 'MainThread': missing ScriptRunContext! This warning can be ignored when running in bare mode.
2026-04-02 11:16:25.329 Thread 'MainThread': missing ScriptRunContext! This warning can be ignored when running in bare mode.
2026-04-02 11:16:25.329 Thread 'MainThread': missing ScriptRunContext! This warning can be ignored when running in bare mode.
2026-04-02 11:16:25.329 Thread 'MainThread': missing ScriptRunContext! This warning can be ignored when running in bare mode.
2026-04-02 11:16:25.329 Thread 'MainThread': missing ScriptRunContext! This warning can be ignored when running in bare mode.
2026-04-02 11:16:25.329 Thread 'MainThread': missing ScriptRunContext! This warning can be ignored when running in bare mode.
2026-04-02 11:16:25.329 Thread 'MainThread': missing ScriptRunContext! This warning can be ignored when running in bare mode.
2026-04-02 11:16:25.329 Thread 'MainThread': missing ScriptRunContext! This warning can be ignored when running in bare mode.
2026-04-02 11:16:25.329 Thread 'MainThread': missing ScriptRunContext! This warning can be ignored when running in bare mode.
2026-04-02 11:16:25.329 Thread 'MainThread': missing ScriptRunContext! This warning can be ignored when running in bare mode.
2026-04-02 11:16:25.330 Thread 'MainThread': missing ScriptRunContext! This warning can be ignored when running in bare mode.
2026-04-02 11:16:25.330 Thread 'MainThread': missing ScriptRunContext! This warning can be ignored when running in bare mode.
2026-04-02 11:16:25.330 Thread 'MainThread': missing ScriptRunContext! This warning can be ignored when running in bare mode.
2026-04-02 11:16:25.330 Thread 'MainThread': missing ScriptRunContext! This warning can be ignored when running in bare mode.
2026-04-02 11:16:25.330 Thread 'MainThread': missing ScriptRunContext! This warning can be ignored when running in bare mode.
2026-04-02 11:16:25.330 Thread 'MainThread': missing ScriptRunContext! This warning can be ignored when running in bare mode.
2026-04-02 11:16:25.330 Thread 'MainThread': missing ScriptRunContext! This warning can be ignored when running in bare mode.
2026-04-02 11:16:27.592 Thread 'MainThread': missing ScriptRunContext! This warning can be ignored when running in bare mode.
2026-04-02 11:16:27.592 Thread 'MainThread': missing ScriptRunContext! This warning can be ignored when running in bare mode.
2026-04-02 11:16:27.593 Thread 'MainThread': missing ScriptRunContext! This warning can be ignored when running in bare mode.
2026-04-02 11:16:27.593 Thread 'MainThread': missing ScriptRunContext! This warning can be ignored when running in bare mode.
2026-04-02 11:16:27.593 Thread 'MainThread': missing ScriptRunContext! This warning can be ignored when running in bare mode.
2026-04-02 11:16:31.366 Thread 'MainThread': missing ScriptRunContext! This warning can be ignored when running in bare mode.
2026-04-02 11:16:31.367 Thread 'MainThread': missing ScriptRunContext! This warning can be ignored when running in bare mode.
2026-04-02 11:16:31.367 Thread 'MainThread': missing ScriptRunContext! This warning can be ignored when running in bare mode.
2026-04-02 11:16:31.367 Thread 'MainThread': missing ScriptRunContext! This warning can be ignored when running in bare mode.
2026-04-02 11:16:31.367 Thread 'MainThread': missing ScriptRunContext! This warning can be ignored when running in bare mode.
2026-04-02 11:16:31.368 Thread 'MainThread': missing ScriptRunContext! This warning can be ignored when running in bare mode.
2026-04-02 11:16:31.368 Thread 'MainThread': missing ScriptRunContext! This warning can be ignored when running in bare mode.
2026-04-02 11:16:31.368 Thread 'MainThread': missing ScriptRunContext! This warning can be ignored when running in bare mode.
2026-04-02 11:16:31.525 Thread 'MainThread': missing ScriptRunContext! This warning can be ignored when running in bare mode.
2026-04-02 11:16:31.525 Thread 'MainThread': missing ScriptRunContext! This warning can be ignored when running in bare mode.
2026-04-02 11:16:31.526 Thread 'MainThread': missing ScriptRunContext! This warning can be ignored when running in bare mode.
2026-04-02 11:16:31.526 Thread 'MainThread': missing ScriptRunContext! This warning can be ignored when running in bare mode.
2026-04-02 11:16:31.526 Thread 'MainThread': missing ScriptRunContext! This warning can be ignored when running in bare mode.
