17:00:09 - --- Starting Grand Unified Data Ingestion ---
17:00:09 - Fetching Physics Engine Inputs (Job Losers, Income, Hours)...
17:00:22 - Fetching US Core Macro...
17:00:24 - ❌ FRED API Failed (Internal Server Error). Attempting to load from local cache...
17:00:24 - ♻️ Loading data from local cache.
17:00:24 - Initializing Continuous Cole Pulse Physics Engine...
17:00:24 - Running Multivariate LSTM Forecast (CPU Execution)...
17:00:25 - Loaded cached LSTM weights.
17:00:27 - Generating Grand Unified Dashboard (Macro + Physics + 3D)...
17:00:34 - Chromium init'ed with kwargs {}
17:00:34 - Found chromium path: /home/andrew/miniconda3/envs/tf_noavx/lib/python3.9/site-packages/choreographer/cli/browser_exe/chrome-linux64/chrome
17:00:34 - Temp directory created: /tmp/tmp9dz53sd_.
17:00:34 - Opening browser.
17:00:34 - Temp directory created: /tmp/tmpv7mcsqm0.
17:00:34 - Temporary directory at: /tmp/tmpv7mcsqm0
17:00:40 - Closing browser.
17:00:40 - Closing browser.
17:00:40 - TemporaryDirectory.cleanup() worked.
17:00:40 - shutil.rmtree worked.
17:00:40 - TemporaryDirectory.cleanup() worked.
17:00:40 - shutil.rmtree worked.
17:00:40 - TemporaryDirectory.cleanup() worked.
17:00:40 - shutil.rmtree worked.
17:00:40 - Chromium init'ed with kwargs {}
17:00:40 - Found chromium path: /home/andrew/miniconda3/envs/tf_noavx/lib/python3.9/site-packages/choreographer/cli/browser_exe/chrome-linux64/chrome
17:00:40 - Temp directory created: /tmp/tmpyw25xf_y.
17:00:40 - Opening browser.
17:00:40 - Temp directory created: /tmp/tmpvdtsxwzz.
17:00:40 - Temporary directory at: /tmp/tmpvdtsxwzz
17:00:46 - Closing browser.
17:00:46 - Closing browser.
17:00:46 - TemporaryDirectory.cleanup() worked.
17:00:46 - shutil.rmtree worked.
17:00:46 - TemporaryDirectory.cleanup() worked.
17:00:46 - shutil.rmtree worked.
17:00:46 - TemporaryDirectory.cleanup() worked.
17:00:46 - shutil.rmtree worked.
17:00:46 - Chromium init'ed with kwargs {}
17:00:46 - Found chromium path: /home/andrew/miniconda3/envs/tf_noavx/lib/python3.9/site-packages/choreographer/cli/browser_exe/chrome-linux64/chrome
17:00:46 - Temp directory created: /tmp/tmpg8nu801t.
17:00:46 - Opening browser.
17:00:46 - Temp directory created: /tmp/tmpw9nlca99.
17:00:46 - Temporary directory at: /tmp/tmpw9nlca99
17:00:52 - Closing browser.
17:00:52 - Closing browser.
17:00:52 - TemporaryDirectory.cleanup() worked.
17:00:52 - shutil.rmtree worked.
17:00:52 - TemporaryDirectory.cleanup() worked.
17:00:52 - shutil.rmtree worked.
17:00:52 - TemporaryDirectory.cleanup() worked.
17:00:52 - shutil.rmtree worked.
17:00:52 - ✅ Saved high-res static PNGs for Substack export.
17:00:52 - Saved AQI_Unified.html and standalone AQI_3d_physics_model.html
17:00:52 - Generating Two-Tiered Substack Briefing (Free vs Paid)...
17:01:20 - ✅ Substack Draft generated: /home/andrew/.ssh/Trading/AQI_Genesis/Substack_Draft_20260515.md
17:01:20 - 💾 Pushing live data matrix to SaaS Database (Streamlit backend)...
17:01:20 - ✅ SaaS Database updated. The AQI Genesis Streamlit Terminal is now live.
17:01:44 - ✅ Briefing Sent Successfully.
17:01:45 - TemporaryDirectory.cleanup() worked.
17:01:45 - shutil.rmtree worked.
17:01:45 - TemporaryDirectory.cleanup() worked.
17:01:45 - shutil.rmtree worked.
17:01:45 - TemporaryDirectory.cleanup() worked.
17:01:45 - shutil.rmtree worked.
