2026-04-03 11:16:32.979 WARNING streamlit.runtime.scriptrunner_utils.script_run_context: Thread 'MainThread': missing ScriptRunContext! This warning can be ignored when running in bare mode.
2026-04-03 11:16:32.980 WARNING streamlit.runtime.scriptrunner_utils.script_run_context: Thread 'MainThread': missing ScriptRunContext! This warning can be ignored when running in bare mode.
2026-04-03 11:16:33.250 
  [33m[1mWarning:[0m to view this Streamlit app on a browser, run it with the following
  command:

    streamlit run /home/andrew/.ssh/Trading/AQI_Genesis/0_AQI_Genesis_Dashboard.py [ARGUMENTS]
2026-04-03 11:16:33.251 Thread 'MainThread': missing ScriptRunContext! This warning can be ignored when running in bare mode.
2026-04-03 11:16:33.251 Thread 'MainThread': missing ScriptRunContext! This warning can be ignored when running in bare mode.
2026-04-03 11:16:33.251 Thread 'MainThread': missing ScriptRunContext! This warning can be ignored when running in bare mode.
2026-04-03 11:16:33.251 Session state does not function when running a script without `streamlit run`
2026-04-03 11:16:33.251 Thread 'MainThread': missing ScriptRunContext! This warning can be ignored when running in bare mode.
2026-04-03 11:16:33.251 Thread 'MainThread': missing ScriptRunContext! This warning can be ignored when running in bare mode.
2026-04-03 11:16:33.251 Thread 'MainThread': missing ScriptRunContext! This warning can be ignored when running in bare mode.
2026-04-03 11:16:33.251 Thread 'MainThread': missing ScriptRunContext! This warning can be ignored when running in bare mode.
2026-04-03 11:16:33.251 Thread 'MainThread': missing ScriptRunContext! This warning can be ignored when running in bare mode.
2026-04-03 11:16:33.252 Thread 'MainThread': missing ScriptRunContext! This warning can be ignored when running in bare mode.
2026-04-03 11:16:33.252 Thread 'MainThread': missing ScriptRunContext! This warning can be ignored when running in bare mode.
2026-04-03 11:16:33.252 Thread 'MainThread': missing ScriptRunContext! This warning can be ignored when running in bare mode.
2026-04-03 11:16:33.252 Thread 'MainThread': missing ScriptRunContext! This warning can be ignored when running in bare mode.
2026-04-03 11:16:33.252 Thread 'MainThread': missing ScriptRunContext! This warning can be ignored when running in bare mode.
2026-04-03 11:16:33.252 Thread 'MainThread': missing ScriptRunContext! This warning can be ignored when running in bare mode.
2026-04-03 11:16:33.252 Thread 'MainThread': missing ScriptRunContext! This warning can be ignored when running in bare mode.
2026-04-03 11:16:33.252 Thread 'MainThread': missing ScriptRunContext! This warning can be ignored when running in bare mode.
2026-04-03 11:16:33.253 Thread 'MainThread': missing ScriptRunContext! This warning can be ignored when running in bare mode.
2026-04-03 11:16:33.253 Thread 'MainThread': missing ScriptRunContext! This warning can be ignored when running in bare mode.
2026-04-03 11:16:33.253 Thread 'MainThread': missing ScriptRunContext! This warning can be ignored when running in bare mode.
2026-04-03 11:16:33.253 Thread 'MainThread': missing ScriptRunContext! This warning can be ignored when running in bare mode.
2026-04-03 11:16:33.253 Thread 'MainThread': missing ScriptRunContext! This warning can be ignored when running in bare mode.
2026-04-03 11:16:33.253 Thread 'MainThread': missing ScriptRunContext! This warning can be ignored when running in bare mode.
2026-04-03 11:16:33.253 Thread 'MainThread': missing ScriptRunContext! This warning can be ignored when running in bare mode.
2026-04-03 11:16:33.253 Thread 'MainThread': missing ScriptRunContext! This warning can be ignored when running in bare mode.
2026-04-03 11:16:33.253 Thread 'MainThread': missing ScriptRunContext! This warning can be ignored when running in bare mode.
2026-04-03 11:16:33.254 Thread 'MainThread': missing ScriptRunContext! This warning can be ignored when running in bare mode.
2026-04-03 11:16:33.254 Thread 'MainThread': missing ScriptRunContext! This warning can be ignored when running in bare mode.
2026-04-03 11:16:33.254 Thread 'MainThread': missing ScriptRunContext! This warning can be ignored when running in bare mode.
2026-04-03 11:16:33.254 Thread 'MainThread': missing ScriptRunContext! This warning can be ignored when running in bare mode.
2026-04-03 11:16:33.254 Thread 'MainThread': missing ScriptRunContext! This warning can be ignored when running in bare mode.
2026-04-03 11:16:33.254 No runtime found, using MemoryCacheStorageManager
2026-04-03 11:16:33.265 No runtime found, using MemoryCacheStorageManager
2026-04-03 11:16:33.265 Thread 'MainThread': missing ScriptRunContext! This warning can be ignored when running in bare mode.
2026-04-03 11:16:33.265 Thread 'MainThread': missing ScriptRunContext! This warning can be ignored when running in bare mode.
2026-04-03 11:16:33.265 Thread 'MainThread': missing ScriptRunContext! This warning can be ignored when running in bare mode.
2026-04-03 11:16:33.266 Thread 'MainThread': missing ScriptRunContext! This warning can be ignored when running in bare mode.
2026-04-03 11:16:33.382 Thread 'MainThread': missing ScriptRunContext! This warning can be ignored when running in bare mode.
2026-04-03 11:16:33.383 Thread 'MainThread': missing ScriptRunContext! This warning can be ignored when running in bare mode.
2026-04-03 11:16:33.383 Thread 'MainThread': missing ScriptRunContext! This warning can be ignored when running in bare mode.
2026-04-03 11:16:33.384 Thread 'MainThread': missing ScriptRunContext! This warning can be ignored when running in bare mode.
2026-04-03 11:16:33.385 Thread 'MainThread': missing ScriptRunContext! This warning can be ignored when running in bare mode.
2026-04-03 11:16:33.385 Thread 'MainThread': missing ScriptRunContext! This warning can be ignored when running in bare mode.
2026-04-03 11:16:33.385 Thread 'MainThread': missing ScriptRunContext! This warning can be ignored when running in bare mode.
2026-04-03 11:16:33.386 Thread 'MainThread': missing ScriptRunContext! This warning can be ignored when running in bare mode.
2026-04-03 11:16:33.386 Thread 'MainThread': missing ScriptRunContext! This warning can be ignored when running in bare mode.
2026-04-03 11:16:33.386 Thread 'MainThread': missing ScriptRunContext! This warning can be ignored when running in bare mode.
2026-04-03 11:16:33.386 Thread 'MainThread': missing ScriptRunContext! This warning can be ignored when running in bare mode.
2026-04-03 11:16:33.386 Thread 'MainThread': missing ScriptRunContext! This warning can be ignored when running in bare mode.
2026-04-03 11:16:33.386 Thread 'MainThread': missing ScriptRunContext! This warning can be ignored when running in bare mode.
2026-04-03 11:16:33.386 Thread 'MainThread': missing ScriptRunContext! This warning can be ignored when running in bare mode.
2026-04-03 11:16:33.386 Thread 'MainThread': missing ScriptRunContext! This warning can be ignored when running in bare mode.
2026-04-03 11:16:33.387 Thread 'MainThread': missing ScriptRunContext! This warning can be ignored when running in bare mode.
2026-04-03 11:16:33.387 Thread 'MainThread': missing ScriptRunContext! This warning can be ignored when running in bare mode.
2026-04-03 11:16:33.387 Thread 'MainThread': missing ScriptRunContext! This warning can be ignored when running in bare mode.
2026-04-03 11:16:33.387 Thread 'MainThread': missing ScriptRunContext! This warning can be ignored when running in bare mode.
2026-04-03 11:16:33.387 Thread 'MainThread': missing ScriptRunContext! This warning can be ignored when running in bare mode.
2026-04-03 11:16:33.387 Thread 'MainThread': missing ScriptRunContext! This warning can be ignored when running in bare mode.
2026-04-03 11:16:33.387 Thread 'MainThread': missing ScriptRunContext! This warning can be ignored when running in bare mode.
2026-04-03 11:16:33.387 Thread 'MainThread': missing ScriptRunContext! This warning can be ignored when running in bare mode.
2026-04-03 11:16:33.387 Thread 'MainThread': missing ScriptRunContext! This warning can be ignored when running in bare mode.
2026-04-03 11:16:33.388 Thread 'MainThread': missing ScriptRunContext! This warning can be ignored when running in bare mode.
2026-04-03 11:16:33.388 Thread 'MainThread': missing ScriptRunContext! This warning can be ignored when running in bare mode.
2026-04-03 11:16:33.388 Thread 'MainThread': missing ScriptRunContext! This warning can be ignored when running in bare mode.
2026-04-03 11:16:33.388 Thread 'MainThread': missing ScriptRunContext! This warning can be ignored when running in bare mode.
2026-04-03 11:16:33.388 Thread 'MainThread': missing ScriptRunContext! This warning can be ignored when running in bare mode.
2026-04-03 11:16:33.388 Thread 'MainThread': missing ScriptRunContext! This warning can be ignored when running in bare mode.
2026-04-03 11:16:35.862 Thread 'MainThread': missing ScriptRunContext! This warning can be ignored when running in bare mode.
2026-04-03 11:16:35.862 Thread 'MainThread': missing ScriptRunContext! This warning can be ignored when running in bare mode.
2026-04-03 11:16:35.863 Thread 'MainThread': missing ScriptRunContext! This warning can be ignored when running in bare mode.
2026-04-03 11:16:35.863 Thread 'MainThread': missing ScriptRunContext! This warning can be ignored when running in bare mode.
2026-04-03 11:16:35.863 Thread 'MainThread': missing ScriptRunContext! This warning can be ignored when running in bare mode.
2026-04-03 11:16:39.619 Thread 'MainThread': missing ScriptRunContext! This warning can be ignored when running in bare mode.
2026-04-03 11:16:39.619 Thread 'MainThread': missing ScriptRunContext! This warning can be ignored when running in bare mode.
2026-04-03 11:16:39.620 Thread 'MainThread': missing ScriptRunContext! This warning can be ignored when running in bare mode.
2026-04-03 11:16:39.620 Thread 'MainThread': missing ScriptRunContext! This warning can be ignored when running in bare mode.
2026-04-03 11:16:39.620 Thread 'MainThread': missing ScriptRunContext! This warning can be ignored when running in bare mode.
2026-04-03 11:16:39.620 Thread 'MainThread': missing ScriptRunContext! This warning can be ignored when running in bare mode.
2026-04-03 11:16:39.621 Thread 'MainThread': missing ScriptRunContext! This warning can be ignored when running in bare mode.
2026-04-03 11:16:39.621 Thread 'MainThread': missing ScriptRunContext! This warning can be ignored when running in bare mode.
2026-04-03 11:16:39.779 Thread 'MainThread': missing ScriptRunContext! This warning can be ignored when running in bare mode.
2026-04-03 11:16:39.780 Thread 'MainThread': missing ScriptRunContext! This warning can be ignored when running in bare mode.
2026-04-03 11:16:39.780 Thread 'MainThread': missing ScriptRunContext! This warning can be ignored when running in bare mode.
2026-04-03 11:16:39.780 Thread 'MainThread': missing ScriptRunContext! This warning can be ignored when running in bare mode.
2026-04-03 11:16:39.780 Thread 'MainThread': missing ScriptRunContext! This warning can be ignored when running in bare mode.
