17:00:10 - --- Starting Grand Unified Data Ingestion ---
17:00:10 - Fetching Physics Engine Inputs (Job Losers, Income, Hours)...
17:00:17 - Fetching US Core Macro...
17:00:29 - ❌ FRED API Failed (None). Attempting to load from local cache...
17:00:29 - ♻️ Loading data from local cache.
17:00:29 - Initializing Continuous Cole Pulse Physics Engine...
17:00:29 - Running Multivariate LSTM Forecast (CPU Execution)...
17:00:30 - Loaded cached LSTM weights.
17:00:32 - Generating Grand Unified Dashboard (Macro + Physics + 3D)...
17:00:39 - Chromium init'ed with kwargs {}
17:00:39 - Found chromium path: /home/andrew/miniconda3/envs/tf_noavx/lib/python3.9/site-packages/choreographer/cli/browser_exe/chrome-linux64/chrome
17:00:39 - Temp directory created: /tmp/tmp075tea4c.
17:00:39 - Opening browser.
17:00:39 - Temp directory created: /tmp/tmpc6rropuj.
17:00:39 - Temporary directory at: /tmp/tmpc6rropuj
17:00:43 - Closing browser.
17:00:43 - Closing browser.
17:00:43 - TemporaryDirectory.cleanup() worked.
17:00:43 - shutil.rmtree worked.
17:00:43 - TemporaryDirectory.cleanup() worked.
17:00:43 - shutil.rmtree worked.
17:00:43 - TemporaryDirectory.cleanup() worked.
17:00:43 - shutil.rmtree worked.
17:00:43 - Chromium init'ed with kwargs {}
17:00:43 - Found chromium path: /home/andrew/miniconda3/envs/tf_noavx/lib/python3.9/site-packages/choreographer/cli/browser_exe/chrome-linux64/chrome
17:00:43 - Temp directory created: /tmp/tmpkfzm4e89.
17:00:43 - Opening browser.
17:00:43 - Temp directory created: /tmp/tmpb6s98ndo.
17:00:43 - Temporary directory at: /tmp/tmpb6s98ndo
17:00:47 - Closing browser.
17:00:47 - Closing browser.
17:00:47 - TemporaryDirectory.cleanup() worked.
17:00:47 - shutil.rmtree worked.
17:00:47 - TemporaryDirectory.cleanup() worked.
17:00:47 - shutil.rmtree worked.
17:00:47 - TemporaryDirectory.cleanup() worked.
17:00:47 - shutil.rmtree worked.
17:00:47 - Chromium init'ed with kwargs {}
17:00:47 - Found chromium path: /home/andrew/miniconda3/envs/tf_noavx/lib/python3.9/site-packages/choreographer/cli/browser_exe/chrome-linux64/chrome
17:00:47 - Temp directory created: /tmp/tmppm838ckj.
17:00:47 - Opening browser.
17:00:47 - Temp directory created: /tmp/tmpfqa5pzho.
17:00:47 - Temporary directory at: /tmp/tmpfqa5pzho
17:00:51 - Closing browser.
17:00:51 - Closing browser.
17:00:51 - TemporaryDirectory.cleanup() worked.
17:00:51 - shutil.rmtree worked.
17:00:51 - TemporaryDirectory.cleanup() worked.
17:00:51 - shutil.rmtree worked.
17:00:51 - TemporaryDirectory.cleanup() worked.
17:00:51 - shutil.rmtree worked.
17:00:51 - ✅ Saved high-res static PNGs for Substack export.
17:00:52 - Saved AQI_Unified.html and standalone AQI_3d_physics_model.html
17:00:52 - Generating Two-Tiered Substack Briefing (Free vs Paid)...
17:01:25 - ✅ Substack Draft generated: /home/andrew/.ssh/Trading/AQI_Genesis/Substack_Draft_20260420.md
17:01:25 - 💾 Pushing live data matrix to SaaS Database (Streamlit backend)...
17:01:25 - TemporaryDirectory.cleanup() worked.
17:01:25 - shutil.rmtree worked.
17:01:25 - TemporaryDirectory.cleanup() worked.
17:01:25 - shutil.rmtree worked.
17:01:25 - TemporaryDirectory.cleanup() worked.
17:01:25 - shutil.rmtree worked.
17:01:25 - ✅ SaaS Database updated. The AQI Genesis Streamlit Terminal is now live.
17:01:52 - ✅ Briefing Sent Successfully.
