17:00:09 - --- Starting Grand Unified Data Ingestion ---
17:00:09 - Fetching Physics Engine Inputs (Job Losers, Income, Hours)...
17:00:16 - Fetching US Core Macro...
17:00:29 - ❌ FRED API Failed (Internal Server Error). Attempting to load from local cache...
17:00:29 - ♻️ Loading data from local cache.
17:00:29 - Initializing Continuous Cole Pulse Physics Engine...
17:00:29 - Running Multivariate LSTM Forecast (CPU Execution)...
17:00:30 - Loaded cached LSTM weights.
17:00:32 - Generating Grand Unified Dashboard (Macro + Physics + 3D)...
17:00:39 - Chromium init'ed with kwargs {}
17:00:39 - Found chromium path: /home/andrew/miniconda3/envs/tf_noavx/lib/python3.9/site-packages/choreographer/cli/browser_exe/chrome-linux64/chrome
17:00:39 - Temp directory created: /tmp/tmpogs66urp.
17:00:39 - Opening browser.
17:00:39 - Temp directory created: /tmp/tmpluqcid_z.
17:00:39 - Temporary directory at: /tmp/tmpluqcid_z
17:00:43 - Closing browser.
17:00:43 - Closing browser.
17:00:43 - TemporaryDirectory.cleanup() worked.
17:00:43 - shutil.rmtree worked.
17:00:43 - TemporaryDirectory.cleanup() worked.
17:00:43 - shutil.rmtree worked.
17:00:43 - TemporaryDirectory.cleanup() worked.
17:00:43 - shutil.rmtree worked.
17:00:43 - Chromium init'ed with kwargs {}
17:00:43 - Found chromium path: /home/andrew/miniconda3/envs/tf_noavx/lib/python3.9/site-packages/choreographer/cli/browser_exe/chrome-linux64/chrome
17:00:43 - Temp directory created: /tmp/tmpjgi608_0.
17:00:43 - Opening browser.
17:00:43 - Temp directory created: /tmp/tmp6khr5okq.
17:00:43 - Temporary directory at: /tmp/tmp6khr5okq
17:00:48 - Closing browser.
17:00:48 - Closing browser.
17:00:48 - TemporaryDirectory.cleanup() worked.
17:00:48 - shutil.rmtree worked.
17:00:48 - TemporaryDirectory.cleanup() worked.
17:00:48 - shutil.rmtree worked.
17:00:48 - TemporaryDirectory.cleanup() worked.
17:00:48 - shutil.rmtree worked.
17:00:48 - Chromium init'ed with kwargs {}
17:00:48 - Found chromium path: /home/andrew/miniconda3/envs/tf_noavx/lib/python3.9/site-packages/choreographer/cli/browser_exe/chrome-linux64/chrome
17:00:48 - Temp directory created: /tmp/tmprtq2us1i.
17:00:48 - Opening browser.
17:00:48 - Temp directory created: /tmp/tmp8m61f13d.
17:00:48 - Temporary directory at: /tmp/tmp8m61f13d
17:00:48 - TemporaryDirectory.cleanup() worked.
17:00:48 - shutil.rmtree worked.
17:00:48 - TemporaryDirectory.cleanup() worked.
17:00:48 - shutil.rmtree worked.
17:00:52 - Closing browser.
17:00:52 - Closing browser.
17:00:52 - TemporaryDirectory.cleanup() worked.
17:00:52 - shutil.rmtree worked.
17:00:52 - TemporaryDirectory.cleanup() worked.
17:00:52 - shutil.rmtree worked.
17:00:52 - TemporaryDirectory.cleanup() worked.
17:00:52 - shutil.rmtree worked.
17:00:52 - ✅ Saved high-res static PNGs for Substack export.
17:00:52 - Saved AQI_Unified.html and standalone AQI_3d_physics_model.html
17:00:52 - Generating Two-Tiered Substack Briefing (Free vs Paid)...
17:01:20 - ✅ Substack Draft generated: /home/andrew/.ssh/Trading/AQI_Genesis/Substack_Draft_20260512.md
17:01:20 - 💾 Pushing live data matrix to SaaS Database (Streamlit backend)...
17:01:20 - ✅ SaaS Database updated. The AQI Genesis Streamlit Terminal is now live.
17:01:41 - ✅ Briefing Sent Successfully.
17:01:41 - TemporaryDirectory.cleanup() worked.
17:01:41 - shutil.rmtree worked.
