17:00:08 - --- Starting Grand Unified Data Ingestion ---
17:00:08 - Fetching Physics Engine Inputs (Job Losers, Income, Hours)...
17:00:29 - Fetching US Core Macro...
17:01:08 - Fetching Global Policy Inputs...
17:01:41 - Fetching Market Internals...
17:02:03 - 💾 Saved fresh data to local cache.
17:02:03 - Initializing Continuous Cole Pulse Physics Engine...
17:02:03 - Running Multivariate LSTM Forecast (CPU Execution)...
17:02:04 - Loaded cached LSTM weights.
17:02:06 - Generating Grand Unified Dashboard (Macro + Physics + 3D)...
17:02:13 - Chromium init'ed with kwargs {}
17:02:13 - Found chromium path: /home/andrew/miniconda3/envs/tf_noavx/lib/python3.9/site-packages/choreographer/cli/browser_exe/chrome-linux64/chrome
17:02:13 - Temp directory created: /tmp/tmprkf438uo.
17:02:13 - Opening browser.
17:02:13 - Temp directory created: /tmp/tmpgrvrzjsv.
17:02:13 - Temporary directory at: /tmp/tmpgrvrzjsv
17:02:16 - Closing browser.
17:02:16 - Closing browser.
17:02:16 - TemporaryDirectory.cleanup() worked.
17:02:16 - shutil.rmtree worked.
17:02:16 - TemporaryDirectory.cleanup() worked.
17:02:16 - shutil.rmtree worked.
17:02:16 - TemporaryDirectory.cleanup() worked.
17:02:16 - shutil.rmtree worked.
17:02:16 - Chromium init'ed with kwargs {}
17:02:16 - Found chromium path: /home/andrew/miniconda3/envs/tf_noavx/lib/python3.9/site-packages/choreographer/cli/browser_exe/chrome-linux64/chrome
17:02:16 - Temp directory created: /tmp/tmpy584heul.
17:02:16 - Opening browser.
17:02:16 - Temp directory created: /tmp/tmpevcbvjyt.
17:02:16 - Temporary directory at: /tmp/tmpevcbvjyt
17:02:20 - Closing browser.
17:02:20 - Closing browser.
17:02:20 - TemporaryDirectory.cleanup() worked.
17:02:20 - shutil.rmtree worked.
17:02:20 - TemporaryDirectory.cleanup() worked.
17:02:20 - shutil.rmtree worked.
17:02:20 - TemporaryDirectory.cleanup() worked.
17:02:20 - shutil.rmtree worked.
17:02:20 - Chromium init'ed with kwargs {}
17:02:20 - Found chromium path: /home/andrew/miniconda3/envs/tf_noavx/lib/python3.9/site-packages/choreographer/cli/browser_exe/chrome-linux64/chrome
17:02:20 - Temp directory created: /tmp/tmpiyr4a1mw.
17:02:20 - Opening browser.
17:02:20 - Temp directory created: /tmp/tmpqzo3z4fb.
17:02:20 - Temporary directory at: /tmp/tmpqzo3z4fb
17:02:24 - Closing browser.
17:02:24 - Closing browser.
17:02:24 - TemporaryDirectory.cleanup() worked.
17:02:24 - shutil.rmtree worked.
17:02:24 - TemporaryDirectory.cleanup() worked.
17:02:24 - shutil.rmtree worked.
17:02:24 - TemporaryDirectory.cleanup() worked.
17:02:24 - shutil.rmtree worked.
17:02:24 - ✅ Saved high-res static PNGs for Substack export.
17:02:25 - Saved AQI_Unified.html and standalone AQI_3d_physics_model.html
17:02:25 - Generating Two-Tiered Substack Briefing (Free vs Paid)...
17:02:56 - ✅ Substack Draft generated: /home/andrew/.ssh/Trading/AQI_Genesis/Substack_Draft_20260608.md
17:02:56 - 💾 Pushing live data matrix to SaaS Database (Streamlit backend)...
17:02:56 - ✅ SaaS Database updated. The AQI Genesis Streamlit Terminal is now live.
17:03:16 - ✅ Briefing Sent Successfully.
17:03:16 - TemporaryDirectory.cleanup() worked.
17:03:16 - shutil.rmtree worked.
17:03:16 - TemporaryDirectory.cleanup() worked.
17:03:16 - shutil.rmtree worked.
17:03:16 - TemporaryDirectory.cleanup() worked.
17:03:16 - shutil.rmtree worked.
