17:00:07 - --- Starting Grand Unified Data Ingestion ---
17:00:07 - Fetching Physics Engine Inputs (Job Losers, Income, Hours)...
17:00:29 - Fetching US Core Macro...
17:01:06 - Fetching Global Policy Inputs...
17:01:46 - Fetching Market Internals...
17:02:08 - 💾 Saved fresh data to local cache.
17:02:08 - Initializing Continuous Cole Pulse Physics Engine...
17:02:08 - Running Multivariate LSTM Forecast (CPU Execution)...
17:02:09 - Loaded cached LSTM weights.
17:02:10 - Generating Grand Unified Dashboard (Macro + Physics + 3D)...
17:02:18 - Chromium init'ed with kwargs {}
17:02:18 - Found chromium path: /home/andrew/miniconda3/envs/tf_noavx/lib/python3.9/site-packages/choreographer/cli/browser_exe/chrome-linux64/chrome
17:02:18 - Temp directory created: /tmp/tmp1bfnw_sb.
17:02:18 - Opening browser.
17:02:18 - Temp directory created: /tmp/tmpgo4ff2zj.
17:02:18 - Temporary directory at: /tmp/tmpgo4ff2zj
17:02:21 - Closing browser.
17:02:21 - Closing browser.
17:02:21 - TemporaryDirectory.cleanup() worked.
17:02:21 - shutil.rmtree worked.
17:02:21 - TemporaryDirectory.cleanup() worked.
17:02:21 - shutil.rmtree worked.
17:02:21 - TemporaryDirectory.cleanup() worked.
17:02:21 - shutil.rmtree worked.
17:02:21 - Chromium init'ed with kwargs {}
17:02:21 - Found chromium path: /home/andrew/miniconda3/envs/tf_noavx/lib/python3.9/site-packages/choreographer/cli/browser_exe/chrome-linux64/chrome
17:02:21 - Temp directory created: /tmp/tmp1f3t5box.
17:02:21 - Opening browser.
17:02:21 - Temp directory created: /tmp/tmpw170tbxh.
17:02:21 - Temporary directory at: /tmp/tmpw170tbxh
17:02:25 - Closing browser.
17:02:25 - Closing browser.
17:02:25 - TemporaryDirectory.cleanup() worked.
17:02:25 - shutil.rmtree worked.
17:02:26 - TemporaryDirectory.cleanup() worked.
17:02:26 - shutil.rmtree worked.
17:02:26 - TemporaryDirectory.cleanup() worked.
17:02:26 - shutil.rmtree worked.
17:02:26 - Chromium init'ed with kwargs {}
17:02:26 - Found chromium path: /home/andrew/miniconda3/envs/tf_noavx/lib/python3.9/site-packages/choreographer/cli/browser_exe/chrome-linux64/chrome
17:02:26 - Temp directory created: /tmp/tmpr2hbzzi2.
17:02:26 - Opening browser.
17:02:26 - Temp directory created: /tmp/tmpi4ml7mx6.
17:02:26 - Temporary directory at: /tmp/tmpi4ml7mx6
17:02:30 - Closing browser.
17:02:30 - Closing browser.
17:02:30 - TemporaryDirectory.cleanup() worked.
17:02:30 - shutil.rmtree worked.
17:02:30 - TemporaryDirectory.cleanup() worked.
17:02:30 - shutil.rmtree worked.
17:02:30 - TemporaryDirectory.cleanup() worked.
17:02:30 - shutil.rmtree worked.
17:02:30 - ✅ Saved high-res static PNGs for Substack export.
17:02:30 - Saved AQI_Unified.html and standalone AQI_3d_physics_model.html
17:02:30 - Generating Two-Tiered Substack Briefing (Free vs Paid)...
17:02:59 - ✅ Substack Draft generated: /home/andrew/.ssh/Trading/AQI_Genesis/Substack_Draft_20260604.md
17:02:59 - 💾 Pushing live data matrix to SaaS Database (Streamlit backend)...
17:02:59 - ✅ SaaS Database updated. The AQI Genesis Streamlit Terminal is now live.
17:03:19 - ✅ Briefing Sent Successfully.
17:03:19 - TemporaryDirectory.cleanup() worked.
17:03:19 - shutil.rmtree worked.
17:03:19 - TemporaryDirectory.cleanup() worked.
17:03:19 - shutil.rmtree worked.
17:03:19 - TemporaryDirectory.cleanup() worked.
17:03:19 - shutil.rmtree worked.
