17:00:09 - --- Starting Grand Unified Data Ingestion ---
17:00:09 - Fetching Physics Engine Inputs (Job Losers, Income, Hours)...
17:00:26 - Fetching US Core Macro...
17:00:52 - Fetching Global Policy Inputs...
17:01:18 - Fetching Market Internals...
17:01:38 - 💾 Saved fresh data to local cache.
17:01:38 - Initializing Continuous Cole Pulse Physics Engine...
17:01:39 - Running Multivariate LSTM Forecast (CPU Execution)...
17:01:39 - Loaded cached LSTM weights.
17:01:41 - Generating Grand Unified Dashboard (Macro + Physics + 3D)...
17:01:48 - Chromium init'ed with kwargs {}
17:01:48 - Found chromium path: /home/andrew/miniconda3/envs/tf_noavx/lib/python3.9/site-packages/choreographer/cli/browser_exe/chrome-linux64/chrome
17:01:48 - Temp directory created: /tmp/tmpbx_525g6.
17:01:48 - Opening browser.
17:01:48 - Temp directory created: /tmp/tmpdbux27p1.
17:01:48 - Temporary directory at: /tmp/tmpdbux27p1
17:01:51 - Closing browser.
17:01:51 - Closing browser.
17:01:51 - TemporaryDirectory.cleanup() worked.
17:01:51 - shutil.rmtree worked.
17:01:51 - TemporaryDirectory.cleanup() worked.
17:01:51 - shutil.rmtree worked.
17:01:51 - TemporaryDirectory.cleanup() worked.
17:01:51 - shutil.rmtree worked.
17:01:52 - Chromium init'ed with kwargs {}
17:01:52 - Found chromium path: /home/andrew/miniconda3/envs/tf_noavx/lib/python3.9/site-packages/choreographer/cli/browser_exe/chrome-linux64/chrome
17:01:52 - Temp directory created: /tmp/tmpw67qfs0q.
17:01:52 - Opening browser.
17:01:52 - Temp directory created: /tmp/tmpj24z73hg.
17:01:52 - Temporary directory at: /tmp/tmpj24z73hg
17:01:56 - Closing browser.
17:01:56 - Closing browser.
17:01:56 - TemporaryDirectory.cleanup() worked.
17:01:56 - shutil.rmtree worked.
17:01:56 - TemporaryDirectory.cleanup() worked.
17:01:56 - shutil.rmtree worked.
17:01:56 - TemporaryDirectory.cleanup() worked.
17:01:56 - shutil.rmtree worked.
17:01:56 - Chromium init'ed with kwargs {}
17:01:56 - Found chromium path: /home/andrew/miniconda3/envs/tf_noavx/lib/python3.9/site-packages/choreographer/cli/browser_exe/chrome-linux64/chrome
17:01:56 - Temp directory created: /tmp/tmpm7mx_xhz.
17:01:56 - Opening browser.
17:01:56 - Temp directory created: /tmp/tmpkf3zndxq.
17:01:56 - Temporary directory at: /tmp/tmpkf3zndxq
17:02:00 - Closing browser.
17:02:00 - Closing browser.
17:02:00 - TemporaryDirectory.cleanup() worked.
17:02:00 - shutil.rmtree worked.
17:02:00 - TemporaryDirectory.cleanup() worked.
17:02:00 - shutil.rmtree worked.
17:02:00 - TemporaryDirectory.cleanup() worked.
17:02:00 - shutil.rmtree worked.
17:02:00 - ✅ Saved high-res static PNGs for Substack export.
17:02:00 - Saved AQI_Unified.html and standalone AQI_3d_physics_model.html
17:02:00 - Generating Two-Tiered Substack Briefing (Free vs Paid)...
17:02:28 - ✅ Substack Draft generated: /home/andrew/.ssh/Trading/AQI_Genesis/Substack_Draft_20260621.md
17:02:28 - 💾 Pushing live data matrix to SaaS Database (Streamlit backend)...
17:02:29 - TemporaryDirectory.cleanup() worked.
17:02:29 - shutil.rmtree worked.
17:02:29 - TemporaryDirectory.cleanup() worked.
17:02:29 - shutil.rmtree worked.
17:02:29 - TemporaryDirectory.cleanup() worked.
17:02:29 - shutil.rmtree worked.
17:02:29 - ✅ SaaS Database updated. The AQI Genesis Streamlit Terminal is now live.
17:02:48 - ✅ Briefing Sent Successfully.
