17:00:08 - --- Starting Grand Unified Data Ingestion ---
17:00:08 - Fetching Physics Engine Inputs (Job Losers, Income, Hours)...
17:00:20 - Fetching US Core Macro...
17:00:29 - ❌ FRED API Failed (Internal Server Error). Attempting to load from local cache...
17:00:29 - ♻️ Loading data from local cache.
17:00:29 - Initializing Continuous Cole Pulse Physics Engine...
17:00:29 - Running Multivariate LSTM Forecast (CPU Execution)...
17:00:30 - Training LSTM from scratch (This may take a moment)...
17:00:49 - Saved new LSTM weights to cache.
17:00:50 - Generating Grand Unified Dashboard (Macro + Physics + 3D)...
17:00:57 - Chromium init'ed with kwargs {}
17:00:57 - Found chromium path: /home/andrew/miniconda3/envs/tf_noavx/lib/python3.9/site-packages/choreographer/cli/browser_exe/chrome-linux64/chrome
17:00:57 - Temp directory created: /tmp/tmpp63rnysh.
17:00:57 - Opening browser.
17:00:57 - Temp directory created: /tmp/tmpuqakl4ov.
17:00:57 - Temporary directory at: /tmp/tmpuqakl4ov
17:01:01 - Closing browser.
17:01:01 - Closing browser.
17:01:01 - TemporaryDirectory.cleanup() worked.
17:01:01 - shutil.rmtree worked.
17:01:01 - TemporaryDirectory.cleanup() worked.
17:01:01 - shutil.rmtree worked.
17:01:01 - TemporaryDirectory.cleanup() worked.
17:01:01 - shutil.rmtree worked.
17:01:01 - Chromium init'ed with kwargs {}
17:01:01 - Found chromium path: /home/andrew/miniconda3/envs/tf_noavx/lib/python3.9/site-packages/choreographer/cli/browser_exe/chrome-linux64/chrome
17:01:01 - Temp directory created: /tmp/tmpxt5_ztk2.
17:01:01 - Opening browser.
17:01:01 - Temp directory created: /tmp/tmpx4krp47c.
17:01:01 - Temporary directory at: /tmp/tmpx4krp47c
17:01:06 - Closing browser.
17:01:06 - Closing browser.
17:01:06 - TemporaryDirectory.cleanup() worked.
17:01:06 - shutil.rmtree worked.
17:01:06 - TemporaryDirectory.cleanup() worked.
17:01:06 - shutil.rmtree worked.
17:01:06 - TemporaryDirectory.cleanup() worked.
17:01:06 - shutil.rmtree worked.
17:01:06 - Chromium init'ed with kwargs {}
17:01:06 - Found chromium path: /home/andrew/miniconda3/envs/tf_noavx/lib/python3.9/site-packages/choreographer/cli/browser_exe/chrome-linux64/chrome
17:01:06 - Temp directory created: /tmp/tmpybq52jsx.
17:01:06 - Opening browser.
17:01:06 - Temp directory created: /tmp/tmpdgh0j8em.
17:01:06 - Temporary directory at: /tmp/tmpdgh0j8em
17:01:10 - Closing browser.
17:01:10 - Closing browser.
17:01:10 - TemporaryDirectory.cleanup() worked.
17:01:10 - shutil.rmtree worked.
17:01:10 - TemporaryDirectory.cleanup() worked.
17:01:10 - shutil.rmtree worked.
17:01:10 - TemporaryDirectory.cleanup() worked.
17:01:10 - shutil.rmtree worked.
17:01:10 - ✅ Saved high-res static PNGs for Substack export.
17:01:11 - Saved AQI_Unified.html and standalone AQI_3d_physics_model.html
17:01:11 - Generating Two-Tiered Substack Briefing (Free vs Paid)...
17:01:34 - ✅ Substack Draft generated: /home/andrew/.ssh/Trading/AQI_Genesis/Substack_Draft_20260407.md
17:01:34 - 💾 Pushing live data matrix to SaaS Database (Streamlit backend)...
17:01:34 - TemporaryDirectory.cleanup() worked.
17:01:34 - shutil.rmtree worked.
17:01:34 - TemporaryDirectory.cleanup() worked.
17:01:34 - shutil.rmtree worked.
17:01:34 - TemporaryDirectory.cleanup() worked.
17:01:34 - shutil.rmtree worked.
17:01:35 - ✅ SaaS Database updated. The AQI Genesis Streamlit Terminal is now live.
17:01:57 - ✅ Briefing Sent Successfully.
