17:00:07 - --- Starting Grand Unified Data Ingestion ---
17:00:07 - Fetching Physics Engine Inputs (Job Losers, Income, Hours)...
17:00:16 - Fetching US Core Macro...
17:00:25 - Fetching Global Policy Inputs...
17:00:50 - Fetching Market Internals...
17:01:14 - 💾 Saved fresh data to local cache.
17:01:14 - Initializing Continuous Cole Pulse Physics Engine...
17:01:14 - Running Multivariate LSTM Forecast (CPU Execution)...
17:01:15 - Loaded cached LSTM weights.
17:01:16 - Generating Grand Unified Dashboard (Macro + Physics + 3D)...
17:01:24 - Chromium init'ed with kwargs {}
17:01:24 - Found chromium path: /home/andrew/miniconda3/envs/tf_noavx/lib/python3.9/site-packages/choreographer/cli/browser_exe/chrome-linux64/chrome
17:01:24 - Temp directory created: /tmp/tmp4sc78bs_.
17:01:24 - Opening browser.
17:01:24 - Temp directory created: /tmp/tmpbf932dtv.
17:01:24 - Temporary directory at: /tmp/tmpbf932dtv
17:01:27 - Closing browser.
17:01:27 - Closing browser.
17:01:27 - TemporaryDirectory.cleanup() worked.
17:01:27 - shutil.rmtree worked.
17:01:27 - TemporaryDirectory.cleanup() worked.
17:01:27 - shutil.rmtree worked.
17:01:27 - TemporaryDirectory.cleanup() worked.
17:01:27 - shutil.rmtree worked.
17:01:27 - TemporaryDirectory.cleanup() worked.
17:01:27 - shutil.rmtree worked.
17:01:27 - Chromium init'ed with kwargs {}
17:01:27 - Found chromium path: /home/andrew/miniconda3/envs/tf_noavx/lib/python3.9/site-packages/choreographer/cli/browser_exe/chrome-linux64/chrome
17:01:27 - Temp directory created: /tmp/tmp9g1290fi.
17:01:27 - Opening browser.
17:01:27 - Temp directory created: /tmp/tmpkbor9eqq.
17:01:27 - Temporary directory at: /tmp/tmpkbor9eqq
17:01:31 - Closing browser.
17:01:31 - Closing browser.
17:01:31 - TemporaryDirectory.cleanup() worked.
17:01:31 - shutil.rmtree worked.
17:01:31 - TemporaryDirectory.cleanup() worked.
17:01:31 - shutil.rmtree worked.
17:01:31 - TemporaryDirectory.cleanup() worked.
17:01:31 - shutil.rmtree worked.
17:01:31 - Chromium init'ed with kwargs {}
17:01:31 - Found chromium path: /home/andrew/miniconda3/envs/tf_noavx/lib/python3.9/site-packages/choreographer/cli/browser_exe/chrome-linux64/chrome
17:01:31 - Temp directory created: /tmp/tmpgyfsxv7p.
17:01:31 - Opening browser.
17:01:31 - Temp directory created: /tmp/tmpzzhycwh1.
17:01:31 - Temporary directory at: /tmp/tmpzzhycwh1
17:01:35 - Closing browser.
17:01:35 - Closing browser.
17:01:35 - TemporaryDirectory.cleanup() worked.
17:01:35 - shutil.rmtree worked.
17:01:35 - TemporaryDirectory.cleanup() worked.
17:01:35 - shutil.rmtree worked.
17:01:35 - TemporaryDirectory.cleanup() worked.
17:01:35 - shutil.rmtree worked.
17:01:35 - ✅ Saved high-res static PNGs for Substack export.
17:01:36 - Saved AQI_Unified.html and standalone AQI_3d_physics_model.html
17:01:36 - Generating Two-Tiered Substack Briefing (Free vs Paid)...
17:02:04 - ✅ Substack Draft generated: /home/andrew/.ssh/Trading/AQI_Genesis/Substack_Draft_20260518.md
17:02:04 - 💾 Pushing live data matrix to SaaS Database (Streamlit backend)...
17:02:04 - ✅ SaaS Database updated. The AQI Genesis Streamlit Terminal is now live.
17:02:24 - ✅ Briefing Sent Successfully.
17:02:24 - TemporaryDirectory.cleanup() worked.
17:02:24 - shutil.rmtree worked.
17:02:24 - TemporaryDirectory.cleanup() worked.
17:02:24 - shutil.rmtree worked.
