17:00:09 - --- Starting Grand Unified Data Ingestion ---
17:00:09 - Fetching Physics Engine Inputs (Job Losers, Income, Hours)...
17:00:17 - Fetching US Core Macro...
17:00:29 - Fetching Global Policy Inputs...
17:00:55 - Fetching Market Internals...
17:01:20 - 💾 Saved fresh data to local cache.
17:01:20 - Initializing Continuous Cole Pulse Physics Engine...
17:01:20 - Running Multivariate LSTM Forecast (CPU Execution)...
17:01:20 - Loaded cached LSTM weights.
17:01:22 - Generating Grand Unified Dashboard (Macro + Physics + 3D)...
17:01:29 - Chromium init'ed with kwargs {}
17:01:29 - Found chromium path: /home/andrew/miniconda3/envs/tf_noavx/lib/python3.9/site-packages/choreographer/cli/browser_exe/chrome-linux64/chrome
17:01:29 - Temp directory created: /tmp/tmpe1b3815r.
17:01:29 - Opening browser.
17:01:29 - Temp directory created: /tmp/tmp5hlwg_0o.
17:01:29 - Temporary directory at: /tmp/tmp5hlwg_0o
17:01:33 - Closing browser.
17:01:33 - Closing browser.
17:01:33 - TemporaryDirectory.cleanup() worked.
17:01:33 - shutil.rmtree worked.
17:01:33 - TemporaryDirectory.cleanup() worked.
17:01:33 - shutil.rmtree worked.
17:01:33 - TemporaryDirectory.cleanup() worked.
17:01:33 - shutil.rmtree worked.
17:01:33 - TemporaryDirectory.cleanup() worked.
17:01:33 - shutil.rmtree worked.
17:01:33 - Chromium init'ed with kwargs {}
17:01:33 - Found chromium path: /home/andrew/miniconda3/envs/tf_noavx/lib/python3.9/site-packages/choreographer/cli/browser_exe/chrome-linux64/chrome
17:01:33 - Temp directory created: /tmp/tmpvvvtv612.
17:01:33 - Opening browser.
17:01:33 - Temp directory created: /tmp/tmpe7tr6q15.
17:01:33 - Temporary directory at: /tmp/tmpe7tr6q15
17:01:37 - Closing browser.
17:01:37 - Closing browser.
17:01:37 - TemporaryDirectory.cleanup() worked.
17:01:37 - shutil.rmtree worked.
17:01:37 - TemporaryDirectory.cleanup() worked.
17:01:37 - shutil.rmtree worked.
17:01:37 - TemporaryDirectory.cleanup() worked.
17:01:37 - shutil.rmtree worked.
17:01:37 - Chromium init'ed with kwargs {}
17:01:37 - Found chromium path: /home/andrew/miniconda3/envs/tf_noavx/lib/python3.9/site-packages/choreographer/cli/browser_exe/chrome-linux64/chrome
17:01:37 - Temp directory created: /tmp/tmpham4o1yy.
17:01:37 - Opening browser.
17:01:37 - Temp directory created: /tmp/tmpd12qv3u1.
17:01:37 - Temporary directory at: /tmp/tmpd12qv3u1
17:01:42 - Closing browser.
17:01:42 - Closing browser.
17:01:42 - TemporaryDirectory.cleanup() worked.
17:01:42 - shutil.rmtree worked.
17:01:42 - TemporaryDirectory.cleanup() worked.
17:01:42 - shutil.rmtree worked.
17:01:42 - TemporaryDirectory.cleanup() worked.
17:01:42 - shutil.rmtree worked.
17:01:42 - ✅ Saved high-res static PNGs for Substack export.
17:01:42 - Saved AQI_Unified.html and standalone AQI_3d_physics_model.html
17:01:42 - Generating Two-Tiered Substack Briefing (Free vs Paid)...
17:02:11 - ✅ Substack Draft generated: /home/andrew/.ssh/Trading/AQI_Genesis/Substack_Draft_20260517.md
17:02:11 - 💾 Pushing live data matrix to SaaS Database (Streamlit backend)...
17:02:11 - ✅ SaaS Database updated. The AQI Genesis Streamlit Terminal is now live.
17:02:31 - ✅ Briefing Sent Successfully.
17:02:31 - TemporaryDirectory.cleanup() worked.
17:02:31 - shutil.rmtree worked.
17:02:31 - TemporaryDirectory.cleanup() worked.
17:02:31 - shutil.rmtree worked.
