17:00:08 - --- Starting Grand Unified Data Ingestion ---
17:00:08 - Fetching Physics Engine Inputs (Job Losers, Income, Hours)...
17:00:12 - Fetching US Core Macro...
17:00:25 - Fetching Global Policy Inputs...
17:00:51 - Fetching Market Internals...
17:01:15 - 💾 Saved fresh data to local cache.
17:01:15 - Initializing Continuous Cole Pulse Physics Engine...
17:01:15 - Running Multivariate LSTM Forecast (CPU Execution)...
17:01:16 - Loaded cached LSTM weights.
17:01:18 - Generating Grand Unified Dashboard (Macro + Physics + 3D)...
17:01:25 - Chromium init'ed with kwargs {}
17:01:25 - Found chromium path: /home/andrew/miniconda3/envs/tf_noavx/lib/python3.9/site-packages/choreographer/cli/browser_exe/chrome-linux64/chrome
17:01:25 - Temp directory created: /tmp/tmp751sut9r.
17:01:25 - Opening browser.
17:01:25 - Temp directory created: /tmp/tmpme23dxqo.
17:01:25 - Temporary directory at: /tmp/tmpme23dxqo
17:01:29 - Closing browser.
17:01:29 - Closing browser.
17:01:29 - TemporaryDirectory.cleanup() worked.
17:01:29 - shutil.rmtree worked.
17:01:29 - TemporaryDirectory.cleanup() worked.
17:01:29 - shutil.rmtree worked.
17:01:29 - TemporaryDirectory.cleanup() worked.
17:01:29 - shutil.rmtree worked.
17:01:29 - TemporaryDirectory.cleanup() worked.
17:01:29 - shutil.rmtree worked.
17:01:29 - Chromium init'ed with kwargs {}
17:01:29 - Found chromium path: /home/andrew/miniconda3/envs/tf_noavx/lib/python3.9/site-packages/choreographer/cli/browser_exe/chrome-linux64/chrome
17:01:29 - Temp directory created: /tmp/tmp7qb6pyeh.
17:01:29 - Opening browser.
17:01:29 - Temp directory created: /tmp/tmp_g7c_m12.
17:01:29 - Temporary directory at: /tmp/tmp_g7c_m12
17:01:33 - Closing browser.
17:01:33 - Closing browser.
17:01:33 - TemporaryDirectory.cleanup() worked.
17:01:33 - shutil.rmtree worked.
17:01:33 - TemporaryDirectory.cleanup() worked.
17:01:33 - shutil.rmtree worked.
17:01:33 - TemporaryDirectory.cleanup() worked.
17:01:33 - shutil.rmtree worked.
17:01:33 - Chromium init'ed with kwargs {}
17:01:33 - Found chromium path: /home/andrew/miniconda3/envs/tf_noavx/lib/python3.9/site-packages/choreographer/cli/browser_exe/chrome-linux64/chrome
17:01:33 - Temp directory created: /tmp/tmphlzy55em.
17:01:33 - Opening browser.
17:01:33 - Temp directory created: /tmp/tmp8e4tus3o.
17:01:33 - Temporary directory at: /tmp/tmp8e4tus3o
17:01:37 - Closing browser.
17:01:37 - Closing browser.
17:01:37 - TemporaryDirectory.cleanup() worked.
17:01:37 - shutil.rmtree worked.
17:01:38 - TemporaryDirectory.cleanup() worked.
17:01:38 - shutil.rmtree worked.
17:01:38 - TemporaryDirectory.cleanup() worked.
17:01:38 - shutil.rmtree worked.
17:01:38 - ✅ Saved high-res static PNGs for Substack export.
17:01:38 - Saved AQI_Unified.html and standalone AQI_3d_physics_model.html
17:01:38 - Generating Two-Tiered Substack Briefing (Free vs Paid)...
17:02:03 - ✅ Substack Draft generated: /home/andrew/.ssh/Trading/AQI_Genesis/Substack_Draft_20260522.md
17:02:03 - 💾 Pushing live data matrix to SaaS Database (Streamlit backend)...
17:02:03 - ✅ SaaS Database updated. The AQI Genesis Streamlit Terminal is now live.
17:02:25 - ✅ Briefing Sent Successfully.
17:02:25 - TemporaryDirectory.cleanup() worked.
17:02:25 - shutil.rmtree worked.
17:02:25 - TemporaryDirectory.cleanup() worked.
17:02:25 - shutil.rmtree worked.
