17:00:09 - --- Starting Grand Unified Data Ingestion ---
17:00:09 - Fetching Physics Engine Inputs (Job Losers, Income, Hours)...
17:00:13 - Fetching US Core Macro...
17:00:27 - Fetching Global Policy Inputs...
17:01:06 - Fetching Market Internals...
17:02:03 - 💾 Saved fresh data to local cache.
17:02:03 - Initializing Continuous Cole Pulse Physics Engine...
17:02:03 - Running Multivariate LSTM Forecast (CPU Execution)...
17:02:04 - Training LSTM from scratch (This may take a moment)...
17:02:27 - Saved new LSTM weights to cache.
17:02:29 - Generating Grand Unified Dashboard (Macro + Physics + 3D)...
17:02:36 - Chromium init'ed with kwargs {}
17:02:36 - Found chromium path: /home/andrew/miniconda3/envs/tf_noavx/lib/python3.9/site-packages/choreographer/cli/browser_exe/chrome-linux64/chrome
17:02:36 - Temp directory created: /tmp/tmpryi4hxcl.
17:02:36 - Opening browser.
17:02:36 - Temp directory created: /tmp/tmpibro7vwt.
17:02:36 - Temporary directory at: /tmp/tmpibro7vwt
17:02:42 - Closing browser.
17:02:42 - Closing browser.
17:02:42 - TemporaryDirectory.cleanup() worked.
17:02:42 - shutil.rmtree worked.
17:02:42 - TemporaryDirectory.cleanup() worked.
17:02:42 - shutil.rmtree worked.
17:02:42 - TemporaryDirectory.cleanup() worked.
17:02:42 - shutil.rmtree worked.
17:02:42 - Chromium init'ed with kwargs {}
17:02:42 - Found chromium path: /home/andrew/miniconda3/envs/tf_noavx/lib/python3.9/site-packages/choreographer/cli/browser_exe/chrome-linux64/chrome
17:02:42 - Temp directory created: /tmp/tmpvilewx0i.
17:02:42 - Opening browser.
17:02:42 - Temp directory created: /tmp/tmpdr6ey5xv.
17:02:42 - Temporary directory at: /tmp/tmpdr6ey5xv
17:02:48 - Closing browser.
17:02:48 - Closing browser.
17:02:48 - TemporaryDirectory.cleanup() worked.
17:02:48 - shutil.rmtree worked.
17:02:48 - TemporaryDirectory.cleanup() worked.
17:02:48 - shutil.rmtree worked.
17:02:48 - TemporaryDirectory.cleanup() worked.
17:02:48 - shutil.rmtree worked.
17:02:48 - Chromium init'ed with kwargs {}
17:02:48 - Found chromium path: /home/andrew/miniconda3/envs/tf_noavx/lib/python3.9/site-packages/choreographer/cli/browser_exe/chrome-linux64/chrome
17:02:48 - Temp directory created: /tmp/tmpr4xbgitp.
17:02:48 - Opening browser.
17:02:48 - Temp directory created: /tmp/tmpen26ocz6.
17:02:48 - Temporary directory at: /tmp/tmpen26ocz6
17:02:55 - Closing browser.
17:02:55 - Closing browser.
17:02:55 - TemporaryDirectory.cleanup() worked.
17:02:55 - shutil.rmtree worked.
17:02:55 - TemporaryDirectory.cleanup() worked.
17:02:55 - shutil.rmtree worked.
17:02:55 - TemporaryDirectory.cleanup() worked.
17:02:55 - shutil.rmtree worked.
17:02:55 - ✅ Saved high-res static PNGs for Substack export.
17:02:55 - Saved AQI_Unified.html and standalone AQI_3d_physics_model.html
17:02:55 - Generating Two-Tiered Substack Briefing (Free vs Paid)...
17:02:55 - TemporaryDirectory.cleanup() worked.
17:02:55 - shutil.rmtree worked.
17:02:55 - TemporaryDirectory.cleanup() worked.
17:02:55 - shutil.rmtree worked.
17:02:55 - TemporaryDirectory.cleanup() worked.
17:02:55 - shutil.rmtree worked.
17:03:31 - ✅ Substack Draft generated: /home/andrew/.ssh/Trading/AQI_Genesis/Substack_Draft_20260516.md
17:03:31 - 💾 Pushing live data matrix to SaaS Database (Streamlit backend)...
17:03:31 - ✅ SaaS Database updated. The AQI Genesis Streamlit Terminal is now live.
17:04:01 - ✅ Briefing Sent Successfully.
