17:00:09 - --- Starting Grand Unified Data Ingestion ---
17:00:09 - Fetching Physics Engine Inputs (Job Losers, Income, Hours)...
17:00:13 - ❌ FRED API Failed (Internal Server Error). Attempting to load from local cache...
17:00:13 - ♻️ Loading data from local cache.
17:00:13 - Initializing Continuous Cole Pulse Physics Engine...
17:00:13 - Running Multivariate LSTM Forecast (CPU Execution)...
17:00:13 - Loaded cached LSTM weights.
17:00:15 - Generating Grand Unified Dashboard (Macro + Physics + 3D)...
17:00:22 - Chromium init'ed with kwargs {}
17:00:22 - Found chromium path: /home/andrew/miniconda3/envs/tf_noavx/lib/python3.9/site-packages/choreographer/cli/browser_exe/chrome-linux64/chrome
17:00:22 - Temp directory created: /tmp/tmpxnwfqm2h.
17:00:22 - Opening browser.
17:00:22 - Temp directory created: /tmp/tmp0gbvr2lg.
17:00:22 - Temporary directory at: /tmp/tmp0gbvr2lg
17:00:31 - Closing browser.
17:00:31 - Closing browser.
17:00:31 - TemporaryDirectory.cleanup() worked.
17:00:31 - shutil.rmtree worked.
17:00:31 - TemporaryDirectory.cleanup() worked.
17:00:31 - shutil.rmtree worked.
17:00:31 - TemporaryDirectory.cleanup() worked.
17:00:31 - shutil.rmtree worked.
17:00:31 - Chromium init'ed with kwargs {}
17:00:31 - Found chromium path: /home/andrew/miniconda3/envs/tf_noavx/lib/python3.9/site-packages/choreographer/cli/browser_exe/chrome-linux64/chrome
17:00:31 - Temp directory created: /tmp/tmpb_af_dmx.
17:00:31 - Opening browser.
17:00:31 - Temp directory created: /tmp/tmpk_ocuu78.
17:00:31 - Temporary directory at: /tmp/tmpk_ocuu78
17:00:35 - Closing browser.
17:00:35 - Closing browser.
17:00:35 - TemporaryDirectory.cleanup() worked.
17:00:35 - shutil.rmtree worked.
17:00:35 - TemporaryDirectory.cleanup() worked.
17:00:35 - shutil.rmtree worked.
17:00:35 - TemporaryDirectory.cleanup() worked.
17:00:35 - shutil.rmtree worked.
17:00:35 - Chromium init'ed with kwargs {}
17:00:35 - Found chromium path: /home/andrew/miniconda3/envs/tf_noavx/lib/python3.9/site-packages/choreographer/cli/browser_exe/chrome-linux64/chrome
17:00:35 - Temp directory created: /tmp/tmpikrklqut.
17:00:35 - Opening browser.
17:00:35 - Temp directory created: /tmp/tmph2gud3do.
17:00:35 - Temporary directory at: /tmp/tmph2gud3do
17:00:35 - TemporaryDirectory.cleanup() worked.
17:00:35 - shutil.rmtree worked.
17:00:35 - TemporaryDirectory.cleanup() worked.
17:00:35 - shutil.rmtree worked.
17:00:39 - Closing browser.
17:00:39 - Closing browser.
17:00:39 - TemporaryDirectory.cleanup() worked.
17:00:39 - shutil.rmtree worked.
17:00:39 - TemporaryDirectory.cleanup() worked.
17:00:39 - shutil.rmtree worked.
17:00:39 - TemporaryDirectory.cleanup() worked.
17:00:39 - shutil.rmtree worked.
17:00:39 - ✅ Saved high-res static PNGs for Substack export.
17:00:40 - Saved AQI_Unified.html and standalone AQI_3d_physics_model.html
17:00:40 - Generating Two-Tiered Substack Briefing (Free vs Paid)...
17:01:09 - ✅ Substack Draft generated: /home/andrew/.ssh/Trading/AQI_Genesis/Substack_Draft_20260429.md
17:01:09 - 💾 Pushing live data matrix to SaaS Database (Streamlit backend)...
17:01:09 - ✅ SaaS Database updated. The AQI Genesis Streamlit Terminal is now live.
17:01:28 - ✅ Briefing Sent Successfully.
17:01:29 - TemporaryDirectory.cleanup() worked.
17:01:29 - shutil.rmtree worked.
