17:00:07 - --- Starting Grand Unified Data Ingestion ---
17:00:07 - Fetching Physics Engine Inputs (Job Losers, Income, Hours)...
17:00:15 - Fetching US Core Macro...
17:00:30 - Fetching Global Policy Inputs...
17:01:24 - Fetching Market Internals...
17:01:47 - 💾 Saved fresh data to local cache.
17:01:47 - Initializing Continuous Cole Pulse Physics Engine...
17:01:48 - Running Multivariate LSTM Forecast (CPU Execution)...
17:01:48 - Loaded cached LSTM weights.
17:01:50 - Generating Grand Unified Dashboard (Macro + Physics + 3D)...
17:01:58 - Chromium init'ed with kwargs {}
17:01:58 - Found chromium path: /home/andrew/miniconda3/envs/tf_noavx/lib/python3.9/site-packages/choreographer/cli/browser_exe/chrome-linux64/chrome
17:01:58 - Temp directory created: /tmp/tmpir595hjj.
17:01:58 - Opening browser.
17:01:58 - Temp directory created: /tmp/tmph1pgcck8.
17:01:58 - Temporary directory at: /tmp/tmph1pgcck8
17:02:01 - Closing browser.
17:02:01 - Closing browser.
17:02:01 - TemporaryDirectory.cleanup() worked.
17:02:01 - shutil.rmtree worked.
17:02:01 - TemporaryDirectory.cleanup() worked.
17:02:01 - shutil.rmtree worked.
17:02:01 - TemporaryDirectory.cleanup() worked.
17:02:01 - shutil.rmtree worked.
17:02:02 - TemporaryDirectory.cleanup() worked.
17:02:02 - shutil.rmtree worked.
17:02:02 - Chromium init'ed with kwargs {}
17:02:02 - Found chromium path: /home/andrew/miniconda3/envs/tf_noavx/lib/python3.9/site-packages/choreographer/cli/browser_exe/chrome-linux64/chrome
17:02:02 - Temp directory created: /tmp/tmpw7_y3mso.
17:02:02 - Opening browser.
17:02:02 - Temp directory created: /tmp/tmptfgs1ieu.
17:02:02 - Temporary directory at: /tmp/tmptfgs1ieu
17:02:06 - Closing browser.
17:02:06 - Closing browser.
17:02:06 - TemporaryDirectory.cleanup() worked.
17:02:06 - shutil.rmtree worked.
17:02:06 - TemporaryDirectory.cleanup() worked.
17:02:06 - shutil.rmtree worked.
17:02:06 - TemporaryDirectory.cleanup() worked.
17:02:06 - shutil.rmtree worked.
17:02:06 - Chromium init'ed with kwargs {}
17:02:06 - Found chromium path: /home/andrew/miniconda3/envs/tf_noavx/lib/python3.9/site-packages/choreographer/cli/browser_exe/chrome-linux64/chrome
17:02:06 - Temp directory created: /tmp/tmpuvuzcb9p.
17:02:06 - Opening browser.
17:02:06 - Temp directory created: /tmp/tmp8kv3hai2.
17:02:06 - Temporary directory at: /tmp/tmp8kv3hai2
17:02:10 - Closing browser.
17:02:10 - Closing browser.
17:02:10 - TemporaryDirectory.cleanup() worked.
17:02:10 - shutil.rmtree worked.
17:02:11 - TemporaryDirectory.cleanup() worked.
17:02:11 - shutil.rmtree worked.
17:02:11 - TemporaryDirectory.cleanup() worked.
17:02:11 - shutil.rmtree worked.
17:02:11 - ✅ Saved high-res static PNGs for Substack export.
17:02:11 - Saved AQI_Unified.html and standalone AQI_3d_physics_model.html
17:02:11 - Generating Two-Tiered Substack Briefing (Free vs Paid)...
17:02:41 - ✅ Substack Draft generated: /home/andrew/.ssh/Trading/AQI_Genesis/Substack_Draft_20260520.md
17:02:41 - 💾 Pushing live data matrix to SaaS Database (Streamlit backend)...
17:02:41 - ✅ SaaS Database updated. The AQI Genesis Streamlit Terminal is now live.
17:03:01 - ✅ Briefing Sent Successfully.
17:03:01 - TemporaryDirectory.cleanup() worked.
17:03:01 - shutil.rmtree worked.
17:03:01 - TemporaryDirectory.cleanup() worked.
17:03:01 - shutil.rmtree worked.
