17:00:07 - --- Starting Grand Unified Data Ingestion ---
17:00:07 - Fetching Physics Engine Inputs (Job Losers, Income, Hours)...
17:00:31 - Fetching US Core Macro...
17:01:16 - Fetching Global Policy Inputs...
17:01:48 - Fetching Market Internals...
17:02:15 - 💾 Saved fresh data to local cache.
17:02:15 - Initializing Continuous Cole Pulse Physics Engine...
17:02:15 - Running Multivariate LSTM Forecast (CPU Execution)...
17:02:16 - Loaded cached LSTM weights.
17:02:20 - Generating Grand Unified Dashboard (Macro + Physics + 3D)...
17:02:28 - Chromium init'ed with kwargs {}
17:02:28 - Found chromium path: /home/andrew/miniconda3/envs/tf_noavx/lib/python3.9/site-packages/choreographer/cli/browser_exe/chrome-linux64/chrome
17:02:28 - Temp directory created: /tmp/tmpuwsjrg6h.
17:02:28 - Opening browser.
17:02:28 - Temp directory created: /tmp/tmpyupuzpo_.
17:02:28 - Temporary directory at: /tmp/tmpyupuzpo_
17:02:32 - Closing browser.
17:02:32 - Closing browser.
17:02:32 - TemporaryDirectory.cleanup() worked.
17:02:32 - shutil.rmtree worked.
17:02:32 - TemporaryDirectory.cleanup() worked.
17:02:32 - shutil.rmtree worked.
17:02:32 - TemporaryDirectory.cleanup() worked.
17:02:32 - shutil.rmtree worked.
17:02:32 - Chromium init'ed with kwargs {}
17:02:32 - Found chromium path: /home/andrew/miniconda3/envs/tf_noavx/lib/python3.9/site-packages/choreographer/cli/browser_exe/chrome-linux64/chrome
17:02:32 - Temp directory created: /tmp/tmp263zn_ma.
17:02:32 - Opening browser.
17:02:32 - Temp directory created: /tmp/tmp21xrtw76.
17:02:32 - Temporary directory at: /tmp/tmp21xrtw76
17:02:36 - Closing browser.
17:02:36 - Closing browser.
17:02:36 - TemporaryDirectory.cleanup() worked.
17:02:36 - shutil.rmtree worked.
17:02:36 - TemporaryDirectory.cleanup() worked.
17:02:36 - shutil.rmtree worked.
17:02:36 - TemporaryDirectory.cleanup() worked.
17:02:36 - shutil.rmtree worked.
17:02:36 - Chromium init'ed with kwargs {}
17:02:36 - Found chromium path: /home/andrew/miniconda3/envs/tf_noavx/lib/python3.9/site-packages/choreographer/cli/browser_exe/chrome-linux64/chrome
17:02:36 - Temp directory created: /tmp/tmpq3b79ym_.
17:02:36 - Opening browser.
17:02:36 - Temp directory created: /tmp/tmpbnbj3ftv.
17:02:36 - Temporary directory at: /tmp/tmpbnbj3ftv
17:02:41 - Closing browser.
17:02:41 - Closing browser.
17:02:41 - TemporaryDirectory.cleanup() worked.
17:02:41 - shutil.rmtree worked.
17:02:41 - TemporaryDirectory.cleanup() worked.
17:02:41 - shutil.rmtree worked.
17:02:41 - TemporaryDirectory.cleanup() worked.
17:02:41 - shutil.rmtree worked.
17:02:41 - ✅ Saved high-res static PNGs for Substack export.
17:02:41 - Saved AQI_Unified.html and standalone AQI_3d_physics_model.html
17:02:41 - Generating Two-Tiered Substack Briefing (Free vs Paid)...
17:03:16 - ✅ Substack Draft generated: /home/andrew/.ssh/Trading/AQI_Genesis/Substack_Draft_20260603.md
17:03:16 - 💾 Pushing live data matrix to SaaS Database (Streamlit backend)...
17:03:16 - ✅ SaaS Database updated. The AQI Genesis Streamlit Terminal is now live.
17:03:36 - ✅ Briefing Sent Successfully.
17:03:36 - TemporaryDirectory.cleanup() worked.
17:03:36 - shutil.rmtree worked.
17:03:36 - TemporaryDirectory.cleanup() worked.
17:03:36 - shutil.rmtree worked.
17:03:36 - TemporaryDirectory.cleanup() worked.
17:03:36 - shutil.rmtree worked.
