2026-04-01 11:16:40.729 WARNING streamlit.runtime.scriptrunner_utils.script_run_context: Thread 'MainThread': missing ScriptRunContext! This warning can be ignored when running in bare mode.
2026-04-01 11:16:40.730 WARNING streamlit.runtime.scriptrunner_utils.script_run_context: Thread 'MainThread': missing ScriptRunContext! This warning can be ignored when running in bare mode.
2026-04-01 11:16:40.994 
  [33m[1mWarning:[0m to view this Streamlit app on a browser, run it with the following
  command:

    streamlit run /home/andrew/.ssh/Trading/AQI_Genesis/0_AQI_Genesis_Dashboard.py [ARGUMENTS]
2026-04-01 11:16:40.994 Thread 'MainThread': missing ScriptRunContext! This warning can be ignored when running in bare mode.
2026-04-01 11:16:40.994 Thread 'MainThread': missing ScriptRunContext! This warning can be ignored when running in bare mode.
2026-04-01 11:16:40.995 Thread 'MainThread': missing ScriptRunContext! This warning can be ignored when running in bare mode.
2026-04-01 11:16:40.995 Session state does not function when running a script without `streamlit run`
2026-04-01 11:16:40.995 Thread 'MainThread': missing ScriptRunContext! This warning can be ignored when running in bare mode.
2026-04-01 11:16:40.995 Thread 'MainThread': missing ScriptRunContext! This warning can be ignored when running in bare mode.
2026-04-01 11:16:40.995 Thread 'MainThread': missing ScriptRunContext! This warning can be ignored when running in bare mode.
2026-04-01 11:16:40.995 Thread 'MainThread': missing ScriptRunContext! This warning can be ignored when running in bare mode.
2026-04-01 11:16:40.995 Thread 'MainThread': missing ScriptRunContext! This warning can be ignored when running in bare mode.
2026-04-01 11:16:40.995 Thread 'MainThread': missing ScriptRunContext! This warning can be ignored when running in bare mode.
2026-04-01 11:16:40.995 Thread 'MainThread': missing ScriptRunContext! This warning can be ignored when running in bare mode.
2026-04-01 11:16:40.995 Thread 'MainThread': missing ScriptRunContext! This warning can be ignored when running in bare mode.
2026-04-01 11:16:40.996 Thread 'MainThread': missing ScriptRunContext! This warning can be ignored when running in bare mode.
2026-04-01 11:16:40.996 Thread 'MainThread': missing ScriptRunContext! This warning can be ignored when running in bare mode.
2026-04-01 11:16:40.996 Thread 'MainThread': missing ScriptRunContext! This warning can be ignored when running in bare mode.
2026-04-01 11:16:40.996 Thread 'MainThread': missing ScriptRunContext! This warning can be ignored when running in bare mode.
2026-04-01 11:16:40.996 Thread 'MainThread': missing ScriptRunContext! This warning can be ignored when running in bare mode.
2026-04-01 11:16:40.996 Thread 'MainThread': missing ScriptRunContext! This warning can be ignored when running in bare mode.
2026-04-01 11:16:40.996 Thread 'MainThread': missing ScriptRunContext! This warning can be ignored when running in bare mode.
2026-04-01 11:16:40.996 Thread 'MainThread': missing ScriptRunContext! This warning can be ignored when running in bare mode.
2026-04-01 11:16:40.996 Thread 'MainThread': missing ScriptRunContext! This warning can be ignored when running in bare mode.
2026-04-01 11:16:40.997 Thread 'MainThread': missing ScriptRunContext! This warning can be ignored when running in bare mode.
2026-04-01 11:16:40.997 Thread 'MainThread': missing ScriptRunContext! This warning can be ignored when running in bare mode.
2026-04-01 11:16:40.997 Thread 'MainThread': missing ScriptRunContext! This warning can be ignored when running in bare mode.
2026-04-01 11:16:40.997 Thread 'MainThread': missing ScriptRunContext! This warning can be ignored when running in bare mode.
2026-04-01 11:16:40.997 Thread 'MainThread': missing ScriptRunContext! This warning can be ignored when running in bare mode.
2026-04-01 11:16:40.997 Thread 'MainThread': missing ScriptRunContext! This warning can be ignored when running in bare mode.
2026-04-01 11:16:40.997 Thread 'MainThread': missing ScriptRunContext! This warning can be ignored when running in bare mode.
2026-04-01 11:16:40.997 Thread 'MainThread': missing ScriptRunContext! This warning can be ignored when running in bare mode.
2026-04-01 11:16:40.997 Thread 'MainThread': missing ScriptRunContext! This warning can be ignored when running in bare mode.
2026-04-01 11:16:40.997 Thread 'MainThread': missing ScriptRunContext! This warning can be ignored when running in bare mode.
2026-04-01 11:16:40.998 No runtime found, using MemoryCacheStorageManager
2026-04-01 11:16:41.008 No runtime found, using MemoryCacheStorageManager
2026-04-01 11:16:41.009 Thread 'MainThread': missing ScriptRunContext! This warning can be ignored when running in bare mode.
2026-04-01 11:16:41.009 Thread 'MainThread': missing ScriptRunContext! This warning can be ignored when running in bare mode.
2026-04-01 11:16:41.009 Thread 'MainThread': missing ScriptRunContext! This warning can be ignored when running in bare mode.
2026-04-01 11:16:41.009 Thread 'MainThread': missing ScriptRunContext! This warning can be ignored when running in bare mode.
2026-04-01 11:16:41.128 Thread 'MainThread': missing ScriptRunContext! This warning can be ignored when running in bare mode.
2026-04-01 11:16:41.128 Thread 'MainThread': missing ScriptRunContext! This warning can be ignored when running in bare mode.
2026-04-01 11:16:41.128 Thread 'MainThread': missing ScriptRunContext! This warning can be ignored when running in bare mode.
2026-04-01 11:16:41.130 Thread 'MainThread': missing ScriptRunContext! This warning can be ignored when running in bare mode.
2026-04-01 11:16:41.130 Thread 'MainThread': missing ScriptRunContext! This warning can be ignored when running in bare mode.
2026-04-01 11:16:41.130 Thread 'MainThread': missing ScriptRunContext! This warning can be ignored when running in bare mode.
2026-04-01 11:16:41.131 Thread 'MainThread': missing ScriptRunContext! This warning can be ignored when running in bare mode.
2026-04-01 11:16:41.131 Thread 'MainThread': missing ScriptRunContext! This warning can be ignored when running in bare mode.
2026-04-01 11:16:41.131 Thread 'MainThread': missing ScriptRunContext! This warning can be ignored when running in bare mode.
2026-04-01 11:16:41.131 Thread 'MainThread': missing ScriptRunContext! This warning can be ignored when running in bare mode.
2026-04-01 11:16:41.131 Thread 'MainThread': missing ScriptRunContext! This warning can be ignored when running in bare mode.
2026-04-01 11:16:41.131 Thread 'MainThread': missing ScriptRunContext! This warning can be ignored when running in bare mode.
2026-04-01 11:16:41.131 Thread 'MainThread': missing ScriptRunContext! This warning can be ignored when running in bare mode.
2026-04-01 11:16:41.131 Thread 'MainThread': missing ScriptRunContext! This warning can be ignored when running in bare mode.
2026-04-01 11:16:41.132 Thread 'MainThread': missing ScriptRunContext! This warning can be ignored when running in bare mode.
2026-04-01 11:16:41.132 Thread 'MainThread': missing ScriptRunContext! This warning can be ignored when running in bare mode.
2026-04-01 11:16:41.132 Thread 'MainThread': missing ScriptRunContext! This warning can be ignored when running in bare mode.
2026-04-01 11:16:41.132 Thread 'MainThread': missing ScriptRunContext! This warning can be ignored when running in bare mode.
2026-04-01 11:16:41.132 Thread 'MainThread': missing ScriptRunContext! This warning can be ignored when running in bare mode.
2026-04-01 11:16:41.132 Thread 'MainThread': missing ScriptRunContext! This warning can be ignored when running in bare mode.
2026-04-01 11:16:41.132 Thread 'MainThread': missing ScriptRunContext! This warning can be ignored when running in bare mode.
2026-04-01 11:16:41.132 Thread 'MainThread': missing ScriptRunContext! This warning can be ignored when running in bare mode.
2026-04-01 11:16:41.132 Thread 'MainThread': missing ScriptRunContext! This warning can be ignored when running in bare mode.
2026-04-01 11:16:41.133 Thread 'MainThread': missing ScriptRunContext! This warning can be ignored when running in bare mode.
2026-04-01 11:16:41.133 Thread 'MainThread': missing ScriptRunContext! This warning can be ignored when running in bare mode.
2026-04-01 11:16:41.133 Thread 'MainThread': missing ScriptRunContext! This warning can be ignored when running in bare mode.
2026-04-01 11:16:41.133 Thread 'MainThread': missing ScriptRunContext! This warning can be ignored when running in bare mode.
2026-04-01 11:16:41.133 Thread 'MainThread': missing ScriptRunContext! This warning can be ignored when running in bare mode.
2026-04-01 11:16:41.133 Thread 'MainThread': missing ScriptRunContext! This warning can be ignored when running in bare mode.
2026-04-01 11:16:41.133 Thread 'MainThread': missing ScriptRunContext! This warning can be ignored when running in bare mode.
2026-04-01 11:16:43.659 Thread 'MainThread': missing ScriptRunContext! This warning can be ignored when running in bare mode.
2026-04-01 11:16:43.659 Thread 'MainThread': missing ScriptRunContext! This warning can be ignored when running in bare mode.
2026-04-01 11:16:43.660 Thread 'MainThread': missing ScriptRunContext! This warning can be ignored when running in bare mode.
2026-04-01 11:16:43.660 Thread 'MainThread': missing ScriptRunContext! This warning can be ignored when running in bare mode.
2026-04-01 11:16:43.660 Thread 'MainThread': missing ScriptRunContext! This warning can be ignored when running in bare mode.
2026-04-01 11:16:47.908 Thread 'MainThread': missing ScriptRunContext! This warning can be ignored when running in bare mode.
2026-04-01 11:16:47.908 Thread 'MainThread': missing ScriptRunContext! This warning can be ignored when running in bare mode.
2026-04-01 11:16:47.909 Thread 'MainThread': missing ScriptRunContext! This warning can be ignored when running in bare mode.
2026-04-01 11:16:47.909 Thread 'MainThread': missing ScriptRunContext! This warning can be ignored when running in bare mode.
2026-04-01 11:16:47.909 Thread 'MainThread': missing ScriptRunContext! This warning can be ignored when running in bare mode.
2026-04-01 11:16:47.909 Thread 'MainThread': missing ScriptRunContext! This warning can be ignored when running in bare mode.
2026-04-01 11:16:47.910 Thread 'MainThread': missing ScriptRunContext! This warning can be ignored when running in bare mode.
2026-04-01 11:16:47.910 Thread 'MainThread': missing ScriptRunContext! This warning can be ignored when running in bare mode.
2026-04-01 11:16:48.066 Thread 'MainThread': missing ScriptRunContext! This warning can be ignored when running in bare mode.
2026-04-01 11:16:48.067 Thread 'MainThread': missing ScriptRunContext! This warning can be ignored when running in bare mode.
2026-04-01 11:16:48.067 Thread 'MainThread': missing ScriptRunContext! This warning can be ignored when running in bare mode.
2026-04-01 11:16:48.067 Thread 'MainThread': missing ScriptRunContext! This warning can be ignored when running in bare mode.
2026-04-01 11:16:48.067 Thread 'MainThread': missing ScriptRunContext! This warning can be ignored when running in bare mode.
