17:00:07 - --- Starting Grand Unified Data Ingestion ---
17:00:07 - Fetching Physics Engine Inputs (Job Losers, Income, Hours)...
17:00:27 - Fetching US Core Macro...
17:00:58 - Fetching Global Policy Inputs...
17:01:28 - Fetching Market Internals...
17:01:51 - 💾 Saved fresh data to local cache.
17:01:51 - Initializing Continuous Cole Pulse Physics Engine...
17:01:51 - Running Multivariate LSTM Forecast (CPU Execution)...
17:01:52 - Loaded cached LSTM weights.
17:01:54 - Generating Grand Unified Dashboard (Macro + Physics + 3D)...
17:02:00 - Chromium init'ed with kwargs {}
17:02:00 - Found chromium path: /home/andrew/miniconda3/envs/tf_noavx/lib/python3.9/site-packages/choreographer/cli/browser_exe/chrome-linux64/chrome
17:02:00 - Temp directory created: /tmp/tmpr63ae1xc.
17:02:00 - Opening browser.
17:02:00 - Temp directory created: /tmp/tmpxumgwacn.
17:02:00 - Temporary directory at: /tmp/tmpxumgwacn
17:02:04 - Closing browser.
17:02:04 - Closing browser.
17:02:04 - TemporaryDirectory.cleanup() worked.
17:02:04 - shutil.rmtree worked.
17:02:04 - TemporaryDirectory.cleanup() worked.
17:02:04 - shutil.rmtree worked.
17:02:04 - TemporaryDirectory.cleanup() worked.
17:02:04 - shutil.rmtree worked.
17:02:04 - Chromium init'ed with kwargs {}
17:02:04 - Found chromium path: /home/andrew/miniconda3/envs/tf_noavx/lib/python3.9/site-packages/choreographer/cli/browser_exe/chrome-linux64/chrome
17:02:04 - Temp directory created: /tmp/tmpo9n__ees.
17:02:04 - Opening browser.
17:02:04 - Temp directory created: /tmp/tmplxt2zs75.
17:02:04 - Temporary directory at: /tmp/tmplxt2zs75
17:02:08 - Closing browser.
17:02:08 - Closing browser.
17:02:08 - TemporaryDirectory.cleanup() worked.
17:02:08 - shutil.rmtree worked.
17:02:08 - TemporaryDirectory.cleanup() worked.
17:02:08 - shutil.rmtree worked.
17:02:08 - TemporaryDirectory.cleanup() worked.
17:02:08 - shutil.rmtree worked.
17:02:08 - Chromium init'ed with kwargs {}
17:02:08 - Found chromium path: /home/andrew/miniconda3/envs/tf_noavx/lib/python3.9/site-packages/choreographer/cli/browser_exe/chrome-linux64/chrome
17:02:08 - Temp directory created: /tmp/tmph8_8fdea.
17:02:08 - Opening browser.
17:02:08 - Temp directory created: /tmp/tmpkb44zta4.
17:02:08 - Temporary directory at: /tmp/tmpkb44zta4
17:02:13 - Closing browser.
17:02:13 - Closing browser.
17:02:13 - TemporaryDirectory.cleanup() worked.
17:02:13 - shutil.rmtree worked.
17:02:13 - TemporaryDirectory.cleanup() worked.
17:02:13 - shutil.rmtree worked.
17:02:13 - TemporaryDirectory.cleanup() worked.
17:02:13 - shutil.rmtree worked.
17:02:13 - ✅ Saved high-res static PNGs for Substack export.
17:02:13 - Saved AQI_Unified.html and standalone AQI_3d_physics_model.html
17:02:13 - Generating Two-Tiered Substack Briefing (Free vs Paid)...
17:02:44 - ✅ Substack Draft generated: /home/andrew/.ssh/Trading/AQI_Genesis/Substack_Draft_20260602.md
17:02:44 - 💾 Pushing live data matrix to SaaS Database (Streamlit backend)...
17:02:44 - ✅ SaaS Database updated. The AQI Genesis Streamlit Terminal is now live.
17:03:04 - ✅ Briefing Sent Successfully.
17:03:04 - TemporaryDirectory.cleanup() worked.
17:03:04 - shutil.rmtree worked.
17:03:04 - TemporaryDirectory.cleanup() worked.
17:03:04 - shutil.rmtree worked.
17:03:04 - TemporaryDirectory.cleanup() worked.
17:03:04 - shutil.rmtree worked.
