17:00:07 - --- Starting Grand Unified Data Ingestion ---
17:00:07 - Fetching Physics Engine Inputs (Job Losers, Income, Hours)...
17:00:18 - Fetching US Core Macro...
17:00:48 - ❌ FRED API Failed (<urlopen error [Errno -3] Temporary failure in name resolution>). Attempting to load from local cache...
17:00:48 - ♻️ Loading data from local cache.
17:00:48 - Initializing Continuous Cole Pulse Physics Engine...
17:00:48 - Running Multivariate LSTM Forecast (CPU Execution)...
17:00:49 - Loaded cached LSTM weights.
17:00:50 - Generating Grand Unified Dashboard (Macro + Physics + 3D)...
17:00:57 - Chromium init'ed with kwargs {}
17:00:57 - Found chromium path: /home/andrew/miniconda3/envs/tf_noavx/lib/python3.9/site-packages/choreographer/cli/browser_exe/chrome-linux64/chrome
17:00:57 - Temp directory created: /tmp/tmpz8rx7qyp.
17:00:57 - Opening browser.
17:00:57 - Temp directory created: /tmp/tmpbebqfp05.
17:00:57 - Temporary directory at: /tmp/tmpbebqfp05
17:01:01 - Closing browser.
17:01:01 - Closing browser.
17:01:01 - TemporaryDirectory.cleanup() worked.
17:01:01 - shutil.rmtree worked.
17:01:01 - TemporaryDirectory.cleanup() worked.
17:01:01 - shutil.rmtree worked.
17:01:01 - TemporaryDirectory.cleanup() worked.
17:01:01 - shutil.rmtree worked.
17:01:01 - Chromium init'ed with kwargs {}
17:01:01 - Found chromium path: /home/andrew/miniconda3/envs/tf_noavx/lib/python3.9/site-packages/choreographer/cli/browser_exe/chrome-linux64/chrome
17:01:01 - Temp directory created: /tmp/tmpiaj65_fz.
17:01:01 - Opening browser.
17:01:01 - Temp directory created: /tmp/tmp3n4j1jjq.
17:01:01 - Temporary directory at: /tmp/tmp3n4j1jjq
17:01:06 - Closing browser.
17:01:06 - Closing browser.
17:01:06 - TemporaryDirectory.cleanup() worked.
17:01:06 - shutil.rmtree worked.
17:01:06 - TemporaryDirectory.cleanup() worked.
17:01:06 - shutil.rmtree worked.
17:01:06 - TemporaryDirectory.cleanup() worked.
17:01:06 - shutil.rmtree worked.
17:01:06 - Chromium init'ed with kwargs {}
17:01:06 - Found chromium path: /home/andrew/miniconda3/envs/tf_noavx/lib/python3.9/site-packages/choreographer/cli/browser_exe/chrome-linux64/chrome
17:01:06 - Temp directory created: /tmp/tmpj0r6otuv.
17:01:06 - Opening browser.
17:01:06 - Temp directory created: /tmp/tmp3bqdjzho.
17:01:06 - Temporary directory at: /tmp/tmp3bqdjzho
17:01:11 - Closing browser.
17:01:11 - Closing browser.
17:01:11 - TemporaryDirectory.cleanup() worked.
17:01:11 - shutil.rmtree worked.
17:01:11 - TemporaryDirectory.cleanup() worked.
17:01:11 - shutil.rmtree worked.
17:01:11 - TemporaryDirectory.cleanup() worked.
17:01:11 - shutil.rmtree worked.
17:01:11 - ✅ Saved high-res static PNGs for Substack export.
17:01:11 - Saved AQI_Unified.html and standalone AQI_3d_physics_model.html
17:01:11 - Generating Two-Tiered Substack Briefing (Free vs Paid)...
17:01:11 - TemporaryDirectory.cleanup() worked.
17:01:11 - shutil.rmtree worked.
17:01:11 - TemporaryDirectory.cleanup() worked.
17:01:11 - shutil.rmtree worked.
17:01:11 - TemporaryDirectory.cleanup() worked.
17:01:11 - shutil.rmtree worked.
17:01:52 - ✅ Substack Draft generated: /home/andrew/.ssh/Trading/AQI_Genesis/Substack_Draft_20260521.md
17:01:52 - 💾 Pushing live data matrix to SaaS Database (Streamlit backend)...
17:01:52 - ✅ SaaS Database updated. The AQI Genesis Streamlit Terminal is now live.
17:02:13 - ✅ Briefing Sent Successfully.
