17:00:09 - --- Starting Grand Unified Data Ingestion ---
17:00:09 - Fetching Physics Engine Inputs (Job Losers, Income, Hours)...
17:00:23 - ❌ FRED API Failed (Internal Server Error). Attempting to load from local cache...
17:00:23 - ♻️ Loading data from local cache.
17:00:23 - Initializing Continuous Cole Pulse Physics Engine...
17:00:23 - Running Multivariate LSTM Forecast (CPU Execution)...
17:00:23 - Loaded cached LSTM weights.
17:00:25 - Generating Grand Unified Dashboard (Macro + Physics + 3D)...
17:00:32 - Chromium init'ed with kwargs {}
17:00:32 - Found chromium path: /home/andrew/miniconda3/envs/tf_noavx/lib/python3.9/site-packages/choreographer/cli/browser_exe/chrome-linux64/chrome
17:00:32 - Temp directory created: /tmp/tmpsb0es2vr.
17:00:32 - Opening browser.
17:00:32 - Temp directory created: /tmp/tmp7cu80vxo.
17:00:32 - Temporary directory at: /tmp/tmp7cu80vxo
17:00:36 - Closing browser.
17:00:36 - Closing browser.
17:00:36 - TemporaryDirectory.cleanup() worked.
17:00:36 - shutil.rmtree worked.
17:00:36 - TemporaryDirectory.cleanup() worked.
17:00:36 - shutil.rmtree worked.
17:00:36 - TemporaryDirectory.cleanup() worked.
17:00:36 - shutil.rmtree worked.
17:00:36 - Chromium init'ed with kwargs {}
17:00:36 - Found chromium path: /home/andrew/miniconda3/envs/tf_noavx/lib/python3.9/site-packages/choreographer/cli/browser_exe/chrome-linux64/chrome
17:00:36 - Temp directory created: /tmp/tmp3utnd4g_.
17:00:36 - Opening browser.
17:00:36 - Temp directory created: /tmp/tmp_0ykf46h.
17:00:36 - Temporary directory at: /tmp/tmp_0ykf46h
17:00:40 - Closing browser.
17:00:40 - Closing browser.
17:00:40 - TemporaryDirectory.cleanup() worked.
17:00:40 - shutil.rmtree worked.
17:00:40 - TemporaryDirectory.cleanup() worked.
17:00:40 - shutil.rmtree worked.
17:00:40 - TemporaryDirectory.cleanup() worked.
17:00:40 - shutil.rmtree worked.
17:00:40 - Chromium init'ed with kwargs {}
17:00:40 - Found chromium path: /home/andrew/miniconda3/envs/tf_noavx/lib/python3.9/site-packages/choreographer/cli/browser_exe/chrome-linux64/chrome
17:00:40 - Temp directory created: /tmp/tmpk3a8s9an.
17:00:40 - Opening browser.
17:00:40 - Temp directory created: /tmp/tmp443tj6yv.
17:00:40 - Temporary directory at: /tmp/tmp443tj6yv
17:00:44 - Closing browser.
17:00:44 - Closing browser.
17:00:44 - TemporaryDirectory.cleanup() worked.
17:00:44 - shutil.rmtree worked.
17:00:44 - TemporaryDirectory.cleanup() worked.
17:00:44 - shutil.rmtree worked.
17:00:44 - TemporaryDirectory.cleanup() worked.
17:00:44 - shutil.rmtree worked.
17:00:44 - ✅ Saved high-res static PNGs for Substack export.
17:00:44 - Saved AQI_Unified.html and standalone AQI_3d_physics_model.html
17:00:44 - Generating Two-Tiered Substack Briefing (Free vs Paid)...
17:01:11 - ✅ Substack Draft generated: /home/andrew/.ssh/Trading/AQI_Genesis/Substack_Draft_20260421.md
17:01:11 - 💾 Pushing live data matrix to SaaS Database (Streamlit backend)...
17:01:12 - ✅ SaaS Database updated. The AQI Genesis Streamlit Terminal is now live.
17:01:32 - ✅ Briefing Sent Successfully.
17:01:32 - TemporaryDirectory.cleanup() worked.
17:01:32 - shutil.rmtree worked.
17:01:32 - TemporaryDirectory.cleanup() worked.
17:01:32 - shutil.rmtree worked.
17:01:32 - TemporaryDirectory.cleanup() worked.
17:01:32 - shutil.rmtree worked.
