17:00:06 - --- Starting Grand Unified Data Ingestion ---
17:00:06 - Fetching Physics Engine Inputs (Job Losers, Income, Hours)...
17:00:12 - Fetching US Core Macro...
17:00:24 - Fetching Global Policy Inputs...
17:00:48 - Fetching Market Internals...
17:01:10 - 💾 Saved fresh data to local cache.
17:01:10 - Initializing Continuous Cole Pulse Physics Engine...
17:01:10 - Running Multivariate LSTM Forecast (CPU Execution)...
17:01:11 - Loaded cached LSTM weights.
17:01:12 - Generating Grand Unified Dashboard (Macro + Physics + 3D)...
17:01:19 - Chromium init'ed with kwargs {}
17:01:19 - Found chromium path: /home/andrew/miniconda3/envs/tf_noavx/lib/python3.9/site-packages/choreographer/cli/browser_exe/chrome-linux64/chrome
17:01:19 - Temp directory created: /tmp/tmpmi2ae0ow.
17:01:19 - Opening browser.
17:01:19 - Temp directory created: /tmp/tmpe1iih8cs.
17:01:19 - Temporary directory at: /tmp/tmpe1iih8cs
17:01:22 - Closing browser.
17:01:22 - Closing browser.
17:01:22 - TemporaryDirectory.cleanup() worked.
17:01:22 - shutil.rmtree worked.
17:01:23 - TemporaryDirectory.cleanup() worked.
17:01:23 - shutil.rmtree worked.
17:01:23 - TemporaryDirectory.cleanup() worked.
17:01:23 - shutil.rmtree worked.
17:01:23 - Chromium init'ed with kwargs {}
17:01:23 - Found chromium path: /home/andrew/miniconda3/envs/tf_noavx/lib/python3.9/site-packages/choreographer/cli/browser_exe/chrome-linux64/chrome
17:01:23 - Temp directory created: /tmp/tmpkqhkikkm.
17:01:23 - Opening browser.
17:01:23 - Temp directory created: /tmp/tmphylih3_g.
17:01:23 - Temporary directory at: /tmp/tmphylih3_g
17:01:27 - Closing browser.
17:01:27 - Closing browser.
17:01:27 - TemporaryDirectory.cleanup() worked.
17:01:27 - shutil.rmtree worked.
17:01:27 - TemporaryDirectory.cleanup() worked.
17:01:27 - shutil.rmtree worked.
17:01:27 - TemporaryDirectory.cleanup() worked.
17:01:27 - shutil.rmtree worked.
17:01:27 - Chromium init'ed with kwargs {}
17:01:27 - Found chromium path: /home/andrew/miniconda3/envs/tf_noavx/lib/python3.9/site-packages/choreographer/cli/browser_exe/chrome-linux64/chrome
17:01:27 - Temp directory created: /tmp/tmpjy6n5jy5.
17:01:27 - Opening browser.
17:01:27 - Temp directory created: /tmp/tmp3rscmxz9.
17:01:27 - Temporary directory at: /tmp/tmp3rscmxz9
17:01:31 - Closing browser.
17:01:31 - Closing browser.
17:01:31 - TemporaryDirectory.cleanup() worked.
17:01:31 - shutil.rmtree worked.
17:01:31 - TemporaryDirectory.cleanup() worked.
17:01:31 - shutil.rmtree worked.
17:01:31 - TemporaryDirectory.cleanup() worked.
17:01:31 - shutil.rmtree worked.
17:01:31 - ✅ Saved high-res static PNGs for Substack export.
17:01:31 - Saved AQI_Unified.html and standalone AQI_3d_physics_model.html
17:01:31 - Generating Two-Tiered Substack Briefing (Free vs Paid)...
17:01:56 - ✅ Substack Draft generated: /home/andrew/.ssh/Trading/AQI_Genesis/Substack_Draft_20260529.md
17:01:56 - 💾 Pushing live data matrix to SaaS Database (Streamlit backend)...
17:01:56 - ✅ SaaS Database updated. The AQI Genesis Streamlit Terminal is now live.
17:02:16 - ✅ Briefing Sent Successfully.
17:02:17 - TemporaryDirectory.cleanup() worked.
17:02:17 - shutil.rmtree worked.
17:02:17 - TemporaryDirectory.cleanup() worked.
17:02:17 - shutil.rmtree worked.
17:02:17 - TemporaryDirectory.cleanup() worked.
17:02:17 - shutil.rmtree worked.
