17:00:08 - --- Starting Grand Unified Data Ingestion ---
17:00:08 - Fetching Physics Engine Inputs (Job Losers, Income, Hours)...
17:00:25 - Fetching US Core Macro...
17:00:59 - Fetching Global Policy Inputs...
17:02:05 - Fetching Market Internals...
17:02:49 - 💾 Saved fresh data to local cache.
17:02:49 - Initializing Continuous Cole Pulse Physics Engine...
17:02:49 - Running Multivariate LSTM Forecast (CPU Execution)...
17:02:50 - Loaded cached LSTM weights.
17:02:52 - Generating Grand Unified Dashboard (Macro + Physics + 3D)...
17:02:59 - Chromium init'ed with kwargs {}
17:02:59 - Found chromium path: /home/andrew/miniconda3/envs/tf_noavx/lib/python3.9/site-packages/choreographer/cli/browser_exe/chrome-linux64/chrome
17:02:59 - Temp directory created: /tmp/tmp2nq9vr70.
17:02:59 - Opening browser.
17:02:59 - Temp directory created: /tmp/tmp1awolgpn.
17:02:59 - Temporary directory at: /tmp/tmp1awolgpn
17:03:03 - Closing browser.
17:03:03 - Closing browser.
17:03:03 - TemporaryDirectory.cleanup() worked.
17:03:03 - shutil.rmtree worked.
17:03:03 - TemporaryDirectory.cleanup() worked.
17:03:03 - shutil.rmtree worked.
17:03:03 - TemporaryDirectory.cleanup() worked.
17:03:03 - shutil.rmtree worked.
17:03:03 - Chromium init'ed with kwargs {}
17:03:03 - Found chromium path: /home/andrew/miniconda3/envs/tf_noavx/lib/python3.9/site-packages/choreographer/cli/browser_exe/chrome-linux64/chrome
17:03:03 - Temp directory created: /tmp/tmpbrqcchvq.
17:03:03 - Opening browser.
17:03:03 - Temp directory created: /tmp/tmpb6qb_ki0.
17:03:03 - Temporary directory at: /tmp/tmpb6qb_ki0
17:03:08 - Closing browser.
17:03:08 - Closing browser.
17:03:08 - TemporaryDirectory.cleanup() worked.
17:03:08 - shutil.rmtree worked.
17:03:08 - TemporaryDirectory.cleanup() worked.
17:03:08 - shutil.rmtree worked.
17:03:08 - TemporaryDirectory.cleanup() worked.
17:03:08 - shutil.rmtree worked.
17:03:08 - Chromium init'ed with kwargs {}
17:03:08 - Found chromium path: /home/andrew/miniconda3/envs/tf_noavx/lib/python3.9/site-packages/choreographer/cli/browser_exe/chrome-linux64/chrome
17:03:08 - Temp directory created: /tmp/tmpr1zvwjow.
17:03:08 - Opening browser.
17:03:08 - Temp directory created: /tmp/tmpg7l1vu0y.
17:03:08 - Temporary directory at: /tmp/tmpg7l1vu0y
17:03:14 - Closing browser.
17:03:14 - Closing browser.
17:03:14 - TemporaryDirectory.cleanup() worked.
17:03:14 - shutil.rmtree worked.
17:03:14 - TemporaryDirectory.cleanup() worked.
17:03:14 - shutil.rmtree worked.
17:03:14 - TemporaryDirectory.cleanup() worked.
17:03:14 - shutil.rmtree worked.
17:03:14 - ✅ Saved high-res static PNGs for Substack export.
17:03:14 - Saved AQI_Unified.html and standalone AQI_3d_physics_model.html
17:03:14 - Generating Two-Tiered Substack Briefing (Free vs Paid)...
17:03:16 - ✅ Substack Draft generated: /home/andrew/.ssh/Trading/AQI_Genesis/Substack_Draft_20260611.md
17:03:16 - 💾 Pushing live data matrix to SaaS Database (Streamlit backend)...
17:03:16 - ✅ SaaS Database updated. The AQI Genesis Streamlit Terminal is now live.
17:03:49 - ✅ Briefing Sent Successfully.
17:03:49 - TemporaryDirectory.cleanup() worked.
17:03:49 - shutil.rmtree worked.
17:03:49 - TemporaryDirectory.cleanup() worked.
17:03:49 - shutil.rmtree worked.
17:03:49 - TemporaryDirectory.cleanup() worked.
17:03:49 - shutil.rmtree worked.
