17:00:11 - --- Starting Grand Unified Data Ingestion ---
17:00:11 - Fetching Physics Engine Inputs (Job Losers, Income, Hours)...
17:00:19 - Fetching US Core Macro...
17:00:41 - Fetching Global Policy Inputs...
17:01:05 - Fetching Market Internals...
17:01:27 - 💾 Saved fresh data to local cache.
17:01:27 - Initializing Continuous Cole Pulse Physics Engine...
17:01:27 - Running Multivariate LSTM Forecast (CPU Execution)...
17:01:28 - Loaded cached LSTM weights.
17:01:30 - Generating Grand Unified Dashboard (Macro + Physics + 3D)...
17:01:37 - Chromium init'ed with kwargs {}
17:01:37 - Found chromium path: /home/andrew/miniconda3/envs/tf_noavx/lib/python3.9/site-packages/choreographer/cli/browser_exe/chrome-linux64/chrome
17:01:37 - Temp directory created: /tmp/tmpod37o1zm.
17:01:37 - Opening browser.
17:01:37 - Temp directory created: /tmp/tmp4ie7t01i.
17:01:37 - Temporary directory at: /tmp/tmp4ie7t01i
17:01:41 - Closing browser.
17:01:41 - Closing browser.
17:01:41 - TemporaryDirectory.cleanup() worked.
17:01:41 - shutil.rmtree worked.
17:01:41 - TemporaryDirectory.cleanup() worked.
17:01:41 - shutil.rmtree worked.
17:01:41 - TemporaryDirectory.cleanup() worked.
17:01:41 - shutil.rmtree worked.
17:01:41 - Chromium init'ed with kwargs {}
17:01:41 - Found chromium path: /home/andrew/miniconda3/envs/tf_noavx/lib/python3.9/site-packages/choreographer/cli/browser_exe/chrome-linux64/chrome
17:01:41 - Temp directory created: /tmp/tmpjsei2t7z.
17:01:41 - Opening browser.
17:01:41 - Temp directory created: /tmp/tmplzduoo1d.
17:01:41 - Temporary directory at: /tmp/tmplzduoo1d
17:01:45 - Closing browser.
17:01:45 - Closing browser.
17:01:45 - TemporaryDirectory.cleanup() worked.
17:01:45 - shutil.rmtree worked.
17:01:45 - TemporaryDirectory.cleanup() worked.
17:01:45 - shutil.rmtree worked.
17:01:45 - TemporaryDirectory.cleanup() worked.
17:01:45 - shutil.rmtree worked.
17:01:45 - Chromium init'ed with kwargs {}
17:01:45 - Found chromium path: /home/andrew/miniconda3/envs/tf_noavx/lib/python3.9/site-packages/choreographer/cli/browser_exe/chrome-linux64/chrome
17:01:45 - Temp directory created: /tmp/tmp675yo6ky.
17:01:45 - Opening browser.
17:01:45 - Temp directory created: /tmp/tmprf55tteu.
17:01:45 - Temporary directory at: /tmp/tmprf55tteu
17:01:49 - Closing browser.
17:01:49 - Closing browser.
17:01:49 - TemporaryDirectory.cleanup() worked.
17:01:49 - shutil.rmtree worked.
17:01:49 - TemporaryDirectory.cleanup() worked.
17:01:49 - shutil.rmtree worked.
17:01:49 - TemporaryDirectory.cleanup() worked.
17:01:49 - shutil.rmtree worked.
17:01:49 - ✅ Saved high-res static PNGs for Substack export.
17:01:49 - Saved AQI_Unified.html and standalone AQI_3d_physics_model.html
17:01:49 - Generating Two-Tiered Substack Briefing (Free vs Paid)...
17:02:15 - ✅ Substack Draft generated: /home/andrew/.ssh/Trading/AQI_Genesis/Substack_Draft_20260620.md
17:02:15 - 💾 Pushing live data matrix to SaaS Database (Streamlit backend)...
17:02:15 - TemporaryDirectory.cleanup() worked.
17:02:15 - shutil.rmtree worked.
17:02:15 - TemporaryDirectory.cleanup() worked.
17:02:15 - shutil.rmtree worked.
17:02:15 - TemporaryDirectory.cleanup() worked.
17:02:15 - shutil.rmtree worked.
17:02:15 - ✅ SaaS Database updated. The AQI Genesis Streamlit Terminal is now live.
17:02:34 - ✅ Briefing Sent Successfully.
