17:00:08 - --- Starting Grand Unified Data Ingestion ---
17:00:08 - Fetching Physics Engine Inputs (Job Losers, Income, Hours)...
17:00:19 - Fetching US Core Macro...
17:00:20 - ❌ FRED API Failed (None). Attempting to load from local cache...
17:00:20 - ♻️ Loading data from local cache.
17:00:20 - Initializing Continuous Cole Pulse Physics Engine...
17:00:20 - Running Multivariate LSTM Forecast (CPU Execution)...
17:00:21 - Loaded cached LSTM weights.
17:00:22 - Generating Grand Unified Dashboard (Macro + Physics + 3D)...
17:00:30 - Chromium init'ed with kwargs {}
17:00:30 - Found chromium path: /home/andrew/miniconda3/envs/tf_noavx/lib/python3.9/site-packages/choreographer/cli/browser_exe/chrome-linux64/chrome
17:00:30 - Temp directory created: /tmp/tmpm1iz64n_.
17:00:30 - Opening browser.
17:00:30 - Temp directory created: /tmp/tmprx13jko4.
17:00:30 - Temporary directory at: /tmp/tmprx13jko4
17:00:34 - Closing browser.
17:00:34 - Closing browser.
17:00:34 - TemporaryDirectory.cleanup() worked.
17:00:34 - shutil.rmtree worked.
17:00:34 - TemporaryDirectory.cleanup() worked.
17:00:34 - shutil.rmtree worked.
17:00:34 - TemporaryDirectory.cleanup() worked.
17:00:34 - shutil.rmtree worked.
17:00:34 - Chromium init'ed with kwargs {}
17:00:34 - Found chromium path: /home/andrew/miniconda3/envs/tf_noavx/lib/python3.9/site-packages/choreographer/cli/browser_exe/chrome-linux64/chrome
17:00:34 - Temp directory created: /tmp/tmp3yvzk3wn.
17:00:34 - Opening browser.
17:00:34 - Temp directory created: /tmp/tmpc_v0qchm.
17:00:34 - Temporary directory at: /tmp/tmpc_v0qchm
17:00:38 - Closing browser.
17:00:38 - Closing browser.
17:00:38 - TemporaryDirectory.cleanup() worked.
17:00:38 - shutil.rmtree worked.
17:00:38 - TemporaryDirectory.cleanup() worked.
17:00:38 - shutil.rmtree worked.
17:00:38 - TemporaryDirectory.cleanup() worked.
17:00:38 - shutil.rmtree worked.
17:00:38 - Chromium init'ed with kwargs {}
17:00:38 - Found chromium path: /home/andrew/miniconda3/envs/tf_noavx/lib/python3.9/site-packages/choreographer/cli/browser_exe/chrome-linux64/chrome
17:00:38 - Temp directory created: /tmp/tmpw9dk_pdl.
17:00:38 - Opening browser.
17:00:38 - Temp directory created: /tmp/tmp4_51bip9.
17:00:38 - Temporary directory at: /tmp/tmp4_51bip9
17:00:42 - Closing browser.
17:00:42 - Closing browser.
17:00:42 - TemporaryDirectory.cleanup() worked.
17:00:42 - shutil.rmtree worked.
17:00:42 - TemporaryDirectory.cleanup() worked.
17:00:42 - shutil.rmtree worked.
17:00:42 - TemporaryDirectory.cleanup() worked.
17:00:42 - shutil.rmtree worked.
17:00:42 - ✅ Saved high-res static PNGs for Substack export.
17:00:42 - Saved AQI_Unified.html and standalone AQI_3d_physics_model.html
17:00:42 - Generating Two-Tiered Substack Briefing (Free vs Paid)...
17:01:08 - ✅ Substack Draft generated: /home/andrew/.ssh/Trading/AQI_Genesis/Substack_Draft_20260514.md
17:01:08 - 💾 Pushing live data matrix to SaaS Database (Streamlit backend)...
17:01:08 - ✅ SaaS Database updated. The AQI Genesis Streamlit Terminal is now live.
17:01:26 - ✅ Briefing Sent Successfully.
17:01:26 - TemporaryDirectory.cleanup() worked.
17:01:26 - shutil.rmtree worked.
17:01:26 - TemporaryDirectory.cleanup() worked.
17:01:26 - shutil.rmtree worked.
17:01:26 - TemporaryDirectory.cleanup() worked.
17:01:26 - shutil.rmtree worked.
