17:00:08 - --- Starting Grand Unified Data Ingestion ---
17:00:08 - Fetching Physics Engine Inputs (Job Losers, Income, Hours)...
17:00:15 - Fetching US Core Macro...
17:00:32 - Fetching Global Policy Inputs...
17:00:33 - ❌ FRED API Failed (Internal Server Error). Attempting to load from local cache...
17:00:33 - ♻️ Loading data from local cache.
17:00:33 - Initializing Continuous Cole Pulse Physics Engine...
17:00:33 - Running Multivariate LSTM Forecast (CPU Execution)...
17:00:34 - Loaded cached LSTM weights.
17:00:35 - Generating Grand Unified Dashboard (Macro + Physics + 3D)...
17:00:42 - Chromium init'ed with kwargs {}
17:00:42 - Found chromium path: /home/andrew/miniconda3/envs/tf_noavx/lib/python3.9/site-packages/choreographer/cli/browser_exe/chrome-linux64/chrome
17:00:42 - Temp directory created: /tmp/tmpao85yf1a.
17:00:42 - Opening browser.
17:00:42 - Temp directory created: /tmp/tmpgmd1i9l9.
17:00:42 - Temporary directory at: /tmp/tmpgmd1i9l9
17:00:46 - Closing browser.
17:00:46 - Closing browser.
17:00:46 - TemporaryDirectory.cleanup() worked.
17:00:46 - shutil.rmtree worked.
17:00:46 - TemporaryDirectory.cleanup() worked.
17:00:46 - shutil.rmtree worked.
17:00:46 - TemporaryDirectory.cleanup() worked.
17:00:46 - shutil.rmtree worked.
17:00:46 - Chromium init'ed with kwargs {}
17:00:46 - Found chromium path: /home/andrew/miniconda3/envs/tf_noavx/lib/python3.9/site-packages/choreographer/cli/browser_exe/chrome-linux64/chrome
17:00:46 - Temp directory created: /tmp/tmp4y2ogwpl.
17:00:46 - Opening browser.
17:00:46 - Temp directory created: /tmp/tmplu6_7q4r.
17:00:46 - Temporary directory at: /tmp/tmplu6_7q4r
17:00:50 - Closing browser.
17:00:50 - Closing browser.
17:00:50 - TemporaryDirectory.cleanup() worked.
17:00:50 - shutil.rmtree worked.
17:00:50 - TemporaryDirectory.cleanup() worked.
17:00:50 - shutil.rmtree worked.
17:00:50 - TemporaryDirectory.cleanup() worked.
17:00:50 - shutil.rmtree worked.
17:00:50 - Chromium init'ed with kwargs {}
17:00:50 - Found chromium path: /home/andrew/miniconda3/envs/tf_noavx/lib/python3.9/site-packages/choreographer/cli/browser_exe/chrome-linux64/chrome
17:00:50 - Temp directory created: /tmp/tmpl03w0_h0.
17:00:50 - Opening browser.
17:00:50 - Temp directory created: /tmp/tmppr_maxk2.
17:00:50 - Temporary directory at: /tmp/tmppr_maxk2
17:00:56 - Closing browser.
17:00:56 - Closing browser.
17:00:56 - TemporaryDirectory.cleanup() worked.
17:00:56 - shutil.rmtree worked.
17:00:56 - TemporaryDirectory.cleanup() worked.
17:00:56 - shutil.rmtree worked.
17:00:56 - TemporaryDirectory.cleanup() worked.
17:00:56 - shutil.rmtree worked.
17:00:56 - ✅ Saved high-res static PNGs for Substack export.
17:00:56 - Saved AQI_Unified.html and standalone AQI_3d_physics_model.html
17:00:56 - Generating Two-Tiered Substack Briefing (Free vs Paid)...
17:01:25 - ✅ Substack Draft generated: /home/andrew/.ssh/Trading/AQI_Genesis/Substack_Draft_20260418.md
17:01:25 - 💾 Pushing live data matrix to SaaS Database (Streamlit backend)...
17:01:25 - ✅ SaaS Database updated. The AQI Genesis Streamlit Terminal is now live.
17:01:45 - ✅ Briefing Sent Successfully.
17:01:45 - TemporaryDirectory.cleanup() worked.
17:01:45 - shutil.rmtree worked.
17:01:45 - TemporaryDirectory.cleanup() worked.
17:01:45 - shutil.rmtree worked.
17:01:45 - TemporaryDirectory.cleanup() worked.
17:01:45 - shutil.rmtree worked.
