17:00:10 - --- Starting Grand Unified Data Ingestion ---
17:00:10 - Fetching Physics Engine Inputs (Job Losers, Income, Hours)...
17:00:18 - Fetching US Core Macro...
17:00:22 - ❌ FRED API Failed (Internal Server Error). Attempting to load from local cache...
17:00:22 - ♻️ Loading data from local cache.
17:00:22 - Initializing Continuous Cole Pulse Physics Engine...
17:00:22 - Running Multivariate LSTM Forecast (CPU Execution)...
17:00:23 - Loaded cached LSTM weights.
17:00:25 - Generating Grand Unified Dashboard (Macro + Physics + 3D)...
17:00:32 - Chromium init'ed with kwargs {}
17:00:32 - Found chromium path: /home/andrew/miniconda3/envs/tf_noavx/lib/python3.9/site-packages/choreographer/cli/browser_exe/chrome-linux64/chrome
17:00:32 - Temp directory created: /tmp/tmpk_qjh3q8.
17:00:32 - Opening browser.
17:00:32 - Temp directory created: /tmp/tmpeby5scin.
17:00:32 - Temporary directory at: /tmp/tmpeby5scin
17:00:35 - Closing browser.
17:00:35 - Closing browser.
17:00:35 - TemporaryDirectory.cleanup() worked.
17:00:35 - shutil.rmtree worked.
17:00:36 - TemporaryDirectory.cleanup() worked.
17:00:36 - shutil.rmtree worked.
17:00:36 - TemporaryDirectory.cleanup() worked.
17:00:36 - shutil.rmtree worked.
17:00:36 - Chromium init'ed with kwargs {}
17:00:36 - Found chromium path: /home/andrew/miniconda3/envs/tf_noavx/lib/python3.9/site-packages/choreographer/cli/browser_exe/chrome-linux64/chrome
17:00:36 - Temp directory created: /tmp/tmpw82289oa.
17:00:36 - Opening browser.
17:00:36 - Temp directory created: /tmp/tmp6qxivf1z.
17:00:36 - Temporary directory at: /tmp/tmp6qxivf1z
17:00:40 - Closing browser.
17:00:40 - Closing browser.
17:00:40 - TemporaryDirectory.cleanup() worked.
17:00:40 - shutil.rmtree worked.
17:00:40 - TemporaryDirectory.cleanup() worked.
17:00:40 - shutil.rmtree worked.
17:00:40 - TemporaryDirectory.cleanup() worked.
17:00:40 - shutil.rmtree worked.
17:00:40 - Chromium init'ed with kwargs {}
17:00:40 - Found chromium path: /home/andrew/miniconda3/envs/tf_noavx/lib/python3.9/site-packages/choreographer/cli/browser_exe/chrome-linux64/chrome
17:00:40 - Temp directory created: /tmp/tmp5xw0sadt.
17:00:40 - Opening browser.
17:00:40 - Temp directory created: /tmp/tmpsgn6ghz7.
17:00:40 - Temporary directory at: /tmp/tmpsgn6ghz7
17:00:44 - Closing browser.
17:00:44 - Closing browser.
17:00:44 - TemporaryDirectory.cleanup() worked.
17:00:44 - shutil.rmtree worked.
17:00:44 - TemporaryDirectory.cleanup() worked.
17:00:44 - shutil.rmtree worked.
17:00:44 - TemporaryDirectory.cleanup() worked.
17:00:44 - shutil.rmtree worked.
17:00:44 - ✅ Saved high-res static PNGs for Substack export.
17:00:44 - Saved AQI_Unified.html and standalone AQI_3d_physics_model.html
17:00:44 - Generating Two-Tiered Substack Briefing (Free vs Paid)...
17:01:08 - ✅ Substack Draft generated: /home/andrew/.ssh/Trading/AQI_Genesis/Substack_Draft_20260424.md
17:01:08 - 💾 Pushing live data matrix to SaaS Database (Streamlit backend)...
17:01:08 - TemporaryDirectory.cleanup() worked.
17:01:08 - shutil.rmtree worked.
17:01:08 - TemporaryDirectory.cleanup() worked.
17:01:08 - shutil.rmtree worked.
17:01:08 - TemporaryDirectory.cleanup() worked.
17:01:08 - shutil.rmtree worked.
17:01:08 - ✅ SaaS Database updated. The AQI Genesis Streamlit Terminal is now live.
17:01:28 - ✅ Briefing Sent Successfully.
