17:00:08 - --- Starting Grand Unified Data Ingestion ---
17:00:08 - Fetching Physics Engine Inputs (Job Losers, Income, Hours)...
17:00:21 - Fetching US Core Macro...
17:00:47 - Fetching Global Policy Inputs...
17:01:11 - Fetching Market Internals...
17:01:32 - 💾 Saved fresh data to local cache.
17:01:32 - Initializing Continuous Cole Pulse Physics Engine...
17:01:32 - Running Multivariate LSTM Forecast (CPU Execution)...
17:01:33 - Loaded cached LSTM weights.
17:01:35 - Generating Grand Unified Dashboard (Macro + Physics + 3D)...
17:01:41 - Chromium init'ed with kwargs {}
17:01:41 - Found chromium path: /home/andrew/miniconda3/envs/tf_noavx/lib/python3.9/site-packages/choreographer/cli/browser_exe/chrome-linux64/chrome
17:01:41 - Temp directory created: /tmp/tmpvk2zv573.
17:01:41 - Opening browser.
17:01:41 - Temp directory created: /tmp/tmprfn6ngqw.
17:01:41 - Temporary directory at: /tmp/tmprfn6ngqw
17:01:45 - Closing browser.
17:01:45 - Closing browser.
17:01:45 - TemporaryDirectory.cleanup() worked.
17:01:45 - shutil.rmtree worked.
17:01:45 - TemporaryDirectory.cleanup() worked.
17:01:45 - shutil.rmtree worked.
17:01:45 - TemporaryDirectory.cleanup() worked.
17:01:45 - shutil.rmtree worked.
17:01:45 - Chromium init'ed with kwargs {}
17:01:45 - Found chromium path: /home/andrew/miniconda3/envs/tf_noavx/lib/python3.9/site-packages/choreographer/cli/browser_exe/chrome-linux64/chrome
17:01:45 - Temp directory created: /tmp/tmpwfy86zey.
17:01:45 - Opening browser.
17:01:45 - Temp directory created: /tmp/tmpjcoo6xm_.
17:01:45 - Temporary directory at: /tmp/tmpjcoo6xm_
17:01:49 - Closing browser.
17:01:49 - Closing browser.
17:01:49 - TemporaryDirectory.cleanup() worked.
17:01:49 - shutil.rmtree worked.
17:01:49 - TemporaryDirectory.cleanup() worked.
17:01:49 - shutil.rmtree worked.
17:01:49 - TemporaryDirectory.cleanup() worked.
17:01:49 - shutil.rmtree worked.
17:01:49 - Chromium init'ed with kwargs {}
17:01:49 - Found chromium path: /home/andrew/miniconda3/envs/tf_noavx/lib/python3.9/site-packages/choreographer/cli/browser_exe/chrome-linux64/chrome
17:01:49 - Temp directory created: /tmp/tmpevx2hn4e.
17:01:49 - Opening browser.
17:01:49 - Temp directory created: /tmp/tmp3qbwcabz.
17:01:49 - Temporary directory at: /tmp/tmp3qbwcabz
17:01:53 - Closing browser.
17:01:53 - Closing browser.
17:01:53 - TemporaryDirectory.cleanup() worked.
17:01:53 - shutil.rmtree worked.
17:01:53 - TemporaryDirectory.cleanup() worked.
17:01:53 - shutil.rmtree worked.
17:01:53 - TemporaryDirectory.cleanup() worked.
17:01:53 - shutil.rmtree worked.
17:01:53 - ✅ Saved high-res static PNGs for Substack export.
17:01:53 - Saved AQI_Unified.html and standalone AQI_3d_physics_model.html
17:01:53 - Generating Two-Tiered Substack Briefing (Free vs Paid)...
17:01:54 - ✅ Substack Draft generated: /home/andrew/.ssh/Trading/AQI_Genesis/Substack_Draft_20260613.md
17:01:54 - 💾 Pushing live data matrix to SaaS Database (Streamlit backend)...
17:01:54 - ✅ SaaS Database updated. The AQI Genesis Streamlit Terminal is now live.
17:02:14 - ✅ Briefing Sent Successfully.
17:02:14 - TemporaryDirectory.cleanup() worked.
17:02:14 - shutil.rmtree worked.
17:02:14 - TemporaryDirectory.cleanup() worked.
17:02:14 - shutil.rmtree worked.
17:02:14 - TemporaryDirectory.cleanup() worked.
17:02:14 - shutil.rmtree worked.
