17:00:08 - --- Starting Grand Unified Data Ingestion ---
17:00:08 - Fetching Physics Engine Inputs (Job Losers, Income, Hours)...
17:00:20 - ❌ FRED API Failed (Internal Server Error). Attempting to load from local cache...
17:00:20 - ♻️ Loading data from local cache.
17:00:20 - Initializing Continuous Cole Pulse Physics Engine...
17:00:20 - Running Multivariate LSTM Forecast (CPU Execution)...
17:00:21 - Loaded cached LSTM weights.
17:00:22 - Generating Grand Unified Dashboard (Macro + Physics + 3D)...
17:00:29 - Chromium init'ed with kwargs {}
17:00:29 - Found chromium path: /home/andrew/miniconda3/envs/tf_noavx/lib/python3.9/site-packages/choreographer/cli/browser_exe/chrome-linux64/chrome
17:00:29 - Temp directory created: /tmp/tmpt792oz75.
17:00:29 - Opening browser.
17:00:29 - Temp directory created: /tmp/tmpgwnhmvku.
17:00:29 - Temporary directory at: /tmp/tmpgwnhmvku
17:00:33 - Closing browser.
17:00:33 - Closing browser.
17:00:33 - TemporaryDirectory.cleanup() worked.
17:00:33 - shutil.rmtree worked.
17:00:33 - TemporaryDirectory.cleanup() worked.
17:00:33 - shutil.rmtree worked.
17:00:33 - TemporaryDirectory.cleanup() worked.
17:00:33 - shutil.rmtree worked.
17:00:33 - Chromium init'ed with kwargs {}
17:00:33 - Found chromium path: /home/andrew/miniconda3/envs/tf_noavx/lib/python3.9/site-packages/choreographer/cli/browser_exe/chrome-linux64/chrome
17:00:33 - Temp directory created: /tmp/tmp0j25art1.
17:00:33 - Opening browser.
17:00:33 - Temp directory created: /tmp/tmpuwe4wy3b.
17:00:33 - Temporary directory at: /tmp/tmpuwe4wy3b
17:00:37 - Closing browser.
17:00:37 - Closing browser.
17:00:37 - TemporaryDirectory.cleanup() worked.
17:00:37 - shutil.rmtree worked.
17:00:37 - TemporaryDirectory.cleanup() worked.
17:00:37 - shutil.rmtree worked.
17:00:37 - TemporaryDirectory.cleanup() worked.
17:00:37 - shutil.rmtree worked.
17:00:37 - Chromium init'ed with kwargs {}
17:00:37 - Found chromium path: /home/andrew/miniconda3/envs/tf_noavx/lib/python3.9/site-packages/choreographer/cli/browser_exe/chrome-linux64/chrome
17:00:37 - Temp directory created: /tmp/tmpla76d69s.
17:00:37 - Opening browser.
17:00:37 - Temp directory created: /tmp/tmpdeujf6p1.
17:00:37 - Temporary directory at: /tmp/tmpdeujf6p1
17:00:41 - Closing browser.
17:00:41 - Closing browser.
17:00:41 - TemporaryDirectory.cleanup() worked.
17:00:41 - shutil.rmtree worked.
17:00:41 - TemporaryDirectory.cleanup() worked.
17:00:41 - shutil.rmtree worked.
17:00:41 - TemporaryDirectory.cleanup() worked.
17:00:41 - shutil.rmtree worked.
17:00:41 - ✅ Saved high-res static PNGs for Substack export.
17:00:42 - Saved AQI_Unified.html and standalone AQI_3d_physics_model.html
17:00:42 - Generating Two-Tiered Substack Briefing (Free vs Paid)...
17:01:08 - ✅ Substack Draft generated: /home/andrew/.ssh/Trading/AQI_Genesis/Substack_Draft_20260513.md
17:01:08 - 💾 Pushing live data matrix to SaaS Database (Streamlit backend)...
17:01:08 - ✅ SaaS Database updated. The AQI Genesis Streamlit Terminal is now live.
17:01:28 - ✅ Briefing Sent Successfully.
17:01:29 - TemporaryDirectory.cleanup() worked.
17:01:29 - shutil.rmtree worked.
17:01:29 - TemporaryDirectory.cleanup() worked.
17:01:29 - shutil.rmtree worked.
17:01:29 - TemporaryDirectory.cleanup() worked.
17:01:29 - shutil.rmtree worked.
