17:00:10 - --- Starting Grand Unified Data Ingestion ---
17:00:10 - Fetching Physics Engine Inputs (Job Losers, Income, Hours)...
17:00:14 - ❌ FRED API Failed (Internal Server Error). Attempting to load from local cache...
17:00:14 - ♻️ Loading data from local cache.
17:00:14 - Initializing Continuous Cole Pulse Physics Engine...
17:00:14 - Running Multivariate LSTM Forecast (CPU Execution)...
17:00:15 - Training LSTM from scratch (This may take a moment)...
17:00:28 - Saved new LSTM weights to cache.
17:00:30 - Generating Grand Unified Dashboard (Macro + Physics + 3D)...
17:00:36 - Chromium init'ed with kwargs {}
17:00:36 - Found chromium path: /home/andrew/miniconda3/envs/tf_noavx/lib/python3.9/site-packages/choreographer/cli/browser_exe/chrome-linux64/chrome
17:00:36 - Temp directory created: /tmp/tmplgejt_lf.
17:00:36 - Opening browser.
17:00:36 - Temp directory created: /tmp/tmp0tqjtr1p.
17:00:36 - Temporary directory at: /tmp/tmp0tqjtr1p
17:00:40 - Closing browser.
17:00:40 - Closing browser.
17:00:40 - TemporaryDirectory.cleanup() worked.
17:00:40 - shutil.rmtree worked.
17:00:40 - TemporaryDirectory.cleanup() worked.
17:00:40 - shutil.rmtree worked.
17:00:40 - TemporaryDirectory.cleanup() worked.
17:00:40 - shutil.rmtree worked.
17:00:40 - Chromium init'ed with kwargs {}
17:00:40 - Found chromium path: /home/andrew/miniconda3/envs/tf_noavx/lib/python3.9/site-packages/choreographer/cli/browser_exe/chrome-linux64/chrome
17:00:40 - Temp directory created: /tmp/tmpj833k8pu.
17:00:40 - Opening browser.
17:00:40 - Temp directory created: /tmp/tmpmmz3pqck.
17:00:40 - Temporary directory at: /tmp/tmpmmz3pqck
17:00:44 - Closing browser.
17:00:44 - Closing browser.
17:00:44 - TemporaryDirectory.cleanup() worked.
17:00:44 - shutil.rmtree worked.
17:00:44 - TemporaryDirectory.cleanup() worked.
17:00:44 - shutil.rmtree worked.
17:00:44 - TemporaryDirectory.cleanup() worked.
17:00:44 - shutil.rmtree worked.
17:00:44 - Chromium init'ed with kwargs {}
17:00:44 - Found chromium path: /home/andrew/miniconda3/envs/tf_noavx/lib/python3.9/site-packages/choreographer/cli/browser_exe/chrome-linux64/chrome
17:00:44 - Temp directory created: /tmp/tmpobuc3yqj.
17:00:44 - Opening browser.
17:00:44 - Temp directory created: /tmp/tmpypgzm9x8.
17:00:44 - Temporary directory at: /tmp/tmpypgzm9x8
17:00:48 - Closing browser.
17:00:48 - Closing browser.
17:00:48 - TemporaryDirectory.cleanup() worked.
17:00:48 - shutil.rmtree worked.
17:00:48 - TemporaryDirectory.cleanup() worked.
17:00:48 - shutil.rmtree worked.
17:00:48 - TemporaryDirectory.cleanup() worked.
17:00:48 - shutil.rmtree worked.
17:00:48 - ✅ Saved high-res static PNGs for Substack export.
17:00:48 - Saved AQI_Unified.html and standalone AQI_3d_physics_model.html
17:00:48 - Generating Two-Tiered Substack Briefing (Free vs Paid)...
17:00:48 - TemporaryDirectory.cleanup() worked.
17:00:48 - shutil.rmtree worked.
17:00:48 - TemporaryDirectory.cleanup() worked.
17:00:48 - shutil.rmtree worked.
17:00:48 - TemporaryDirectory.cleanup() worked.
17:00:48 - shutil.rmtree worked.
17:01:22 - ✅ Substack Draft generated: /home/andrew/.ssh/Trading/AQI_Genesis/Substack_Draft_20260508.md
17:01:22 - 💾 Pushing live data matrix to SaaS Database (Streamlit backend)...
17:01:22 - ✅ SaaS Database updated. The AQI Genesis Streamlit Terminal is now live.
17:01:41 - ✅ Briefing Sent Successfully.
