2026-03-31 11:16:53.496 WARNING streamlit.runtime.scriptrunner_utils.script_run_context: Thread 'MainThread': missing ScriptRunContext! This warning can be ignored when running in bare mode.
2026-03-31 11:16:53.497 WARNING streamlit.runtime.scriptrunner_utils.script_run_context: Thread 'MainThread': missing ScriptRunContext! This warning can be ignored when running in bare mode.
2026-03-31 11:16:53.726 
  [33m[1mWarning:[0m to view this Streamlit app on a browser, run it with the following
  command:

    streamlit run /home/andrew/.ssh/Trading/AQI_Genesis/0_AQI_Genesis_Dashboard.py [ARGUMENTS]
2026-03-31 11:16:53.726 Thread 'MainThread': missing ScriptRunContext! This warning can be ignored when running in bare mode.
2026-03-31 11:16:53.727 Thread 'MainThread': missing ScriptRunContext! This warning can be ignored when running in bare mode.
2026-03-31 11:16:53.727 Thread 'MainThread': missing ScriptRunContext! This warning can be ignored when running in bare mode.
2026-03-31 11:16:53.727 Session state does not function when running a script without `streamlit run`
2026-03-31 11:16:53.727 Thread 'MainThread': missing ScriptRunContext! This warning can be ignored when running in bare mode.
2026-03-31 11:16:53.727 Thread 'MainThread': missing ScriptRunContext! This warning can be ignored when running in bare mode.
2026-03-31 11:16:53.727 Thread 'MainThread': missing ScriptRunContext! This warning can be ignored when running in bare mode.
2026-03-31 11:16:53.727 Thread 'MainThread': missing ScriptRunContext! This warning can be ignored when running in bare mode.
2026-03-31 11:16:53.727 Thread 'MainThread': missing ScriptRunContext! This warning can be ignored when running in bare mode.
2026-03-31 11:16:53.727 Thread 'MainThread': missing ScriptRunContext! This warning can be ignored when running in bare mode.
2026-03-31 11:16:53.727 Thread 'MainThread': missing ScriptRunContext! This warning can be ignored when running in bare mode.
2026-03-31 11:16:53.728 Thread 'MainThread': missing ScriptRunContext! This warning can be ignored when running in bare mode.
2026-03-31 11:16:53.728 Thread 'MainThread': missing ScriptRunContext! This warning can be ignored when running in bare mode.
2026-03-31 11:16:53.728 Thread 'MainThread': missing ScriptRunContext! This warning can be ignored when running in bare mode.
2026-03-31 11:16:53.728 Thread 'MainThread': missing ScriptRunContext! This warning can be ignored when running in bare mode.
2026-03-31 11:16:53.728 Thread 'MainThread': missing ScriptRunContext! This warning can be ignored when running in bare mode.
2026-03-31 11:16:53.728 Thread 'MainThread': missing ScriptRunContext! This warning can be ignored when running in bare mode.
2026-03-31 11:16:53.728 Thread 'MainThread': missing ScriptRunContext! This warning can be ignored when running in bare mode.
2026-03-31 11:16:53.728 Thread 'MainThread': missing ScriptRunContext! This warning can be ignored when running in bare mode.
2026-03-31 11:16:53.728 Thread 'MainThread': missing ScriptRunContext! This warning can be ignored when running in bare mode.
2026-03-31 11:16:53.728 Thread 'MainThread': missing ScriptRunContext! This warning can be ignored when running in bare mode.
2026-03-31 11:16:53.729 Thread 'MainThread': missing ScriptRunContext! This warning can be ignored when running in bare mode.
2026-03-31 11:16:53.729 Thread 'MainThread': missing ScriptRunContext! This warning can be ignored when running in bare mode.
2026-03-31 11:16:53.729 Thread 'MainThread': missing ScriptRunContext! This warning can be ignored when running in bare mode.
2026-03-31 11:16:53.729 Thread 'MainThread': missing ScriptRunContext! This warning can be ignored when running in bare mode.
2026-03-31 11:16:53.729 Thread 'MainThread': missing ScriptRunContext! This warning can be ignored when running in bare mode.
2026-03-31 11:16:53.729 Thread 'MainThread': missing ScriptRunContext! This warning can be ignored when running in bare mode.
2026-03-31 11:16:53.729 Thread 'MainThread': missing ScriptRunContext! This warning can be ignored when running in bare mode.
2026-03-31 11:16:53.729 Thread 'MainThread': missing ScriptRunContext! This warning can be ignored when running in bare mode.
2026-03-31 11:16:53.729 Thread 'MainThread': missing ScriptRunContext! This warning can be ignored when running in bare mode.
2026-03-31 11:16:53.730 Thread 'MainThread': missing ScriptRunContext! This warning can be ignored when running in bare mode.
2026-03-31 11:16:53.730 No runtime found, using MemoryCacheStorageManager
2026-03-31 11:16:53.739 No runtime found, using MemoryCacheStorageManager
2026-03-31 11:16:53.739 Thread 'MainThread': missing ScriptRunContext! This warning can be ignored when running in bare mode.
2026-03-31 11:16:53.740 Thread 'MainThread': missing ScriptRunContext! This warning can be ignored when running in bare mode.
2026-03-31 11:16:53.740 Thread 'MainThread': missing ScriptRunContext! This warning can be ignored when running in bare mode.
2026-03-31 11:16:53.740 Thread 'MainThread': missing ScriptRunContext! This warning can be ignored when running in bare mode.
2026-03-31 11:16:53.843 Thread 'MainThread': missing ScriptRunContext! This warning can be ignored when running in bare mode.
2026-03-31 11:16:53.843 Thread 'MainThread': missing ScriptRunContext! This warning can be ignored when running in bare mode.
2026-03-31 11:16:53.843 Thread 'MainThread': missing ScriptRunContext! This warning can be ignored when running in bare mode.
2026-03-31 11:16:53.845 Thread 'MainThread': missing ScriptRunContext! This warning can be ignored when running in bare mode.
2026-03-31 11:16:53.845 Thread 'MainThread': missing ScriptRunContext! This warning can be ignored when running in bare mode.
2026-03-31 11:16:53.845 Thread 'MainThread': missing ScriptRunContext! This warning can be ignored when running in bare mode.
2026-03-31 11:16:53.846 Thread 'MainThread': missing ScriptRunContext! This warning can be ignored when running in bare mode.
2026-03-31 11:16:53.846 Thread 'MainThread': missing ScriptRunContext! This warning can be ignored when running in bare mode.
2026-03-31 11:16:53.846 Thread 'MainThread': missing ScriptRunContext! This warning can be ignored when running in bare mode.
2026-03-31 11:16:53.846 Thread 'MainThread': missing ScriptRunContext! This warning can be ignored when running in bare mode.
2026-03-31 11:16:53.846 Thread 'MainThread': missing ScriptRunContext! This warning can be ignored when running in bare mode.
2026-03-31 11:16:53.846 Thread 'MainThread': missing ScriptRunContext! This warning can be ignored when running in bare mode.
2026-03-31 11:16:53.846 Thread 'MainThread': missing ScriptRunContext! This warning can be ignored when running in bare mode.
2026-03-31 11:16:53.847 Thread 'MainThread': missing ScriptRunContext! This warning can be ignored when running in bare mode.
2026-03-31 11:16:53.847 Thread 'MainThread': missing ScriptRunContext! This warning can be ignored when running in bare mode.
2026-03-31 11:16:53.847 Thread 'MainThread': missing ScriptRunContext! This warning can be ignored when running in bare mode.
2026-03-31 11:16:53.847 Thread 'MainThread': missing ScriptRunContext! This warning can be ignored when running in bare mode.
2026-03-31 11:16:53.847 Thread 'MainThread': missing ScriptRunContext! This warning can be ignored when running in bare mode.
2026-03-31 11:16:53.847 Thread 'MainThread': missing ScriptRunContext! This warning can be ignored when running in bare mode.
2026-03-31 11:16:53.847 Thread 'MainThread': missing ScriptRunContext! This warning can be ignored when running in bare mode.
2026-03-31 11:16:53.847 Thread 'MainThread': missing ScriptRunContext! This warning can be ignored when running in bare mode.
2026-03-31 11:16:53.847 Thread 'MainThread': missing ScriptRunContext! This warning can be ignored when running in bare mode.
2026-03-31 11:16:53.848 Thread 'MainThread': missing ScriptRunContext! This warning can be ignored when running in bare mode.
2026-03-31 11:16:53.848 Thread 'MainThread': missing ScriptRunContext! This warning can be ignored when running in bare mode.
2026-03-31 11:16:53.848 Thread 'MainThread': missing ScriptRunContext! This warning can be ignored when running in bare mode.
2026-03-31 11:16:53.848 Thread 'MainThread': missing ScriptRunContext! This warning can be ignored when running in bare mode.
2026-03-31 11:16:53.848 Thread 'MainThread': missing ScriptRunContext! This warning can be ignored when running in bare mode.
2026-03-31 11:16:53.848 Thread 'MainThread': missing ScriptRunContext! This warning can be ignored when running in bare mode.
2026-03-31 11:16:53.848 Thread 'MainThread': missing ScriptRunContext! This warning can be ignored when running in bare mode.
2026-03-31 11:16:53.848 Thread 'MainThread': missing ScriptRunContext! This warning can be ignored when running in bare mode.
2026-03-31 11:16:56.081 Thread 'MainThread': missing ScriptRunContext! This warning can be ignored when running in bare mode.
2026-03-31 11:16:56.082 Thread 'MainThread': missing ScriptRunContext! This warning can be ignored when running in bare mode.
2026-03-31 11:16:56.082 Thread 'MainThread': missing ScriptRunContext! This warning can be ignored when running in bare mode.
2026-03-31 11:16:56.082 Thread 'MainThread': missing ScriptRunContext! This warning can be ignored when running in bare mode.
2026-03-31 11:16:56.082 Thread 'MainThread': missing ScriptRunContext! This warning can be ignored when running in bare mode.
2026-03-31 11:16:59.815 Thread 'MainThread': missing ScriptRunContext! This warning can be ignored when running in bare mode.
2026-03-31 11:16:59.815 Thread 'MainThread': missing ScriptRunContext! This warning can be ignored when running in bare mode.
2026-03-31 11:16:59.816 Thread 'MainThread': missing ScriptRunContext! This warning can be ignored when running in bare mode.
2026-03-31 11:16:59.816 Thread 'MainThread': missing ScriptRunContext! This warning can be ignored when running in bare mode.
2026-03-31 11:16:59.816 Thread 'MainThread': missing ScriptRunContext! This warning can be ignored when running in bare mode.
2026-03-31 11:16:59.816 Thread 'MainThread': missing ScriptRunContext! This warning can be ignored when running in bare mode.
2026-03-31 11:16:59.816 Thread 'MainThread': missing ScriptRunContext! This warning can be ignored when running in bare mode.
2026-03-31 11:16:59.817 Thread 'MainThread': missing ScriptRunContext! This warning can be ignored when running in bare mode.
2026-03-31 11:16:59.960 Thread 'MainThread': missing ScriptRunContext! This warning can be ignored when running in bare mode.
2026-03-31 11:16:59.961 Thread 'MainThread': missing ScriptRunContext! This warning can be ignored when running in bare mode.
2026-03-31 11:16:59.961 Thread 'MainThread': missing ScriptRunContext! This warning can be ignored when running in bare mode.
2026-03-31 11:16:59.961 Thread 'MainThread': missing ScriptRunContext! This warning can be ignored when running in bare mode.
2026-03-31 11:16:59.961 Thread 'MainThread': missing ScriptRunContext! This warning can be ignored when running in bare mode.
