17:00:09 - --- Starting Grand Unified Data Ingestion ---
17:00:09 - Fetching Physics Engine Inputs (Job Losers, Income, Hours)...
17:00:23 - Fetching US Core Macro...
17:00:28 - ❌ FRED API Failed (None). Attempting to load from local cache...
17:00:28 - ♻️ Loading data from local cache.
17:00:28 - Initializing Continuous Cole Pulse Physics Engine...
17:00:28 - Running Multivariate LSTM Forecast (CPU Execution)...
17:00:29 - Loaded cached LSTM weights.
17:00:34 - Generating Grand Unified Dashboard (Macro + Physics + 3D)...
17:00:42 - Chromium init'ed with kwargs {}
17:00:42 - Found chromium path: /home/andrew/miniconda3/envs/tf_noavx/lib/python3.9/site-packages/choreographer/cli/browser_exe/chrome-linux64/chrome
17:00:42 - Temp directory created: /tmp/tmpldjy69dt.
17:00:42 - Opening browser.
17:00:42 - Temp directory created: /tmp/tmpo3z082gl.
17:00:42 - Temporary directory at: /tmp/tmpo3z082gl
17:00:46 - Closing browser.
17:00:46 - Closing browser.
17:00:46 - TemporaryDirectory.cleanup() worked.
17:00:46 - shutil.rmtree worked.
17:00:46 - TemporaryDirectory.cleanup() worked.
17:00:46 - shutil.rmtree worked.
17:00:46 - TemporaryDirectory.cleanup() worked.
17:00:46 - shutil.rmtree worked.
17:00:46 - Chromium init'ed with kwargs {}
17:00:46 - Found chromium path: /home/andrew/miniconda3/envs/tf_noavx/lib/python3.9/site-packages/choreographer/cli/browser_exe/chrome-linux64/chrome
17:00:46 - Temp directory created: /tmp/tmpkg2aj4ar.
17:00:46 - Opening browser.
17:00:46 - Temp directory created: /tmp/tmpwy4eil0e.
17:00:46 - Temporary directory at: /tmp/tmpwy4eil0e
17:00:50 - Closing browser.
17:00:50 - Closing browser.
17:00:50 - TemporaryDirectory.cleanup() worked.
17:00:50 - shutil.rmtree worked.
17:00:50 - TemporaryDirectory.cleanup() worked.
17:00:50 - shutil.rmtree worked.
17:00:50 - TemporaryDirectory.cleanup() worked.
17:00:50 - shutil.rmtree worked.
17:00:50 - Chromium init'ed with kwargs {}
17:00:50 - Found chromium path: /home/andrew/miniconda3/envs/tf_noavx/lib/python3.9/site-packages/choreographer/cli/browser_exe/chrome-linux64/chrome
17:00:50 - Temp directory created: /tmp/tmp5zpkrwbp.
17:00:50 - Opening browser.
17:00:50 - Temp directory created: /tmp/tmpby_ztfbb.
17:00:50 - Temporary directory at: /tmp/tmpby_ztfbb
17:00:54 - Closing browser.
17:00:54 - Closing browser.
17:00:54 - TemporaryDirectory.cleanup() worked.
17:00:54 - shutil.rmtree worked.
17:00:54 - TemporaryDirectory.cleanup() worked.
17:00:54 - shutil.rmtree worked.
17:00:54 - TemporaryDirectory.cleanup() worked.
17:00:54 - shutil.rmtree worked.
17:00:54 - ✅ Saved high-res static PNGs for Substack export.
17:00:55 - Saved AQI_Unified.html and standalone AQI_3d_physics_model.html
17:00:55 - Generating Two-Tiered Substack Briefing (Free vs Paid)...
17:01:21 - ✅ Substack Draft generated: /home/andrew/.ssh/Trading/AQI_Genesis/Substack_Draft_20260531.md
17:01:21 - 💾 Pushing live data matrix to SaaS Database (Streamlit backend)...
17:01:21 - TemporaryDirectory.cleanup() worked.
17:01:21 - shutil.rmtree worked.
17:01:21 - TemporaryDirectory.cleanup() worked.
17:01:21 - shutil.rmtree worked.
17:01:21 - TemporaryDirectory.cleanup() worked.
17:01:21 - shutil.rmtree worked.
17:01:21 - ✅ SaaS Database updated. The AQI Genesis Streamlit Terminal is now live.
17:01:41 - ✅ Briefing Sent Successfully.
