17:00:08 - --- Starting Grand Unified Data Ingestion ---
17:00:08 - Fetching Physics Engine Inputs (Job Losers, Income, Hours)...
17:00:16 - Fetching US Core Macro...
17:00:31 - Fetching Global Policy Inputs...
17:00:39 - ❌ FRED API Failed (Internal Server Error). Attempting to load from local cache...
17:00:39 - ♻️ Loading data from local cache.
17:00:39 - Initializing Continuous Cole Pulse Physics Engine...
17:00:39 - Running Multivariate LSTM Forecast (CPU Execution)...
17:00:40 - Loaded cached LSTM weights.
17:00:42 - Generating Grand Unified Dashboard (Macro + Physics + 3D)...
17:00:49 - Chromium init'ed with kwargs {}
17:00:49 - Found chromium path: /home/andrew/miniconda3/envs/tf_noavx/lib/python3.9/site-packages/choreographer/cli/browser_exe/chrome-linux64/chrome
17:00:49 - Temp directory created: /tmp/tmp0ba782se.
17:00:49 - Opening browser.
17:00:49 - Temp directory created: /tmp/tmpi5649eku.
17:00:49 - Temporary directory at: /tmp/tmpi5649eku
17:00:53 - Closing browser.
17:00:53 - Closing browser.
17:00:53 - TemporaryDirectory.cleanup() worked.
17:00:53 - shutil.rmtree worked.
17:00:54 - TemporaryDirectory.cleanup() worked.
17:00:54 - shutil.rmtree worked.
17:00:54 - TemporaryDirectory.cleanup() worked.
17:00:54 - shutil.rmtree worked.
17:00:54 - Chromium init'ed with kwargs {}
17:00:54 - Found chromium path: /home/andrew/miniconda3/envs/tf_noavx/lib/python3.9/site-packages/choreographer/cli/browser_exe/chrome-linux64/chrome
17:00:54 - Temp directory created: /tmp/tmp4uhg2xrh.
17:00:54 - Opening browser.
17:00:54 - Temp directory created: /tmp/tmpn70on2a6.
17:00:54 - Temporary directory at: /tmp/tmpn70on2a6
17:00:58 - Closing browser.
17:00:58 - Closing browser.
17:00:58 - TemporaryDirectory.cleanup() worked.
17:00:58 - shutil.rmtree worked.
17:00:58 - TemporaryDirectory.cleanup() worked.
17:00:58 - shutil.rmtree worked.
17:00:58 - TemporaryDirectory.cleanup() worked.
17:00:58 - shutil.rmtree worked.
17:00:58 - Chromium init'ed with kwargs {}
17:00:58 - Found chromium path: /home/andrew/miniconda3/envs/tf_noavx/lib/python3.9/site-packages/choreographer/cli/browser_exe/chrome-linux64/chrome
17:00:58 - Temp directory created: /tmp/tmp4xiwcs6a.
17:00:58 - Opening browser.
17:00:58 - Temp directory created: /tmp/tmpbrwtr2ae.
17:00:58 - Temporary directory at: /tmp/tmpbrwtr2ae
17:01:02 - Closing browser.
17:01:02 - Closing browser.
17:01:02 - TemporaryDirectory.cleanup() worked.
17:01:02 - shutil.rmtree worked.
17:01:03 - TemporaryDirectory.cleanup() worked.
17:01:03 - shutil.rmtree worked.
17:01:03 - TemporaryDirectory.cleanup() worked.
17:01:03 - shutil.rmtree worked.
17:01:03 - ✅ Saved high-res static PNGs for Substack export.
17:01:03 - Saved AQI_Unified.html and standalone AQI_3d_physics_model.html
17:01:03 - Generating Two-Tiered Substack Briefing (Free vs Paid)...
17:01:03 - TemporaryDirectory.cleanup() worked.
17:01:03 - shutil.rmtree worked.
17:01:03 - TemporaryDirectory.cleanup() worked.
17:01:03 - shutil.rmtree worked.
17:01:03 - TemporaryDirectory.cleanup() worked.
17:01:03 - shutil.rmtree worked.
17:01:35 - ✅ Substack Draft generated: /home/andrew/.ssh/Trading/AQI_Genesis/Substack_Draft_20260419.md
17:01:35 - 💾 Pushing live data matrix to SaaS Database (Streamlit backend)...
17:01:35 - ✅ SaaS Database updated. The AQI Genesis Streamlit Terminal is now live.
17:01:57 - ✅ Briefing Sent Successfully.
