17:00:13 - --- Starting Grand Unified Data Ingestion ---
17:00:13 - Fetching Physics Engine Inputs (Job Losers, Income, Hours)...
17:00:29 - Fetching US Core Macro...
17:01:04 - Fetching Global Policy Inputs...
17:01:38 - Fetching Market Internals...
17:02:01 - 💾 Saved fresh data to local cache.
17:02:01 - Initializing Continuous Cole Pulse Physics Engine...
17:02:01 - Running Multivariate LSTM Forecast (CPU Execution)...
17:02:03 - Loaded cached LSTM weights.
17:02:07 - Generating Grand Unified Dashboard (Macro + Physics + 3D)...
17:02:17 - Chromium init'ed with kwargs {}
17:02:17 - Found chromium path: /home/andrew/miniconda3/envs/tf_noavx/lib/python3.9/site-packages/choreographer/cli/browser_exe/chrome-linux64/chrome
17:02:17 - Temp directory created: /tmp/tmpk0nouf5c.
17:02:17 - Opening browser.
17:02:17 - Temp directory created: /tmp/tmprri6lg2z.
17:02:17 - Temporary directory at: /tmp/tmprri6lg2z
17:02:24 - Closing browser.
17:02:24 - Closing browser.
17:02:24 - TemporaryDirectory.cleanup() worked.
17:02:24 - shutil.rmtree worked.
17:02:24 - TemporaryDirectory.cleanup() worked.
17:02:24 - shutil.rmtree worked.
17:02:24 - TemporaryDirectory.cleanup() worked.
17:02:24 - shutil.rmtree worked.
17:02:24 - Chromium init'ed with kwargs {}
17:02:24 - Found chromium path: /home/andrew/miniconda3/envs/tf_noavx/lib/python3.9/site-packages/choreographer/cli/browser_exe/chrome-linux64/chrome
17:02:24 - Temp directory created: /tmp/tmpbwsxywwt.
17:02:24 - Opening browser.
17:02:24 - Temp directory created: /tmp/tmpmdclm1ki.
17:02:24 - Temporary directory at: /tmp/tmpmdclm1ki
17:02:30 - Closing browser.
17:02:30 - Closing browser.
17:02:30 - TemporaryDirectory.cleanup() worked.
17:02:30 - shutil.rmtree worked.
17:02:30 - TemporaryDirectory.cleanup() worked.
17:02:30 - shutil.rmtree worked.
17:02:30 - TemporaryDirectory.cleanup() worked.
17:02:30 - shutil.rmtree worked.
17:02:30 - Chromium init'ed with kwargs {}
17:02:30 - Found chromium path: /home/andrew/miniconda3/envs/tf_noavx/lib/python3.9/site-packages/choreographer/cli/browser_exe/chrome-linux64/chrome
17:02:30 - Temp directory created: /tmp/tmpn9qm35h8.
17:02:30 - Opening browser.
17:02:30 - Temp directory created: /tmp/tmpumsm1r1w.
17:02:30 - Temporary directory at: /tmp/tmpumsm1r1w
17:02:36 - Closing browser.
17:02:36 - Closing browser.
17:02:36 - TemporaryDirectory.cleanup() worked.
17:02:36 - shutil.rmtree worked.
17:02:36 - TemporaryDirectory.cleanup() worked.
17:02:36 - shutil.rmtree worked.
17:02:36 - TemporaryDirectory.cleanup() worked.
17:02:36 - shutil.rmtree worked.
17:02:36 - ✅ Saved high-res static PNGs for Substack export.
17:02:37 - Saved AQI_Unified.html and standalone AQI_3d_physics_model.html
17:02:37 - Generating Two-Tiered Substack Briefing (Free vs Paid)...
17:02:58 - ✅ Substack Draft generated: /home/andrew/.ssh/Trading/AQI_Genesis/Substack_Draft_20260616.md
17:02:58 - 💾 Pushing live data matrix to SaaS Database (Streamlit backend)...
17:02:58 - ✅ SaaS Database updated. The AQI Genesis Streamlit Terminal is now live.
17:03:18 - ✅ Briefing Sent Successfully.
17:03:19 - TemporaryDirectory.cleanup() worked.
17:03:19 - shutil.rmtree worked.
17:03:19 - TemporaryDirectory.cleanup() worked.
17:03:19 - shutil.rmtree worked.
17:03:19 - TemporaryDirectory.cleanup() worked.
17:03:19 - shutil.rmtree worked.
