17:00:09 - --- Starting Grand Unified Data Ingestion ---
17:00:09 - Fetching Physics Engine Inputs (Job Losers, Income, Hours)...
17:00:18 - Fetching US Core Macro...
17:00:33 - ❌ FRED API Failed (Internal Server Error). Attempting to load from local cache...
17:00:33 - ♻️ Loading data from local cache.
17:00:33 - Initializing Continuous Cole Pulse Physics Engine...
17:00:33 - Running Multivariate LSTM Forecast (CPU Execution)...
17:00:33 - Training LSTM from scratch (This may take a moment)...
17:00:46 - Saved new LSTM weights to cache.
17:00:48 - Generating Grand Unified Dashboard (Macro + Physics + 3D)...
17:00:55 - Chromium init'ed with kwargs {}
17:00:55 - Found chromium path: /home/andrew/miniconda3/envs/tf_noavx/lib/python3.9/site-packages/choreographer/cli/browser_exe/chrome-linux64/chrome
17:00:55 - Temp directory created: /tmp/tmphfscp48_.
17:00:55 - Opening browser.
17:00:55 - Temp directory created: /tmp/tmp2mg7i5oi.
17:00:55 - Temporary directory at: /tmp/tmp2mg7i5oi
17:00:59 - Closing browser.
17:00:59 - Closing browser.
17:00:59 - TemporaryDirectory.cleanup() worked.
17:00:59 - shutil.rmtree worked.
17:00:59 - TemporaryDirectory.cleanup() worked.
17:00:59 - shutil.rmtree worked.
17:00:59 - TemporaryDirectory.cleanup() worked.
17:00:59 - shutil.rmtree worked.
17:00:59 - Chromium init'ed with kwargs {}
17:00:59 - Found chromium path: /home/andrew/miniconda3/envs/tf_noavx/lib/python3.9/site-packages/choreographer/cli/browser_exe/chrome-linux64/chrome
17:00:59 - Temp directory created: /tmp/tmpmrncnd8p.
17:00:59 - Opening browser.
17:00:59 - Temp directory created: /tmp/tmpdsfkw0lb.
17:00:59 - Temporary directory at: /tmp/tmpdsfkw0lb
17:01:03 - Closing browser.
17:01:03 - Closing browser.
17:01:03 - TemporaryDirectory.cleanup() worked.
17:01:03 - shutil.rmtree worked.
17:01:03 - TemporaryDirectory.cleanup() worked.
17:01:03 - shutil.rmtree worked.
17:01:03 - TemporaryDirectory.cleanup() worked.
17:01:03 - shutil.rmtree worked.
17:01:03 - Chromium init'ed with kwargs {}
17:01:03 - Found chromium path: /home/andrew/miniconda3/envs/tf_noavx/lib/python3.9/site-packages/choreographer/cli/browser_exe/chrome-linux64/chrome
17:01:03 - Temp directory created: /tmp/tmpm22d_jzv.
17:01:03 - Opening browser.
17:01:03 - Temp directory created: /tmp/tmpo24ea_fw.
17:01:03 - Temporary directory at: /tmp/tmpo24ea_fw
17:01:08 - Closing browser.
17:01:08 - Closing browser.
17:01:08 - TemporaryDirectory.cleanup() worked.
17:01:08 - shutil.rmtree worked.
17:01:08 - TemporaryDirectory.cleanup() worked.
17:01:08 - shutil.rmtree worked.
17:01:08 - TemporaryDirectory.cleanup() worked.
17:01:08 - shutil.rmtree worked.
17:01:08 - ✅ Saved high-res static PNGs for Substack export.
17:01:08 - Saved AQI_Unified.html and standalone AQI_3d_physics_model.html
17:01:08 - Generating Two-Tiered Substack Briefing (Free vs Paid)...
17:01:33 - ✅ Substack Draft generated: /home/andrew/.ssh/Trading/AQI_Genesis/Substack_Draft_20260422.md
17:01:33 - 💾 Pushing live data matrix to SaaS Database (Streamlit backend)...
17:01:33 - TemporaryDirectory.cleanup() worked.
17:01:33 - shutil.rmtree worked.
17:01:33 - TemporaryDirectory.cleanup() worked.
17:01:33 - shutil.rmtree worked.
17:01:33 - TemporaryDirectory.cleanup() worked.
17:01:33 - shutil.rmtree worked.
17:01:33 - ✅ SaaS Database updated. The AQI Genesis Streamlit Terminal is now live.
17:01:56 - ✅ Briefing Sent Successfully.
