17:00:08 - --- Starting Grand Unified Data Ingestion ---
17:00:08 - Fetching Physics Engine Inputs (Job Losers, Income, Hours)...
17:00:20 - Fetching US Core Macro...
17:00:26 - ❌ FRED API Failed (None). Attempting to load from local cache...
17:00:26 - ♻️ Loading data from local cache.
17:00:26 - Initializing Continuous Cole Pulse Physics Engine...
17:00:26 - Running Multivariate LSTM Forecast (CPU Execution)...
17:00:27 - Loaded cached LSTM weights.
17:00:29 - Generating Grand Unified Dashboard (Macro + Physics + 3D)...
17:00:36 - Chromium init'ed with kwargs {}
17:00:36 - Found chromium path: /home/andrew/miniconda3/envs/tf_noavx/lib/python3.9/site-packages/choreographer/cli/browser_exe/chrome-linux64/chrome
17:00:36 - Temp directory created: /tmp/tmprb55hdrt.
17:00:36 - Opening browser.
17:00:36 - Temp directory created: /tmp/tmp84rae9cn.
17:00:36 - Temporary directory at: /tmp/tmp84rae9cn
17:00:39 - Closing browser.
17:00:39 - Closing browser.
17:00:39 - TemporaryDirectory.cleanup() worked.
17:00:39 - shutil.rmtree worked.
17:00:40 - TemporaryDirectory.cleanup() worked.
17:00:40 - shutil.rmtree worked.
17:00:40 - TemporaryDirectory.cleanup() worked.
17:00:40 - shutil.rmtree worked.
17:00:40 - Chromium init'ed with kwargs {}
17:00:40 - Found chromium path: /home/andrew/miniconda3/envs/tf_noavx/lib/python3.9/site-packages/choreographer/cli/browser_exe/chrome-linux64/chrome
17:00:40 - Temp directory created: /tmp/tmpqf9k3qob.
17:00:40 - Opening browser.
17:00:40 - Temp directory created: /tmp/tmpkm0xhnmc.
17:00:40 - Temporary directory at: /tmp/tmpkm0xhnmc
17:00:44 - Closing browser.
17:00:44 - Closing browser.
17:00:44 - TemporaryDirectory.cleanup() worked.
17:00:44 - shutil.rmtree worked.
17:00:44 - TemporaryDirectory.cleanup() worked.
17:00:44 - shutil.rmtree worked.
17:00:44 - TemporaryDirectory.cleanup() worked.
17:00:44 - shutil.rmtree worked.
17:00:44 - Chromium init'ed with kwargs {}
17:00:44 - Found chromium path: /home/andrew/miniconda3/envs/tf_noavx/lib/python3.9/site-packages/choreographer/cli/browser_exe/chrome-linux64/chrome
17:00:44 - Temp directory created: /tmp/tmpaj30vqsu.
17:00:44 - Opening browser.
17:00:44 - Temp directory created: /tmp/tmpai4awg8_.
17:00:44 - Temporary directory at: /tmp/tmpai4awg8_
17:00:48 - Closing browser.
17:00:48 - Closing browser.
17:00:48 - TemporaryDirectory.cleanup() worked.
17:00:48 - shutil.rmtree worked.
17:00:48 - TemporaryDirectory.cleanup() worked.
17:00:48 - shutil.rmtree worked.
17:00:48 - TemporaryDirectory.cleanup() worked.
17:00:48 - shutil.rmtree worked.
17:00:48 - ✅ Saved high-res static PNGs for Substack export.
17:00:48 - Saved AQI_Unified.html and standalone AQI_3d_physics_model.html
17:00:48 - Generating Two-Tiered Substack Briefing (Free vs Paid)...
17:01:17 - ✅ Substack Draft generated: /home/andrew/.ssh/Trading/AQI_Genesis/Substack_Draft_20260511.md
17:01:17 - 💾 Pushing live data matrix to SaaS Database (Streamlit backend)...
17:01:17 - TemporaryDirectory.cleanup() worked.
17:01:17 - shutil.rmtree worked.
17:01:17 - TemporaryDirectory.cleanup() worked.
17:01:17 - shutil.rmtree worked.
17:01:17 - TemporaryDirectory.cleanup() worked.
17:01:17 - shutil.rmtree worked.
17:01:17 - ✅ SaaS Database updated. The AQI Genesis Streamlit Terminal is now live.
17:01:39 - ✅ Briefing Sent Successfully.
