17:00:10 - --- Starting Grand Unified Data Ingestion ---
17:00:10 - Fetching Physics Engine Inputs (Job Losers, Income, Hours)...
17:00:25 - Fetching US Core Macro...
17:00:50 - Fetching Global Policy Inputs...
17:01:12 - Fetching Market Internals...
17:01:34 - 💾 Saved fresh data to local cache.
17:01:34 - Initializing Continuous Cole Pulse Physics Engine...
17:01:34 - Running Multivariate LSTM Forecast (CPU Execution)...
17:01:35 - Loaded cached LSTM weights.
17:01:36 - Generating Grand Unified Dashboard (Macro + Physics + 3D)...
17:01:43 - Chromium init'ed with kwargs {}
17:01:43 - Found chromium path: /home/andrew/miniconda3/envs/tf_noavx/lib/python3.9/site-packages/choreographer/cli/browser_exe/chrome-linux64/chrome
17:01:43 - Temp directory created: /tmp/tmpd1l8p4ig.
17:01:43 - Opening browser.
17:01:43 - Temp directory created: /tmp/tmpbwzgq3_e.
17:01:43 - Temporary directory at: /tmp/tmpbwzgq3_e
17:01:47 - Closing browser.
17:01:47 - Closing browser.
17:01:47 - TemporaryDirectory.cleanup() worked.
17:01:47 - shutil.rmtree worked.
17:01:47 - TemporaryDirectory.cleanup() worked.
17:01:47 - shutil.rmtree worked.
17:01:47 - TemporaryDirectory.cleanup() worked.
17:01:47 - shutil.rmtree worked.
17:01:47 - Chromium init'ed with kwargs {}
17:01:47 - Found chromium path: /home/andrew/miniconda3/envs/tf_noavx/lib/python3.9/site-packages/choreographer/cli/browser_exe/chrome-linux64/chrome
17:01:47 - Temp directory created: /tmp/tmp11zekb3n.
17:01:47 - Opening browser.
17:01:47 - Temp directory created: /tmp/tmpxgwm8zvw.
17:01:47 - Temporary directory at: /tmp/tmpxgwm8zvw
17:01:51 - Closing browser.
17:01:51 - Closing browser.
17:01:51 - TemporaryDirectory.cleanup() worked.
17:01:51 - shutil.rmtree worked.
17:01:51 - TemporaryDirectory.cleanup() worked.
17:01:51 - shutil.rmtree worked.
17:01:51 - TemporaryDirectory.cleanup() worked.
17:01:51 - shutil.rmtree worked.
17:01:51 - Chromium init'ed with kwargs {}
17:01:51 - Found chromium path: /home/andrew/miniconda3/envs/tf_noavx/lib/python3.9/site-packages/choreographer/cli/browser_exe/chrome-linux64/chrome
17:01:51 - Temp directory created: /tmp/tmppsf6rdvu.
17:01:51 - Opening browser.
17:01:51 - Temp directory created: /tmp/tmpkl0udsi0.
17:01:51 - Temporary directory at: /tmp/tmpkl0udsi0
17:01:55 - Closing browser.
17:01:55 - Closing browser.
17:01:55 - TemporaryDirectory.cleanup() worked.
17:01:55 - shutil.rmtree worked.
17:01:55 - TemporaryDirectory.cleanup() worked.
17:01:55 - shutil.rmtree worked.
17:01:55 - TemporaryDirectory.cleanup() worked.
17:01:55 - shutil.rmtree worked.
17:01:55 - ✅ Saved high-res static PNGs for Substack export.
17:01:55 - Saved AQI_Unified.html and standalone AQI_3d_physics_model.html
17:01:55 - Generating Two-Tiered Substack Briefing (Free vs Paid)...
17:02:21 - ✅ Substack Draft generated: /home/andrew/.ssh/Trading/AQI_Genesis/Substack_Draft_20260607.md
17:02:21 - 💾 Pushing live data matrix to SaaS Database (Streamlit backend)...
17:02:21 - ✅ SaaS Database updated. The AQI Genesis Streamlit Terminal is now live.
17:02:40 - ✅ Briefing Sent Successfully.
17:02:41 - TemporaryDirectory.cleanup() worked.
17:02:41 - shutil.rmtree worked.
17:02:41 - TemporaryDirectory.cleanup() worked.
17:02:41 - shutil.rmtree worked.
17:02:41 - TemporaryDirectory.cleanup() worked.
17:02:41 - shutil.rmtree worked.
