17:00:07 - --- Starting Grand Unified Data Ingestion ---
17:00:07 - Fetching Physics Engine Inputs (Job Losers, Income, Hours)...
17:00:16 - Fetching US Core Macro...
17:00:20 - ❌ FRED API Failed (Internal Server Error). Attempting to load from local cache...
17:00:20 - ♻️ Loading data from local cache.
17:00:20 - Initializing Continuous Cole Pulse Physics Engine...
17:00:20 - Running Multivariate LSTM Forecast (CPU Execution)...
17:00:21 - Loaded cached LSTM weights.
17:00:23 - Generating Grand Unified Dashboard (Macro + Physics + 3D)...
17:00:30 - Chromium init'ed with kwargs {}
17:00:30 - Found chromium path: /home/andrew/miniconda3/envs/tf_noavx/lib/python3.9/site-packages/choreographer/cli/browser_exe/chrome-linux64/chrome
17:00:30 - Temp directory created: /tmp/tmppoth8e8i.
17:00:30 - Opening browser.
17:00:30 - Temp directory created: /tmp/tmpjp6catwy.
17:00:30 - Temporary directory at: /tmp/tmpjp6catwy
17:00:33 - Closing browser.
17:00:33 - Closing browser.
17:00:33 - TemporaryDirectory.cleanup() worked.
17:00:33 - shutil.rmtree worked.
17:00:33 - TemporaryDirectory.cleanup() worked.
17:00:33 - shutil.rmtree worked.
17:00:33 - TemporaryDirectory.cleanup() worked.
17:00:33 - shutil.rmtree worked.
17:00:33 - Chromium init'ed with kwargs {}
17:00:33 - Found chromium path: /home/andrew/miniconda3/envs/tf_noavx/lib/python3.9/site-packages/choreographer/cli/browser_exe/chrome-linux64/chrome
17:00:33 - Temp directory created: /tmp/tmp9hegud5v.
17:00:33 - Opening browser.
17:00:33 - Temp directory created: /tmp/tmp5sjebu4f.
17:00:33 - Temporary directory at: /tmp/tmp5sjebu4f
17:00:37 - Closing browser.
17:00:37 - Closing browser.
17:00:37 - TemporaryDirectory.cleanup() worked.
17:00:37 - shutil.rmtree worked.
17:00:37 - TemporaryDirectory.cleanup() worked.
17:00:37 - shutil.rmtree worked.
17:00:37 - TemporaryDirectory.cleanup() worked.
17:00:37 - shutil.rmtree worked.
17:00:37 - Chromium init'ed with kwargs {}
17:00:37 - Found chromium path: /home/andrew/miniconda3/envs/tf_noavx/lib/python3.9/site-packages/choreographer/cli/browser_exe/chrome-linux64/chrome
17:00:37 - Temp directory created: /tmp/tmpy3feltld.
17:00:37 - Opening browser.
17:00:37 - Temp directory created: /tmp/tmp750r1x_l.
17:00:37 - Temporary directory at: /tmp/tmp750r1x_l
17:00:41 - Closing browser.
17:00:41 - Closing browser.
17:00:41 - TemporaryDirectory.cleanup() worked.
17:00:41 - shutil.rmtree worked.
17:00:42 - TemporaryDirectory.cleanup() worked.
17:00:42 - shutil.rmtree worked.
17:00:42 - TemporaryDirectory.cleanup() worked.
17:00:42 - shutil.rmtree worked.
17:00:42 - ✅ Saved high-res static PNGs for Substack export.
17:00:42 - Saved AQI_Unified.html and standalone AQI_3d_physics_model.html
17:00:42 - Generating Two-Tiered Substack Briefing (Free vs Paid)...
17:01:04 - ✅ Substack Draft generated: /home/andrew/.ssh/Trading/AQI_Genesis/Substack_Draft_20260406.md
17:01:04 - 💾 Pushing live data matrix to SaaS Database (Streamlit backend)...
17:01:04 - TemporaryDirectory.cleanup() worked.
17:01:04 - shutil.rmtree worked.
17:01:04 - TemporaryDirectory.cleanup() worked.
17:01:04 - shutil.rmtree worked.
17:01:04 - TemporaryDirectory.cleanup() worked.
17:01:04 - shutil.rmtree worked.
17:01:05 - ✅ SaaS Database updated. The AQI Genesis Streamlit Terminal is now live.
17:01:26 - ✅ Briefing Sent Successfully.
