17:00:10 - --- Starting Grand Unified Data Ingestion ---
17:00:10 - Fetching Physics Engine Inputs (Job Losers, Income, Hours)...
17:00:16 - Fetching US Core Macro...
17:00:26 - Fetching Global Policy Inputs...
17:00:50 - Fetching Market Internals...
17:01:11 - 💾 Saved fresh data to local cache.
17:01:11 - Initializing Continuous Cole Pulse Physics Engine...
17:01:11 - Running Multivariate LSTM Forecast (CPU Execution)...
17:01:12 - Loaded cached LSTM weights.
17:01:13 - Generating Grand Unified Dashboard (Macro + Physics + 3D)...
17:01:21 - Chromium init'ed with kwargs {}
17:01:21 - Found chromium path: /home/andrew/miniconda3/envs/tf_noavx/lib/python3.9/site-packages/choreographer/cli/browser_exe/chrome-linux64/chrome
17:01:21 - Temp directory created: /tmp/tmp5k8awl5c.
17:01:21 - Opening browser.
17:01:21 - Temp directory created: /tmp/tmpttsnlsz8.
17:01:21 - Temporary directory at: /tmp/tmpttsnlsz8
17:01:25 - Closing browser.
17:01:25 - Closing browser.
17:01:25 - TemporaryDirectory.cleanup() worked.
17:01:25 - shutil.rmtree worked.
17:01:25 - TemporaryDirectory.cleanup() worked.
17:01:25 - shutil.rmtree worked.
17:01:25 - TemporaryDirectory.cleanup() worked.
17:01:25 - shutil.rmtree worked.
17:01:25 - Chromium init'ed with kwargs {}
17:01:25 - Found chromium path: /home/andrew/miniconda3/envs/tf_noavx/lib/python3.9/site-packages/choreographer/cli/browser_exe/chrome-linux64/chrome
17:01:25 - Temp directory created: /tmp/tmpy7q0phw3.
17:01:25 - Opening browser.
17:01:25 - Temp directory created: /tmp/tmpdqa6p41v.
17:01:25 - Temporary directory at: /tmp/tmpdqa6p41v
17:01:29 - Closing browser.
17:01:29 - Closing browser.
17:01:29 - TemporaryDirectory.cleanup() worked.
17:01:29 - shutil.rmtree worked.
17:01:29 - TemporaryDirectory.cleanup() worked.
17:01:29 - shutil.rmtree worked.
17:01:29 - TemporaryDirectory.cleanup() worked.
17:01:29 - shutil.rmtree worked.
17:01:29 - Chromium init'ed with kwargs {}
17:01:29 - Found chromium path: /home/andrew/miniconda3/envs/tf_noavx/lib/python3.9/site-packages/choreographer/cli/browser_exe/chrome-linux64/chrome
17:01:29 - Temp directory created: /tmp/tmpxs4yx18l.
17:01:29 - Opening browser.
17:01:29 - Temp directory created: /tmp/tmppeglfavz.
17:01:29 - Temporary directory at: /tmp/tmppeglfavz
17:01:33 - Closing browser.
17:01:33 - Closing browser.
17:01:33 - TemporaryDirectory.cleanup() worked.
17:01:33 - shutil.rmtree worked.
17:01:33 - TemporaryDirectory.cleanup() worked.
17:01:33 - shutil.rmtree worked.
17:01:33 - TemporaryDirectory.cleanup() worked.
17:01:33 - shutil.rmtree worked.
17:01:33 - ✅ Saved high-res static PNGs for Substack export.
17:01:33 - Saved AQI_Unified.html and standalone AQI_3d_physics_model.html
17:01:33 - Generating Two-Tiered Substack Briefing (Free vs Paid)...
17:02:11 - ✅ Substack Draft generated: /home/andrew/.ssh/Trading/AQI_Genesis/Substack_Draft_20260530.md
17:02:11 - 💾 Pushing live data matrix to SaaS Database (Streamlit backend)...
17:02:11 - ✅ SaaS Database updated. The AQI Genesis Streamlit Terminal is now live.
17:02:31 - ✅ Briefing Sent Successfully.
17:02:31 - TemporaryDirectory.cleanup() worked.
17:02:31 - shutil.rmtree worked.
17:02:31 - TemporaryDirectory.cleanup() worked.
17:02:31 - shutil.rmtree worked.
17:02:31 - TemporaryDirectory.cleanup() worked.
17:02:31 - shutil.rmtree worked.
