17:00:12 - --- Starting Grand Unified Data Ingestion ---
17:00:12 - Fetching Physics Engine Inputs (Job Losers, Income, Hours)...
17:00:15 - Fetching US Core Macro...
17:00:37 - Fetching Global Policy Inputs...
17:00:40 - ❌ FRED API Failed (None). Attempting to load from local cache...
17:00:40 - ♻️ Loading data from local cache.
17:00:40 - Initializing Continuous Cole Pulse Physics Engine...
17:00:40 - Running Multivariate LSTM Forecast (CPU Execution)...
17:00:40 - Loaded cached LSTM weights.
17:00:42 - Generating Grand Unified Dashboard (Macro + Physics + 3D)...
17:00:49 - Chromium init'ed with kwargs {}
17:00:49 - Found chromium path: /home/andrew/miniconda3/envs/tf_noavx/lib/python3.9/site-packages/choreographer/cli/browser_exe/chrome-linux64/chrome
17:00:49 - Temp directory created: /tmp/tmp9w7rtbao.
17:00:49 - Opening browser.
17:00:49 - Temp directory created: /tmp/tmpweoa2nk1.
17:00:49 - Temporary directory at: /tmp/tmpweoa2nk1
17:00:54 - Closing browser.
17:00:54 - Closing browser.
17:00:54 - TemporaryDirectory.cleanup() worked.
17:00:54 - shutil.rmtree worked.
17:00:54 - TemporaryDirectory.cleanup() worked.
17:00:54 - shutil.rmtree worked.
17:00:54 - TemporaryDirectory.cleanup() worked.
17:00:54 - shutil.rmtree worked.
17:00:54 - Chromium init'ed with kwargs {}
17:00:54 - Found chromium path: /home/andrew/miniconda3/envs/tf_noavx/lib/python3.9/site-packages/choreographer/cli/browser_exe/chrome-linux64/chrome
17:00:54 - Temp directory created: /tmp/tmp_p77xzx2.
17:00:54 - Opening browser.
17:00:54 - Temp directory created: /tmp/tmpre8coqlb.
17:00:54 - Temporary directory at: /tmp/tmpre8coqlb
17:00:58 - Closing browser.
17:00:58 - Closing browser.
17:00:58 - TemporaryDirectory.cleanup() worked.
17:00:58 - shutil.rmtree worked.
17:00:58 - TemporaryDirectory.cleanup() worked.
17:00:58 - shutil.rmtree worked.
17:00:58 - TemporaryDirectory.cleanup() worked.
17:00:58 - shutil.rmtree worked.
17:00:58 - Chromium init'ed with kwargs {}
17:00:58 - Found chromium path: /home/andrew/miniconda3/envs/tf_noavx/lib/python3.9/site-packages/choreographer/cli/browser_exe/chrome-linux64/chrome
17:00:58 - Temp directory created: /tmp/tmpe02p2wa7.
17:00:58 - Opening browser.
17:00:58 - Temp directory created: /tmp/tmpa1h066jv.
17:00:59 - Temporary directory at: /tmp/tmpa1h066jv
17:01:02 - Closing browser.
17:01:02 - Closing browser.
17:01:02 - TemporaryDirectory.cleanup() worked.
17:01:02 - shutil.rmtree worked.
17:01:03 - TemporaryDirectory.cleanup() worked.
17:01:03 - shutil.rmtree worked.
17:01:03 - TemporaryDirectory.cleanup() worked.
17:01:03 - shutil.rmtree worked.
17:01:03 - ✅ Saved high-res static PNGs for Substack export.
17:01:03 - Saved AQI_Unified.html and standalone AQI_3d_physics_model.html
17:01:03 - Generating Two-Tiered Substack Briefing (Free vs Paid)...
17:01:29 - ✅ Substack Draft generated: /home/andrew/.ssh/Trading/AQI_Genesis/Substack_Draft_20260528.md
17:01:29 - 💾 Pushing live data matrix to SaaS Database (Streamlit backend)...
17:01:29 - TemporaryDirectory.cleanup() worked.
17:01:29 - shutil.rmtree worked.
17:01:29 - TemporaryDirectory.cleanup() worked.
17:01:29 - shutil.rmtree worked.
17:01:29 - TemporaryDirectory.cleanup() worked.
17:01:29 - shutil.rmtree worked.
17:01:29 - ✅ SaaS Database updated. The AQI Genesis Streamlit Terminal is now live.
17:01:50 - ✅ Briefing Sent Successfully.
