17:00:09 - --- Starting Grand Unified Data Ingestion ---
17:00:09 - Fetching Physics Engine Inputs (Job Losers, Income, Hours)...
17:00:17 - Fetching US Core Macro...
17:00:29 - ❌ FRED API Failed (Internal Server Error). Attempting to load from local cache...
17:00:29 - ♻️ Loading data from local cache.
17:00:29 - Initializing Continuous Cole Pulse Physics Engine...
17:00:30 - Running Multivariate LSTM Forecast (CPU Execution)...
17:00:30 - Loaded cached LSTM weights.
17:00:33 - Generating Grand Unified Dashboard (Macro + Physics + 3D)...
17:00:40 - Chromium init'ed with kwargs {}
17:00:40 - Found chromium path: /home/andrew/miniconda3/envs/tf_noavx/lib/python3.9/site-packages/choreographer/cli/browser_exe/chrome-linux64/chrome
17:00:40 - Temp directory created: /tmp/tmpcwmmfvhz.
17:00:40 - Opening browser.
17:00:40 - Temp directory created: /tmp/tmpv3dt9ill.
17:00:40 - Temporary directory at: /tmp/tmpv3dt9ill
17:00:45 - Closing browser.
17:00:45 - Closing browser.
17:00:45 - TemporaryDirectory.cleanup() worked.
17:00:45 - shutil.rmtree worked.
17:00:45 - TemporaryDirectory.cleanup() worked.
17:00:45 - shutil.rmtree worked.
17:00:45 - TemporaryDirectory.cleanup() worked.
17:00:45 - shutil.rmtree worked.
17:00:45 - Chromium init'ed with kwargs {}
17:00:45 - Found chromium path: /home/andrew/miniconda3/envs/tf_noavx/lib/python3.9/site-packages/choreographer/cli/browser_exe/chrome-linux64/chrome
17:00:45 - Temp directory created: /tmp/tmpl5gvo8uy.
17:00:45 - Opening browser.
17:00:45 - Temp directory created: /tmp/tmp1gvuy69f.
17:00:45 - Temporary directory at: /tmp/tmp1gvuy69f
17:00:50 - Closing browser.
17:00:50 - Closing browser.
17:00:50 - TemporaryDirectory.cleanup() worked.
17:00:50 - shutil.rmtree worked.
17:00:50 - TemporaryDirectory.cleanup() worked.
17:00:50 - shutil.rmtree worked.
17:00:50 - TemporaryDirectory.cleanup() worked.
17:00:50 - shutil.rmtree worked.
17:00:50 - Chromium init'ed with kwargs {}
17:00:50 - Found chromium path: /home/andrew/miniconda3/envs/tf_noavx/lib/python3.9/site-packages/choreographer/cli/browser_exe/chrome-linux64/chrome
17:00:50 - Temp directory created: /tmp/tmp22flih1l.
17:00:50 - Opening browser.
17:00:50 - Temp directory created: /tmp/tmpt41iujqp.
17:00:50 - Temporary directory at: /tmp/tmpt41iujqp
17:00:54 - Closing browser.
17:00:54 - Closing browser.
17:00:54 - TemporaryDirectory.cleanup() worked.
17:00:54 - shutil.rmtree worked.
17:00:54 - TemporaryDirectory.cleanup() worked.
17:00:54 - shutil.rmtree worked.
17:00:54 - TemporaryDirectory.cleanup() worked.
17:00:54 - shutil.rmtree worked.
17:00:54 - ✅ Saved high-res static PNGs for Substack export.
17:00:54 - Saved AQI_Unified.html and standalone AQI_3d_physics_model.html
17:00:54 - Generating Two-Tiered Substack Briefing (Free vs Paid)...
17:00:54 - TemporaryDirectory.cleanup() worked.
17:00:54 - shutil.rmtree worked.
17:00:54 - TemporaryDirectory.cleanup() worked.
17:00:54 - shutil.rmtree worked.
17:00:54 - TemporaryDirectory.cleanup() worked.
17:00:54 - shutil.rmtree worked.
17:01:17 - ✅ Substack Draft generated: /home/andrew/.ssh/Trading/AQI_Genesis/Substack_Draft_20260510.md
17:01:17 - 💾 Pushing live data matrix to SaaS Database (Streamlit backend)...
17:01:17 - ✅ SaaS Database updated. The AQI Genesis Streamlit Terminal is now live.
17:01:36 - ✅ Briefing Sent Successfully.
