[main 70d3352] Automated terminal & DB sync: 20260331_110001
 5 files changed, 160 insertions(+)
 create mode 100644 Logs/aqigenesis_briefing_20260331_110001.log
 create mode 100644 Logs/aqigenesisdashboard_briefing_20260331_110001.log
 create mode 100644 Logs/cron_master.log
 create mode 100644 Logs/runner_20260331_110001.log
[main 570063c] Automated terminal & DB sync: 20260401_110001
 7 files changed, 171 insertions(+)
 create mode 100644 Logs/aqigenesis_briefing_20260401_110001.log
 create mode 100644 Logs/aqigenesisdashboard_briefing_20260401_110001.log
 create mode 100644 Logs/git_push_20260331_110001.log
 create mode 100644 Logs/runner_20260401_110001.log
[main 023067e] Automated terminal & DB sync: 20260402_110001
 7 files changed, 170 insertions(+)
 create mode 100644 Logs/aqigenesis_briefing_20260402_110001.log
 create mode 100644 Logs/aqigenesisdashboard_briefing_20260402_110001.log
 create mode 100644 Logs/git_push_20260401_110001.log
 create mode 100644 Logs/runner_20260402_110001.log
[main 849d7d9] Automated terminal & DB sync: 20260403_110001
 7 files changed, 171 insertions(+)
 create mode 100644 Logs/aqigenesis_briefing_20260403_110001.log
 create mode 100644 Logs/aqigenesisdashboard_briefing_20260403_110001.log
 create mode 100644 Logs/git_push_20260402_110001.log
 create mode 100644 Logs/runner_20260403_110001.log
[main fb39a99] Automated terminal & DB sync: 20260404_100001
 7 files changed, 171 insertions(+)
 create mode 100644 Logs/aqigenesis_briefing_20260404_100001.log
 create mode 100644 Logs/aqigenesisdashboard_briefing_20260404_100001.log
 create mode 100644 Logs/git_push_20260403_110001.log
 create mode 100644 Logs/runner_20260404_100001.log
[main e671fac] Automated terminal & DB sync: 20260404_170001
 7 files changed, 172 insertions(+)
 create mode 100644 Logs/aqigenesis_briefing_20260404_170001.log
 create mode 100644 Logs/aqigenesisdashboard_briefing_20260404_170001.log
 create mode 100644 Logs/git_push_20260404_100001.log
 create mode 100644 Logs/runner_20260404_170001.log
[main 6906e0c] Automated terminal & DB sync: 20260405_170001
 7 files changed, 83 insertions(+), 14 deletions(-)
 create mode 100644 Logs/aqigenesis_briefing_20260405_170001.log
 create mode 100644 Logs/git_push_20260404_170001.log
 create mode 100644 Logs/runner_20260405_170001.log
[main 3e13eca] Automated terminal & DB sync: 20260406_170001
 6 files changed, 76 insertions(+)
 create mode 100644 Logs/aqigenesis_briefing_20260406_170001.log
 create mode 100644 Logs/git_push_20260405_170001.log
 create mode 100644 Logs/runner_20260406_170001.log
[main 038851f] Automated terminal & DB sync: 20260407_170001
 6 files changed, 77 insertions(+)
 create mode 100644 Logs/aqigenesis_briefing_20260407_170001.log
 create mode 100644 Logs/git_push_20260406_170001.log
 create mode 100644 Logs/runner_20260407_170001.log
[main eaf05c4] Automated terminal & DB sync: 20260408_170001
 6 files changed, 75 insertions(+)
 create mode 100644 Logs/aqigenesis_briefing_20260408_170001.log
 create mode 100644 Logs/git_push_20260407_170001.log
 create mode 100644 Logs/runner_20260408_170001.log
[main 4a92f06] Automated terminal & DB sync: 20260409_170001
 6 files changed, 76 insertions(+)
 create mode 100644 Logs/aqigenesis_briefing_20260409_170001.log
 create mode 100644 Logs/git_push_20260408_170001.log
 create mode 100644 Logs/runner_20260409_170001.log
[main 54bcb1e] Automated terminal & DB sync: 20260410_170001
 6 files changed, 77 insertions(+)
 create mode 100644 Logs/aqigenesis_briefing_20260410_170001.log
 create mode 100644 Logs/git_push_20260409_170001.log
 create mode 100644 Logs/runner_20260410_170001.log
[main 68be69d] Automated terminal & DB sync: 20260411_170001
 6 files changed, 77 insertions(+)
 create mode 100644 Logs/aqigenesis_briefing_20260411_170001.log
 create mode 100644 Logs/git_push_20260410_170001.log
 create mode 100644 Logs/runner_20260411_170001.log
[main 7d0d91c] Automated terminal & DB sync: 20260412_170001
 6 files changed, 76 insertions(+)
 create mode 100644 Logs/aqigenesis_briefing_20260412_170001.log
 create mode 100644 Logs/git_push_20260411_170001.log
 create mode 100644 Logs/runner_20260412_170001.log
[main 34fb30c] Automated terminal & DB sync: 20260413_170002
 6 files changed, 76 insertions(+)
 create mode 100644 Logs/aqigenesis_briefing_20260413_170002.log
 create mode 100644 Logs/git_push_20260412_170001.log
 create mode 100644 Logs/runner_20260413_170002.log
[main bdf0acf] Automated terminal & DB sync: 20260414_170001
 6 files changed, 75 insertions(+)
 create mode 100644 Logs/aqigenesis_briefing_20260414_170001.log
 create mode 100644 Logs/git_push_20260413_170002.log
 create mode 100644 Logs/runner_20260414_170001.log
[main 8a4dfc7] Automated terminal & DB sync: 20260415_170001
 6 files changed, 76 insertions(+)
 create mode 100644 Logs/aqigenesis_briefing_20260415_170001.log
 create mode 100644 Logs/git_push_20260414_170001.log
 create mode 100644 Logs/runner_20260415_170001.log
[main 4032e99] Automated terminal & DB sync: 20260416_170001
 6 files changed, 76 insertions(+)
 create mode 100644 Logs/aqigenesis_briefing_20260416_170001.log
 create mode 100644 Logs/git_push_20260415_170001.log
 create mode 100644 Logs/runner_20260416_170001.log
[main c14f487] Automated terminal & DB sync: 20260417_170001
 6 files changed, 76 insertions(+)
 create mode 100644 Logs/aqigenesis_briefing_20260417_170001.log
 create mode 100644 Logs/git_push_20260416_170001.log
 create mode 100644 Logs/runner_20260417_170001.log
[main b8ec3da] Automated terminal & DB sync: 20260418_170001
 6 files changed, 77 insertions(+)
 create mode 100644 Logs/aqigenesis_briefing_20260418_170001.log
 create mode 100644 Logs/git_push_20260417_170001.log
 create mode 100644 Logs/runner_20260418_170001.log
[main 6ef8f65] Automated terminal & DB sync: 20260419_170001
 6 files changed, 77 insertions(+)
 create mode 100644 Logs/aqigenesis_briefing_20260419_170001.log
 create mode 100644 Logs/git_push_20260418_170001.log
 create mode 100644 Logs/runner_20260419_170001.log
[main 8824d7a] Automated terminal & DB sync: 20260420_170001
 6 files changed, 76 insertions(+)
 create mode 100644 Logs/aqigenesis_briefing_20260420_170001.log
 create mode 100644 Logs/git_push_20260419_170001.log
 create mode 100644 Logs/runner_20260420_170001.log
[main 44f9436] Automated terminal & DB sync: 20260421_170001
 6 files changed, 75 insertions(+)
 create mode 100644 Logs/aqigenesis_briefing_20260421_170001.log
 create mode 100644 Logs/git_push_20260420_170001.log
 create mode 100644 Logs/runner_20260421_170001.log
[main 4ec5b99] Automated terminal & DB sync: 20260422_170001
 6 files changed, 77 insertions(+)
 create mode 100644 Logs/aqigenesis_briefing_20260422_170001.log
 create mode 100644 Logs/git_push_20260421_170001.log
 create mode 100644 Logs/runner_20260422_170001.log
[main dcbc0a3] Automated terminal & DB sync: 20260423_170001
 6 files changed, 76 insertions(+)
 create mode 100644 Logs/aqigenesis_briefing_20260423_170001.log
 create mode 100644 Logs/git_push_20260422_170001.log
 create mode 100644 Logs/runner_20260423_170001.log
[main 401f3e1] Automated terminal & DB sync: 20260424_170001
 6 files changed, 76 insertions(+)
 create mode 100644 Logs/aqigenesis_briefing_20260424_170001.log
 create mode 100644 Logs/git_push_20260423_170001.log
 create mode 100644 Logs/runner_20260424_170001.log
[main a6c5428] Automated terminal & DB sync: 20260425_170001
 6 files changed, 76 insertions(+)
 create mode 100644 Logs/aqigenesis_briefing_20260425_170001.log
 create mode 100644 Logs/git_push_20260424_170001.log
 create mode 100644 Logs/runner_20260425_170001.log
[main e720049] Automated terminal & DB sync: 20260426_170001
 6 files changed, 77 insertions(+)
 create mode 100644 Logs/aqigenesis_briefing_20260426_170001.log
 create mode 100644 Logs/git_push_20260425_170001.log
 create mode 100644 Logs/runner_20260426_170001.log
[main d827613] Automated terminal & DB sync: 20260427_170001
 6 files changed, 76 insertions(+)
 create mode 100644 Logs/aqigenesis_briefing_20260427_170001.log
 create mode 100644 Logs/git_push_20260426_170001.log
 create mode 100644 Logs/runner_20260427_170001.log
[main c11e8ef] Automated terminal & DB sync: 20260428_170001
 6 files changed, 75 insertions(+)
 create mode 100644 Logs/aqigenesis_briefing_20260428_170001.log
 create mode 100644 Logs/git_push_20260427_170001.log
 create mode 100644 Logs/runner_20260428_170001.log
[main defb51b] Automated terminal & DB sync: 20260429_170001
 6 files changed, 75 insertions(+)
 create mode 100644 Logs/aqigenesis_briefing_20260429_170001.log
 create mode 100644 Logs/git_push_20260428_170001.log
 create mode 100644 Logs/runner_20260429_170001.log
[main 05b3689] Automated terminal & DB sync: 20260430_170001
 6 files changed, 77 insertions(+)
 create mode 100644 Logs/aqigenesis_briefing_20260430_170001.log
 create mode 100644 Logs/git_push_20260429_170001.log
 create mode 100644 Logs/runner_20260430_170001.log
[main e696caa] Automated terminal & DB sync: 20260501_170001
 6 files changed, 75 insertions(+)
 create mode 100644 Logs/aqigenesis_briefing_20260501_170001.log
 create mode 100644 Logs/git_push_20260430_170001.log
 create mode 100644 Logs/runner_20260501_170001.log
[main 8eaeb39] Automated terminal & DB sync: 20260502_170001
 6 files changed, 76 insertions(+)
 create mode 100644 Logs/aqigenesis_briefing_20260502_170001.log
 create mode 100644 Logs/git_push_20260501_170001.log
 create mode 100644 Logs/runner_20260502_170001.log
[main 49ef15b] Automated terminal & DB sync: 20260503_170001
 6 files changed, 76 insertions(+)
 create mode 100644 Logs/aqigenesis_briefing_20260503_170001.log
 create mode 100644 Logs/git_push_20260502_170001.log
 create mode 100644 Logs/runner_20260503_170001.log
[main b99d6de] Automated terminal & DB sync: 20260504_170001
 6 files changed, 76 insertions(+)
 create mode 100644 Logs/aqigenesis_briefing_20260504_170001.log
 create mode 100644 Logs/git_push_20260503_170001.log
 create mode 100644 Logs/runner_20260504_170001.log
[main 0f8e6b6] Automated terminal & DB sync: 20260505_170001
 6 files changed, 75 insertions(+)
 create mode 100644 Logs/aqigenesis_briefing_20260505_170001.log
 create mode 100644 Logs/git_push_20260504_170001.log
 create mode 100644 Logs/runner_20260505_170001.log
[main b945d26] Automated terminal & DB sync: 20260506_170001
 6 files changed, 76 insertions(+)
 create mode 100644 Logs/aqigenesis_briefing_20260506_170001.log
 create mode 100644 Logs/git_push_20260505_170001.log
 create mode 100644 Logs/runner_20260506_170001.log
[main 1db8595] Automated terminal & DB sync: 20260507_170001
 6 files changed, 75 insertions(+)
 create mode 100644 Logs/aqigenesis_briefing_20260507_170001.log
 create mode 100644 Logs/git_push_20260506_170001.log
 create mode 100644 Logs/runner_20260507_170001.log
[main 654d2f3] Automated terminal & DB sync: 20260508_170001
 6 files changed, 76 insertions(+)
 create mode 100644 Logs/aqigenesis_briefing_20260508_170001.log
 create mode 100644 Logs/git_push_20260507_170001.log
 create mode 100644 Logs/runner_20260508_170001.log
[main 75c65c6] Automated terminal & DB sync: 20260509_170001
 6 files changed, 75 insertions(+)
 create mode 100644 Logs/aqigenesis_briefing_20260509_170001.log
 create mode 100644 Logs/git_push_20260508_170001.log
 create mode 100644 Logs/runner_20260509_170001.log
[main 9baed63] Automated terminal & DB sync: 20260510_170001
 6 files changed, 76 insertions(+)
 create mode 100644 Logs/aqigenesis_briefing_20260510_170001.log
 create mode 100644 Logs/git_push_20260509_170001.log
 create mode 100644 Logs/runner_20260510_170001.log
[main d7e366c] Automated terminal & DB sync: 20260511_170001
 6 files changed, 76 insertions(+)
 create mode 100644 Logs/aqigenesis_briefing_20260511_170001.log
 create mode 100644 Logs/git_push_20260510_170001.log
 create mode 100644 Logs/runner_20260511_170001.log
[main c8013db] Automated terminal & DB sync: 20260512_170001
 6 files changed, 76 insertions(+)
 create mode 100644 Logs/aqigenesis_briefing_20260512_170001.log
 create mode 100644 Logs/git_push_20260511_170001.log
 create mode 100644 Logs/runner_20260512_170001.log
[main b92593d] Automated terminal & DB sync: 20260513_170001
 6 files changed, 75 insertions(+)
 create mode 100644 Logs/aqigenesis_briefing_20260513_170001.log
 create mode 100644 Logs/git_push_20260512_170001.log
 create mode 100644 Logs/runner_20260513_170001.log
[main c1015f8] Automated terminal & DB sync: 20260514_170001
 6 files changed, 76 insertions(+)
 create mode 100644 Logs/aqigenesis_briefing_20260514_170001.log
 create mode 100644 Logs/git_push_20260513_170001.log
 create mode 100644 Logs/runner_20260514_170001.log
[main a2528f1] Automated terminal & DB sync: 20260515_170001
 6 files changed, 76 insertions(+)
 create mode 100644 Logs/aqigenesis_briefing_20260515_170001.log
 create mode 100644 Logs/git_push_20260514_170001.log
 create mode 100644 Logs/runner_20260515_170001.log
[main e5c6569] Automated terminal & DB sync: 20260516_170001
 6 files changed, 78 insertions(+)
 create mode 100644 Logs/aqigenesis_briefing_20260516_170001.log
 create mode 100644 Logs/git_push_20260515_170001.log
 create mode 100644 Logs/runner_20260516_170001.log
[main b66112a] Automated terminal & DB sync: 20260517_170001
 6 files changed, 77 insertions(+)
 create mode 100644 Logs/aqigenesis_briefing_20260517_170001.log
 create mode 100644 Logs/git_push_20260516_170001.log
 create mode 100644 Logs/runner_20260517_170001.log
[main 316aa6b] Automated terminal & DB sync: 20260518_170001
 6 files changed, 77 insertions(+)
 create mode 100644 Logs/aqigenesis_briefing_20260518_170001.log
 create mode 100644 Logs/git_push_20260517_170001.log
 create mode 100644 Logs/runner_20260518_170001.log
[main 0b4bb2e] Automated terminal & DB sync: 20260519_170001
 6 files changed, 77 insertions(+)
 create mode 100644 Logs/aqigenesis_briefing_20260519_170001.log
 create mode 100644 Logs/git_push_20260518_170001.log
 create mode 100644 Logs/runner_20260519_170001.log
[main 293c7fb] Automated terminal & DB sync: 20260520_170001
 6 files changed, 77 insertions(+)
 create mode 100644 Logs/aqigenesis_briefing_20260520_170001.log
 create mode 100644 Logs/git_push_20260519_170001.log
 create mode 100644 Logs/runner_20260520_170001.log
[main 0491c3a] Automated terminal & DB sync: 20260521_170001
 6 files changed, 76 insertions(+)
 create mode 100644 Logs/aqigenesis_briefing_20260521_170001.log
 create mode 100644 Logs/git_push_20260520_170001.log
 create mode 100644 Logs/runner_20260521_170001.log
[main 998902b] Automated terminal & DB sync: 20260522_170001
 6 files changed, 77 insertions(+)
 create mode 100644 Logs/aqigenesis_briefing_20260522_170001.log
 create mode 100644 Logs/git_push_20260521_170001.log
 create mode 100644 Logs/runner_20260522_170001.log
[main 12eab02] Automated terminal & DB sync: 20260523_170001
 6 files changed, 77 insertions(+)
 create mode 100644 Logs/aqigenesis_briefing_20260523_170001.log
 create mode 100644 Logs/git_push_20260522_170001.log
 create mode 100644 Logs/runner_20260523_170001.log
